[33m00:00:33.457[0;39m [AsyncResolver-bootstrap-executor-0] [34mINFO [0;39m [36mc.n.d.s.r.aws.ConfigClusterResolver[0;39m - [32mResolving eureka endpoints via configuration
[0;39m[33m00:05:35.314[0;39m [AsyncResolver-bootstrap-executor-0] [34mINFO [0;39m [36mc.n.d.s.r.aws.ConfigClusterResolver[0;39m - [32mResolving eureka endpoints via configuration
[0;39m[33m00:10:35.361[0;39m [AsyncResolver-bootstrap-executor-0] [34mINFO [0;39m [36mc.n.d.s.r.aws.ConfigClusterResolver[0;39m - [32mResolving eureka endpoints via configuration
[0;39m[33m00:15:35.462[0;39m [AsyncResolver-bootstrap-executor-0] [34mINFO [0;39m [36mc.n.d.s.r.aws.ConfigClusterResolver[0;39m - [32mResolving eureka endpoints via configuration
[0;39m[33m00:20:35.470[0;39m [AsyncResolver-bootstrap-executor-0] [34mINFO [0;39m [36mc.n.d.s.r.aws.ConfigClusterResolver[0;39m - [32mResolving eureka endpoints via configuration
[0;39m[33m00:25:35.472[0;39m [AsyncResolver-bootstrap-executor-0] [34mINFO [0;39m [36mc.n.d.s.r.aws.ConfigClusterResolver[0;39m - [32mResolving eureka endpoints via configuration
[0;39m[33m00:30:35.576[0;39m [AsyncResolver-bootstrap-executor-0] [34mINFO [0;39m [36mc.n.d.s.r.aws.ConfigClusterResolver[0;39m - [32mResolving eureka endpoints via configuration
[0;39m[33m00:31:27.430[0;39m [DiscoveryClient-HeartbeatExecutor-0] [34mINFO [0;39m [36mc.n.d.s.t.d.RedirectingEurekaHttpClient[0;39m - [32mRequest execution error. endpoint=DefaultEndpoint{ serviceUrl='http://localhost:8761/eureka/} exception=I/O error on PUT request for "http://localhost:8761/eureka/apps/RATING-SERVICE/LAPTOP-F31M9K39:rating-service:5002": Connection refused: connect; nested exception is java.net.ConnectException: Connection refused: connect stacktrace=org.springframework.web.client.ResourceAccessException: I/O error on PUT request for "http://localhost:8761/eureka/apps/RATING-SERVICE/LAPTOP-F31M9K39:rating-service:5002": Connection refused: connect; nested exception is java.net.ConnectException: Connection refused: connect
	at org.springframework.web.client.RestTemplate.doExecute(RestTemplate.java:785)
	at org.springframework.web.client.RestTemplate.execute(RestTemplate.java:711)
	at org.springframework.web.client.RestTemplate.exchange(RestTemplate.java:602)
	at org.springframework.cloud.netflix.eureka.http.RestTemplateEurekaHttpClient.sendHeartBeat(RestTemplateEurekaHttpClient.java:99)
	at com.netflix.discovery.shared.transport.decorator.EurekaHttpClientDecorator$3.execute(EurekaHttpClientDecorator.java:92)
	at com.netflix.discovery.shared.transport.decorator.RedirectingEurekaHttpClient.execute(RedirectingEurekaHttpClient.java:91)
	at com.netflix.discovery.shared.transport.decorator.EurekaHttpClientDecorator.sendHeartBeat(EurekaHttpClientDecorator.java:89)
	at com.netflix.discovery.shared.transport.decorator.EurekaHttpClientDecorator$3.execute(EurekaHttpClientDecorator.java:92)
	at com.netflix.discovery.shared.transport.decorator.RetryableEurekaHttpClient.execute(RetryableEurekaHttpClient.java:120)
	at com.netflix.discovery.shared.transport.decorator.EurekaHttpClientDecorator.sendHeartBeat(EurekaHttpClientDecorator.java:89)
	at com.netflix.discovery.shared.transport.decorator.EurekaHttpClientDecorator$3.execute(EurekaHttpClientDecorator.java:92)
	at com.netflix.discovery.shared.transport.decorator.SessionedEurekaHttpClient.execute(SessionedEurekaHttpClient.java:77)
	at com.netflix.discovery.shared.transport.decorator.EurekaHttpClientDecorator.sendHeartBeat(EurekaHttpClientDecorator.java:89)
	at com.netflix.discovery.DiscoveryClient.renew(DiscoveryClient.java:893)
	at com.netflix.discovery.DiscoveryClient$HeartbeatThread.run(DiscoveryClient.java:1461)
	at java.util.concurrent.Executors$RunnableAdapter.call(Executors.java:511)
	at java.util.concurrent.FutureTask.run(FutureTask.java:266)
	at java.util.concurrent.ThreadPoolExecutor.runWorker(ThreadPoolExecutor.java:1149)
	at java.util.concurrent.ThreadPoolExecutor$Worker.run(ThreadPoolExecutor.java:624)
	at java.lang.Thread.run(Thread.java:748)
Caused by: java.net.ConnectException: Connection refused: connect
	at java.net.DualStackPlainSocketImpl.connect0(Native Method)
	at java.net.DualStackPlainSocketImpl.socketConnect(DualStackPlainSocketImpl.java:75)
	at java.net.AbstractPlainSocketImpl.doConnect(AbstractPlainSocketImpl.java:476)
	at java.net.AbstractPlainSocketImpl.connectToAddress(AbstractPlainSocketImpl.java:218)
	at java.net.AbstractPlainSocketImpl.connect(AbstractPlainSocketImpl.java:200)
	at java.net.PlainSocketImpl.connect(PlainSocketImpl.java:162)
	at java.net.SocksSocketImpl.connect(SocksSocketImpl.java:394)
	at java.net.Socket.connect(Socket.java:606)
	at java.net.Socket.connect(Socket.java:555)
	at sun.net.NetworkClient.doConnect(NetworkClient.java:180)
	at sun.net.www.http.HttpClient.openServer(HttpClient.java:463)
	at sun.net.www.http.HttpClient.openServer(HttpClient.java:558)
	at sun.net.www.http.HttpClient.<init>(HttpClient.java:242)
	at sun.net.www.http.HttpClient.New(HttpClient.java:339)
	at sun.net.www.http.HttpClient.New(HttpClient.java:371)
	at sun.net.www.protocol.http.HttpURLConnection.setNewClient(HttpURLConnection.java:776)
	at sun.net.www.protocol.http.HttpURLConnection.setNewClient(HttpURLConnection.java:764)
	at sun.net.www.protocol.http.HttpURLConnection.writeRequests(HttpURLConnection.java:706)
	at sun.net.www.protocol.http.HttpURLConnection.getOutputStream0(HttpURLConnection.java:1350)
	at sun.net.www.protocol.http.HttpURLConnection.getOutputStream(HttpURLConnection.java:1315)
	at org.springframework.http.client.SimpleBufferingClientHttpRequest.executeInternal(SimpleBufferingClientHttpRequest.java:78)
	at org.springframework.http.client.AbstractBufferingClientHttpRequest.executeInternal(AbstractBufferingClientHttpRequest.java:48)
	at org.springframework.http.client.AbstractClientHttpRequest.execute(AbstractClientHttpRequest.java:66)
	at org.springframework.web.client.RestTemplate.doExecute(RestTemplate.java:776)
	... 19 more

[0;39m[33m00:31:27.660[0;39m [DiscoveryClient-CacheRefreshExecutor-0] [34mINFO [0;39m [36mc.n.d.s.t.d.RedirectingEurekaHttpClient[0;39m - [32mRequest execution error. endpoint=DefaultEndpoint{ serviceUrl='http://localhost:8761/eureka/} exception=I/O error on GET request for "http://localhost:8761/eureka/apps/delta": Connection refused: connect; nested exception is java.net.ConnectException: Connection refused: connect stacktrace=org.springframework.web.client.ResourceAccessException: I/O error on GET request for "http://localhost:8761/eureka/apps/delta": Connection refused: connect; nested exception is java.net.ConnectException: Connection refused: connect
	at org.springframework.web.client.RestTemplate.doExecute(RestTemplate.java:785)
	at org.springframework.web.client.RestTemplate.execute(RestTemplate.java:711)
	at org.springframework.web.client.RestTemplate.exchange(RestTemplate.java:602)
	at org.springframework.cloud.netflix.eureka.http.RestTemplateEurekaHttpClient.getApplicationsInternal(RestTemplateEurekaHttpClient.java:145)
	at org.springframework.cloud.netflix.eureka.http.RestTemplateEurekaHttpClient.getDelta(RestTemplateEurekaHttpClient.java:155)
	at com.netflix.discovery.shared.transport.decorator.EurekaHttpClientDecorator$7.execute(EurekaHttpClientDecorator.java:152)
	at com.netflix.discovery.shared.transport.decorator.RedirectingEurekaHttpClient.execute(RedirectingEurekaHttpClient.java:91)
	at com.netflix.discovery.shared.transport.decorator.EurekaHttpClientDecorator.getDelta(EurekaHttpClientDecorator.java:149)
	at com.netflix.discovery.shared.transport.decorator.EurekaHttpClientDecorator$7.execute(EurekaHttpClientDecorator.java:152)
	at com.netflix.discovery.shared.transport.decorator.RetryableEurekaHttpClient.execute(RetryableEurekaHttpClient.java:120)
	at com.netflix.discovery.shared.transport.decorator.EurekaHttpClientDecorator.getDelta(EurekaHttpClientDecorator.java:149)
	at com.netflix.discovery.shared.transport.decorator.EurekaHttpClientDecorator$7.execute(EurekaHttpClientDecorator.java:152)
	at com.netflix.discovery.shared.transport.decorator.SessionedEurekaHttpClient.execute(SessionedEurekaHttpClient.java:77)
	at com.netflix.discovery.shared.transport.decorator.EurekaHttpClientDecorator.getDelta(EurekaHttpClientDecorator.java:149)
	at com.netflix.discovery.DiscoveryClient.getAndUpdateDelta(DiscoveryClient.java:1135)
	at com.netflix.discovery.DiscoveryClient.fetchRegistry(DiscoveryClient.java:1016)
	at com.netflix.discovery.DiscoveryClient.refreshRegistry(DiscoveryClient.java:1535)
	at com.netflix.discovery.DiscoveryClient$CacheRefreshThread.run(DiscoveryClient.java:1502)
	at java.util.concurrent.Executors$RunnableAdapter.call(Executors.java:511)
	at java.util.concurrent.FutureTask.run(FutureTask.java:266)
	at java.util.concurrent.ThreadPoolExecutor.runWorker(ThreadPoolExecutor.java:1149)
	at java.util.concurrent.ThreadPoolExecutor$Worker.run(ThreadPoolExecutor.java:624)
	at java.lang.Thread.run(Thread.java:748)
Caused by: java.net.ConnectException: Connection refused: connect
	at java.net.DualStackPlainSocketImpl.connect0(Native Method)
	at java.net.DualStackPlainSocketImpl.socketConnect(DualStackPlainSocketImpl.java:75)
	at java.net.AbstractPlainSocketImpl.doConnect(AbstractPlainSocketImpl.java:476)
	at java.net.AbstractPlainSocketImpl.connectToAddress(AbstractPlainSocketImpl.java:218)
	at java.net.AbstractPlainSocketImpl.connect(AbstractPlainSocketImpl.java:200)
	at java.net.PlainSocketImpl.connect(PlainSocketImpl.java:162)
	at java.net.SocksSocketImpl.connect(SocksSocketImpl.java:394)
	at java.net.Socket.connect(Socket.java:606)
	at java.net.Socket.connect(Socket.java:555)
	at sun.net.NetworkClient.doConnect(NetworkClient.java:180)
	at sun.net.www.http.HttpClient.openServer(HttpClient.java:463)
	at sun.net.www.http.HttpClient.openServer(HttpClient.java:558)
	at sun.net.www.http.HttpClient.<init>(HttpClient.java:242)
	at sun.net.www.http.HttpClient.New(HttpClient.java:339)
	at sun.net.www.http.HttpClient.New(HttpClient.java:357)
	at sun.net.www.protocol.http.HttpURLConnection.getNewHttpClient(HttpURLConnection.java:1226)
	at sun.net.www.protocol.http.HttpURLConnection.plainConnect0(HttpURLConnection.java:1162)
	at sun.net.www.protocol.http.HttpURLConnection.plainConnect(HttpURLConnection.java:1056)
	at sun.net.www.protocol.http.HttpURLConnection.connect(HttpURLConnection.java:990)
	at org.springframework.http.client.SimpleBufferingClientHttpRequest.executeInternal(SimpleBufferingClientHttpRequest.java:76)
	at org.springframework.http.client.AbstractBufferingClientHttpRequest.executeInternal(AbstractBufferingClientHttpRequest.java:48)
	at org.springframework.http.client.AbstractClientHttpRequest.execute(AbstractClientHttpRequest.java:66)
	at org.springframework.web.client.RestTemplate.doExecute(RestTemplate.java:776)
	... 22 more

[0;39m[33m00:31:27.729[0;39m [DiscoveryClient-HeartbeatExecutor-0] [31mWARN [0;39m [36mc.n.d.s.t.d.RetryableEurekaHttpClient[0;39m - [32mRequest execution failed with message: I/O error on PUT request for "http://localhost:8761/eureka/apps/RATING-SERVICE/LAPTOP-F31M9K39:rating-service:5002": Connection refused: connect; nested exception is java.net.ConnectException: Connection refused: connect
[0;39m[33m00:31:27.729[0;39m [DiscoveryClient-CacheRefreshExecutor-0] [31mWARN [0;39m [36mc.n.d.s.t.d.RetryableEurekaHttpClient[0;39m - [32mRequest execution failed with message: I/O error on GET request for "http://localhost:8761/eureka/apps/delta": Connection refused: connect; nested exception is java.net.ConnectException: Connection refused: connect
[0;39m[33m00:31:30.438[0;39m [DiscoveryClient-HeartbeatExecutor-0] [34mINFO [0;39m [36mc.n.d.s.t.d.RedirectingEurekaHttpClient[0;39m - [32mRequest execution error. endpoint=DefaultEndpoint{ serviceUrl='http://localhost:8761/eureka/}, exception=I/O error on PUT request for "http://localhost:8761/eureka/apps/RATING-SERVICE/LAPTOP-F31M9K39:rating-service:5002": Connection refused: connect; nested exception is java.net.ConnectException: Connection refused: connect stacktrace=org.springframework.web.client.ResourceAccessException: I/O error on PUT request for "http://localhost:8761/eureka/apps/RATING-SERVICE/LAPTOP-F31M9K39:rating-service:5002": Connection refused: connect; nested exception is java.net.ConnectException: Connection refused: connect
	at org.springframework.web.client.RestTemplate.doExecute(RestTemplate.java:785)
	at org.springframework.web.client.RestTemplate.execute(RestTemplate.java:711)
	at org.springframework.web.client.RestTemplate.exchange(RestTemplate.java:602)
	at org.springframework.cloud.netflix.eureka.http.RestTemplateEurekaHttpClient.sendHeartBeat(RestTemplateEurekaHttpClient.java:99)
	at com.netflix.discovery.shared.transport.decorator.EurekaHttpClientDecorator$3.execute(EurekaHttpClientDecorator.java:92)
	at com.netflix.discovery.shared.transport.decorator.RedirectingEurekaHttpClient.executeOnNewServer(RedirectingEurekaHttpClient.java:121)
	at com.netflix.discovery.shared.transport.decorator.RedirectingEurekaHttpClient.execute(RedirectingEurekaHttpClient.java:80)
	at com.netflix.discovery.shared.transport.decorator.EurekaHttpClientDecorator.sendHeartBeat(EurekaHttpClientDecorator.java:89)
	at com.netflix.discovery.shared.transport.decorator.EurekaHttpClientDecorator$3.execute(EurekaHttpClientDecorator.java:92)
	at com.netflix.discovery.shared.transport.decorator.RetryableEurekaHttpClient.execute(RetryableEurekaHttpClient.java:120)
	at com.netflix.discovery.shared.transport.decorator.EurekaHttpClientDecorator.sendHeartBeat(EurekaHttpClientDecorator.java:89)
	at com.netflix.discovery.shared.transport.decorator.EurekaHttpClientDecorator$3.execute(EurekaHttpClientDecorator.java:92)
	at com.netflix.discovery.shared.transport.decorator.SessionedEurekaHttpClient.execute(SessionedEurekaHttpClient.java:77)
	at com.netflix.discovery.shared.transport.decorator.EurekaHttpClientDecorator.sendHeartBeat(EurekaHttpClientDecorator.java:89)
	at com.netflix.discovery.DiscoveryClient.renew(DiscoveryClient.java:893)
	at com.netflix.discovery.DiscoveryClient$HeartbeatThread.run(DiscoveryClient.java:1461)
	at java.util.concurrent.Executors$RunnableAdapter.call(Executors.java:511)
	at java.util.concurrent.FutureTask.run(FutureTask.java:266)
	at java.util.concurrent.ThreadPoolExecutor.runWorker(ThreadPoolExecutor.java:1149)
	at java.util.concurrent.ThreadPoolExecutor$Worker.run(ThreadPoolExecutor.java:624)
	at java.lang.Thread.run(Thread.java:748)
Caused by: java.net.ConnectException: Connection refused: connect
	at java.net.DualStackPlainSocketImpl.connect0(Native Method)
	at java.net.DualStackPlainSocketImpl.socketConnect(DualStackPlainSocketImpl.java:75)
	at java.net.AbstractPlainSocketImpl.doConnect(AbstractPlainSocketImpl.java:476)
	at java.net.AbstractPlainSocketImpl.connectToAddress(AbstractPlainSocketImpl.java:218)
	at java.net.AbstractPlainSocketImpl.connect(AbstractPlainSocketImpl.java:200)
	at java.net.PlainSocketImpl.connect(PlainSocketImpl.java:162)
	at java.net.SocksSocketImpl.connect(SocksSocketImpl.java:394)
	at java.net.Socket.connect(Socket.java:606)
	at java.net.Socket.connect(Socket.java:555)
	at sun.net.NetworkClient.doConnect(NetworkClient.java:180)
	at sun.net.www.http.HttpClient.openServer(HttpClient.java:463)
	at sun.net.www.http.HttpClient.openServer(HttpClient.java:558)
	at sun.net.www.http.HttpClient.<init>(HttpClient.java:242)
	at sun.net.www.http.HttpClient.New(HttpClient.java:339)
	at sun.net.www.http.HttpClient.New(HttpClient.java:357)
	at sun.net.www.protocol.http.HttpURLConnection.getNewHttpClient(HttpURLConnection.java:1226)
	at sun.net.www.protocol.http.HttpURLConnection.plainConnect0(HttpURLConnection.java:1162)
	at sun.net.www.protocol.http.HttpURLConnection.plainConnect(HttpURLConnection.java:1056)
	at sun.net.www.protocol.http.HttpURLConnection.connect(HttpURLConnection.java:990)
	at org.springframework.http.client.SimpleBufferingClientHttpRequest.executeInternal(SimpleBufferingClientHttpRequest.java:76)
	at org.springframework.http.client.AbstractBufferingClientHttpRequest.executeInternal(AbstractBufferingClientHttpRequest.java:48)
	at org.springframework.http.client.AbstractClientHttpRequest.execute(AbstractClientHttpRequest.java:66)
	at org.springframework.web.client.RestTemplate.doExecute(RestTemplate.java:776)
	... 20 more

[0;39m[33m00:31:30.813[0;39m [DiscoveryClient-CacheRefreshExecutor-0] [34mINFO [0;39m [36mc.n.d.s.t.d.RedirectingEurekaHttpClient[0;39m - [32mRequest execution error. endpoint=DefaultEndpoint{ serviceUrl='http://localhost:8761/eureka/}, exception=I/O error on GET request for "http://localhost:8761/eureka/apps/delta": Connection refused: connect; nested exception is java.net.ConnectException: Connection refused: connect stacktrace=org.springframework.web.client.ResourceAccessException: I/O error on GET request for "http://localhost:8761/eureka/apps/delta": Connection refused: connect; nested exception is java.net.ConnectException: Connection refused: connect
	at org.springframework.web.client.RestTemplate.doExecute(RestTemplate.java:785)
	at org.springframework.web.client.RestTemplate.execute(RestTemplate.java:711)
	at org.springframework.web.client.RestTemplate.exchange(RestTemplate.java:602)
	at org.springframework.cloud.netflix.eureka.http.RestTemplateEurekaHttpClient.getApplicationsInternal(RestTemplateEurekaHttpClient.java:145)
	at org.springframework.cloud.netflix.eureka.http.RestTemplateEurekaHttpClient.getDelta(RestTemplateEurekaHttpClient.java:155)
	at com.netflix.discovery.shared.transport.decorator.EurekaHttpClientDecorator$7.execute(EurekaHttpClientDecorator.java:152)
	at com.netflix.discovery.shared.transport.decorator.RedirectingEurekaHttpClient.executeOnNewServer(RedirectingEurekaHttpClient.java:121)
	at com.netflix.discovery.shared.transport.decorator.RedirectingEurekaHttpClient.execute(RedirectingEurekaHttpClient.java:80)
	at com.netflix.discovery.shared.transport.decorator.EurekaHttpClientDecorator.getDelta(EurekaHttpClientDecorator.java:149)
	at com.netflix.discovery.shared.transport.decorator.EurekaHttpClientDecorator$7.execute(EurekaHttpClientDecorator.java:152)
	at com.netflix.discovery.shared.transport.decorator.RetryableEurekaHttpClient.execute(RetryableEurekaHttpClient.java:120)
	at com.netflix.discovery.shared.transport.decorator.EurekaHttpClientDecorator.getDelta(EurekaHttpClientDecorator.java:149)
	at com.netflix.discovery.shared.transport.decorator.EurekaHttpClientDecorator$7.execute(EurekaHttpClientDecorator.java:152)
	at com.netflix.discovery.shared.transport.decorator.SessionedEurekaHttpClient.execute(SessionedEurekaHttpClient.java:77)
	at com.netflix.discovery.shared.transport.decorator.EurekaHttpClientDecorator.getDelta(EurekaHttpClientDecorator.java:149)
	at com.netflix.discovery.DiscoveryClient.getAndUpdateDelta(DiscoveryClient.java:1135)
	at com.netflix.discovery.DiscoveryClient.fetchRegistry(DiscoveryClient.java:1016)
	at com.netflix.discovery.DiscoveryClient.refreshRegistry(DiscoveryClient.java:1535)
	at com.netflix.discovery.DiscoveryClient$CacheRefreshThread.run(DiscoveryClient.java:1502)
	at java.util.concurrent.Executors$RunnableAdapter.call(Executors.java:511)
	at java.util.concurrent.FutureTask.run(FutureTask.java:266)
	at java.util.concurrent.ThreadPoolExecutor.runWorker(ThreadPoolExecutor.java:1149)
	at java.util.concurrent.ThreadPoolExecutor$Worker.run(ThreadPoolExecutor.java:624)
	at java.lang.Thread.run(Thread.java:748)
Caused by: java.net.ConnectException: Connection refused: connect
	at java.net.DualStackPlainSocketImpl.connect0(Native Method)
	at java.net.DualStackPlainSocketImpl.socketConnect(DualStackPlainSocketImpl.java:75)
	at java.net.AbstractPlainSocketImpl.doConnect(AbstractPlainSocketImpl.java:476)
	at java.net.AbstractPlainSocketImpl.connectToAddress(AbstractPlainSocketImpl.java:218)
	at java.net.AbstractPlainSocketImpl.connect(AbstractPlainSocketImpl.java:200)
	at java.net.PlainSocketImpl.connect(PlainSocketImpl.java:162)
	at java.net.SocksSocketImpl.connect(SocksSocketImpl.java:394)
	at java.net.Socket.connect(Socket.java:606)
	at java.net.Socket.connect(Socket.java:555)
	at sun.net.NetworkClient.doConnect(NetworkClient.java:180)
	at sun.net.www.http.HttpClient.openServer(HttpClient.java:463)
	at sun.net.www.http.HttpClient.openServer(HttpClient.java:558)
	at sun.net.www.http.HttpClient.<init>(HttpClient.java:242)
	at sun.net.www.http.HttpClient.New(HttpClient.java:339)
	at sun.net.www.http.HttpClient.New(HttpClient.java:357)
	at sun.net.www.protocol.http.HttpURLConnection.getNewHttpClient(HttpURLConnection.java:1226)
	at sun.net.www.protocol.http.HttpURLConnection.plainConnect0(HttpURLConnection.java:1162)
	at sun.net.www.protocol.http.HttpURLConnection.plainConnect(HttpURLConnection.java:1056)
	at sun.net.www.protocol.http.HttpURLConnection.connect(HttpURLConnection.java:990)
	at org.springframework.http.client.SimpleBufferingClientHttpRequest.executeInternal(SimpleBufferingClientHttpRequest.java:76)
	at org.springframework.http.client.AbstractBufferingClientHttpRequest.executeInternal(AbstractBufferingClientHttpRequest.java:48)
	at org.springframework.http.client.AbstractClientHttpRequest.execute(AbstractClientHttpRequest.java:66)
	at org.springframework.web.client.RestTemplate.doExecute(RestTemplate.java:776)
	... 23 more

[0;39m[33m00:31:30.889[0;39m [DiscoveryClient-HeartbeatExecutor-0] [31mWARN [0;39m [36mc.n.d.s.t.d.RetryableEurekaHttpClient[0;39m - [32mRequest execution failed with message: I/O error on PUT request for "http://localhost:8761/eureka/apps/RATING-SERVICE/LAPTOP-F31M9K39:rating-service:5002": Connection refused: connect; nested exception is java.net.ConnectException: Connection refused: connect
[0;39m[33m00:31:30.914[0;39m [DiscoveryClient-CacheRefreshExecutor-0] [31mWARN [0;39m [36mc.n.d.s.t.d.RetryableEurekaHttpClient[0;39m - [32mRequest execution failed with message: I/O error on GET request for "http://localhost:8761/eureka/apps/delta": Connection refused: connect; nested exception is java.net.ConnectException: Connection refused: connect
[0;39m[33m00:31:32.341[0;39m [DiscoveryClient-CacheRefreshExecutor-0] [34mINFO [0;39m [36mc.netflix.discovery.DiscoveryClient[0;39m - [32mDiscoveryClient_RATING-SERVICE/LAPTOP-F31M9K39:rating-service:5002 - was unable to refresh its cache! This periodic background refresh will be retried in 30 seconds. status = Cannot execute request on any known server stacktrace = com.netflix.discovery.shared.transport.TransportException: Cannot execute request on any known server
	at com.netflix.discovery.shared.transport.decorator.RetryableEurekaHttpClient.execute(RetryableEurekaHttpClient.java:112)
	at com.netflix.discovery.shared.transport.decorator.EurekaHttpClientDecorator.getDelta(EurekaHttpClientDecorator.java:149)
	at com.netflix.discovery.shared.transport.decorator.EurekaHttpClientDecorator$7.execute(EurekaHttpClientDecorator.java:152)
	at com.netflix.discovery.shared.transport.decorator.SessionedEurekaHttpClient.execute(SessionedEurekaHttpClient.java:77)
	at com.netflix.discovery.shared.transport.decorator.EurekaHttpClientDecorator.getDelta(EurekaHttpClientDecorator.java:149)
	at com.netflix.discovery.DiscoveryClient.getAndUpdateDelta(DiscoveryClient.java:1135)
	at com.netflix.discovery.DiscoveryClient.fetchRegistry(DiscoveryClient.java:1016)
	at com.netflix.discovery.DiscoveryClient.refreshRegistry(DiscoveryClient.java:1535)
	at com.netflix.discovery.DiscoveryClient$CacheRefreshThread.run(DiscoveryClient.java:1502)
	at java.util.concurrent.Executors$RunnableAdapter.call(Executors.java:511)
	at java.util.concurrent.FutureTask.run(FutureTask.java:266)
	at java.util.concurrent.ThreadPoolExecutor.runWorker(ThreadPoolExecutor.java:1149)
	at java.util.concurrent.ThreadPoolExecutor$Worker.run(ThreadPoolExecutor.java:624)
	at java.lang.Thread.run(Thread.java:748)

[0;39m[33m00:31:35.512[0;39m [DiscoveryClient-HeartbeatExecutor-0] [1;31mERROR[0;39m [36mc.netflix.discovery.DiscoveryClient[0;39m - [32mDiscoveryClient_RATING-SERVICE/LAPTOP-F31M9K39:rating-service:5002 - was unable to send heartbeat!
[0;39mcom.netflix.discovery.shared.transport.TransportException: Cannot execute request on any known server
	at com.netflix.discovery.shared.transport.decorator.RetryableEurekaHttpClient.execute(RetryableEurekaHttpClient.java:112)
	at com.netflix.discovery.shared.transport.decorator.EurekaHttpClientDecorator.sendHeartBeat(EurekaHttpClientDecorator.java:89)
	at com.netflix.discovery.shared.transport.decorator.EurekaHttpClientDecorator$3.execute(EurekaHttpClientDecorator.java:92)
	at com.netflix.discovery.shared.transport.decorator.SessionedEurekaHttpClient.execute(SessionedEurekaHttpClient.java:77)
	at com.netflix.discovery.shared.transport.decorator.EurekaHttpClientDecorator.sendHeartBeat(EurekaHttpClientDecorator.java:89)
	at com.netflix.discovery.DiscoveryClient.renew(DiscoveryClient.java:893)
	at com.netflix.discovery.DiscoveryClient$HeartbeatThread.run(DiscoveryClient.java:1461)
	at java.util.concurrent.Executors$RunnableAdapter.call(Executors.java:511)
	at java.util.concurrent.FutureTask.run(FutureTask.java:266)
	at java.util.concurrent.ThreadPoolExecutor.runWorker(ThreadPoolExecutor.java:1149)
	at java.util.concurrent.ThreadPoolExecutor$Worker.run(ThreadPoolExecutor.java:624)
	at java.lang.Thread.run(Thread.java:748)
[33m00:31:42.496[0;39m [SpringContextShutdownHook] [34mINFO [0;39m [36mo.s.c.n.e.s.EurekaServiceRegistry[0;39m - [32mUnregistering application RATING-SERVICE with eureka with status DOWN
[0;39m[33m00:31:42.581[0;39m [SpringContextShutdownHook] [1;31mERROR[0;39m [36mc.netflix.discovery.DiscoveryClient[0;39m - [32mSaw local status change event StatusChangeEvent [timestamp=1622314902497, current=DOWN, previous=UP]
[0;39m[33m00:31:42.842[0;39m [DiscoveryClient-InstanceInfoReplicator-0] [34mINFO [0;39m [36mc.netflix.discovery.DiscoveryClient[0;39m - [32mDiscoveryClient_RATING-SERVICE/LAPTOP-F31M9K39:rating-service:5002: registering service...
[0;39m[33m00:52:06.520[0;39m [main] [34mINFO [0;39m [36mr.RatingServiceApplication[0;39m - [32mStarting RatingServiceApplication using Java 1.8.0_291 on LAPTOP-F31M9K39 with PID 21384 (D:\Java Projects\movie-microservices\rating-service\target\classes started by lenono in D:\Java Projects\movie-microservices\rating-service)
[0;39m[33m00:52:06.535[0;39m [main] [34mINFO [0;39m [36mr.RatingServiceApplication[0;39m - [32mNo active profile set, falling back to default profiles: default
[0;39m[33m00:52:07.567[0;39m [main] [34mINFO [0;39m [36mo.s.d.r.c.RepositoryConfigurationDelegate[0;39m - [32mMultiple Spring Data modules found, entering strict repository configuration mode!
[0;39m[33m00:52:07.572[0;39m [main] [34mINFO [0;39m [36mo.s.d.r.c.RepositoryConfigurationDelegate[0;39m - [32mBootstrapping Spring Data JDBC repositories in DEFAULT mode.
[0;39m[33m00:52:07.883[0;39m [main] [34mINFO [0;39m [36mo.s.d.r.c.RepositoryConfigurationExtensionSupport[0;39m - [32mSpring Data JDBC - Could not safely identify store assignment for repository candidate interface ratingService.repositories.RatingRepository. If you want this repository to be a JDBC repository, consider annotating your entities with one of these annotations: org.springframework.data.relational.core.mapping.Table.
[0;39m[33m00:52:07.889[0;39m [main] [34mINFO [0;39m [36mo.s.d.r.c.RepositoryConfigurationDelegate[0;39m - [32mFinished Spring Data repository scanning in 311 ms. Found 0 JDBC repository interfaces.
[0;39m[33m00:52:07.918[0;39m [main] [34mINFO [0;39m [36mo.s.d.r.c.RepositoryConfigurationDelegate[0;39m - [32mMultiple Spring Data modules found, entering strict repository configuration mode!
[0;39m[33m00:52:07.937[0;39m [main] [34mINFO [0;39m [36mo.s.d.r.c.RepositoryConfigurationDelegate[0;39m - [32mBootstrapping Spring Data JPA repositories in DEFAULT mode.
[0;39m[33m00:52:08.179[0;39m [main] [34mINFO [0;39m [36mo.s.d.r.c.RepositoryConfigurationDelegate[0;39m - [32mFinished Spring Data repository scanning in 230 ms. Found 1 JPA repository interfaces.
[0;39m[33m00:52:09.585[0;39m [main] [34mINFO [0;39m [36mo.s.cloud.context.scope.GenericScope[0;39m - [32mBeanFactory id=068aecab-2f49-3c5c-8246-c36fa7ba4afe
[0;39m[33m00:52:13.018[0;39m [main] [34mINFO [0;39m [36mo.s.b.w.e.tomcat.TomcatWebServer[0;39m - [32mTomcat initialized with port(s): 5002 (http)
[0;39m[33m00:52:13.504[0;39m [main] [34mINFO [0;39m [36mo.a.catalina.core.StandardService[0;39m - [32mStarting service [Tomcat]
[0;39m[33m00:52:13.505[0;39m [main] [34mINFO [0;39m [36mo.a.catalina.core.StandardEngine[0;39m - [32mStarting Servlet engine: [Apache Tomcat/9.0.45]
[0;39m[33m00:52:14.096[0;39m [main] [34mINFO [0;39m [36mo.a.c.c.C.[Tomcat].[localhost].[/][0;39m - [32mInitializing Spring embedded WebApplicationContext
[0;39m[33m00:52:14.096[0;39m [main] [34mINFO [0;39m [36mo.s.b.w.s.c.ServletWebServerApplicationContext[0;39m - [32mRoot WebApplicationContext: initialization completed in 7512 ms
[0;39m[33m00:52:17.546[0;39m [main] [34mINFO [0;39m [36mo.h.jpa.internal.util.LogHelper[0;39m - [32mHHH000204: Processing PersistenceUnitInfo [name: default]
[0;39m[33m00:52:17.660[0;39m [main] [34mINFO [0;39m [36morg.hibernate.Version[0;39m - [32mHHH000412: Hibernate ORM core version 5.4.30.Final
[0;39m[33m00:52:18.840[0;39m [main] [34mINFO [0;39m [36mo.h.annotations.common.Version[0;39m - [32mHCANN000001: Hibernate Commons Annotations {5.1.2.Final}
[0;39m[33m00:52:19.929[0;39m [main] [34mINFO [0;39m [36mcom.zaxxer.hikari.HikariDataSource[0;39m - [32mHikariPool-1 - Starting...
[0;39m[33m00:52:40.715[0;39m [main] [34mINFO [0;39m [36mcom.zaxxer.hikari.HikariDataSource[0;39m - [32mHikariPool-1 - Start completed.
[0;39m[33m00:52:40.821[0;39m [main] [34mINFO [0;39m [36morg.hibernate.dialect.Dialect[0;39m - [32mHHH000400: Using dialect: org.hibernate.dialect.Oracle10gDialect
[0;39m[33m00:53:09.197[0;39m [main] [34mINFO [0;39m [36mo.h.e.t.j.p.i.JtaPlatformInitiator[0;39m - [32mHHH000490: Using JtaPlatform implementation: [org.hibernate.engine.transaction.jta.platform.internal.NoJtaPlatform]
[0;39m[33m00:53:09.216[0;39m [main] [34mINFO [0;39m [36mo.s.o.j.LocalContainerEntityManagerFactoryBean[0;39m - [32mInitialized JPA EntityManagerFactory for persistence unit 'default'
[0;39m[33m00:53:11.069[0;39m [main] [31mWARN [0;39m [36mo.s.b.a.o.j.JpaBaseConfiguration$JpaWebConfiguration[0;39m - [32mspring.jpa.open-in-view is enabled by default. Therefore, database queries may be performed during view rendering. Explicitly configure spring.jpa.open-in-view to disable this warning
[0;39m[33m00:53:11.354[0;39m [main] [34mINFO [0;39m [36mo.s.s.c.ThreadPoolTaskExecutor[0;39m - [32mInitializing ExecutorService 'applicationTaskExecutor'
[0;39m[33m00:53:13.708[0;39m [main] [34mINFO [0;39m [36mo.s.c.n.e.c.DiscoveryClientOptionalArgsConfiguration[0;39m - [32mEureka HTTP Client uses RestTemplate.
[0;39m[33m00:53:14.642[0;39m [main] [31mWARN [0;39m [36mo.s.c.l.c.LoadBalancerCacheAutoConfiguration$LoadBalancerCaffeineWarnLogger[0;39m - [32mSpring Cloud LoadBalancer is currently working with the default cache. You can switch to using Caffeine cache, by adding it to the classpath.
[0;39m[33m00:53:14.707[0;39m [main] [34mINFO [0;39m [36mo.s.c.n.eureka.InstanceInfoFactory[0;39m - [32mSetting initial instance status as: STARTING
[0;39m[33m00:53:15.100[0;39m [main] [34mINFO [0;39m [36mc.netflix.discovery.DiscoveryClient[0;39m - [32mInitializing Eureka in region us-east-1
[0;39m[33m00:53:15.107[0;39m [main] [34mINFO [0;39m [36mc.n.d.s.r.aws.ConfigClusterResolver[0;39m - [32mResolving eureka endpoints via configuration
[0;39m[33m00:53:16.047[0;39m [main] [34mINFO [0;39m [36mc.netflix.discovery.DiscoveryClient[0;39m - [32mDisable delta property : false
[0;39m[33m00:53:16.048[0;39m [main] [34mINFO [0;39m [36mc.netflix.discovery.DiscoveryClient[0;39m - [32mSingle vip registry refresh property : null
[0;39m[33m00:53:16.048[0;39m [main] [34mINFO [0;39m [36mc.netflix.discovery.DiscoveryClient[0;39m - [32mForce full registry fetch : false
[0;39m[33m00:53:16.048[0;39m [main] [34mINFO [0;39m [36mc.netflix.discovery.DiscoveryClient[0;39m - [32mApplication is null : false
[0;39m[33m00:53:16.049[0;39m [main] [34mINFO [0;39m [36mc.netflix.discovery.DiscoveryClient[0;39m - [32mRegistered Applications size is zero : true
[0;39m[33m00:53:16.608[0;39m [main] [34mINFO [0;39m [36mc.netflix.discovery.DiscoveryClient[0;39m - [32mApplication version is -1: true
[0;39m[33m00:53:16.609[0;39m [main] [34mINFO [0;39m [36mc.netflix.discovery.DiscoveryClient[0;39m - [32mGetting all instance registry info from the eureka server
[0;39m[33m00:53:22.260[0;39m [main] [34mINFO [0;39m [36mc.netflix.discovery.DiscoveryClient[0;39m - [32mThe response status is 200
[0;39m[33m00:53:22.263[0;39m [main] [34mINFO [0;39m [36mc.netflix.discovery.DiscoveryClient[0;39m - [32mStarting heartbeat executor: renew interval is: 30
[0;39m[33m00:53:22.266[0;39m [main] [34mINFO [0;39m [36mc.n.discovery.InstanceInfoReplicator[0;39m - [32mInstanceInfoReplicator onDemand update allowed rate per min is 4
[0;39m[33m00:53:22.473[0;39m [main] [34mINFO [0;39m [36mc.netflix.discovery.DiscoveryClient[0;39m - [32mDiscovery Client initialized at timestamp 1622316202275 with initial instances count: 1
[0;39m[33m00:53:22.476[0;39m [main] [34mINFO [0;39m [36mo.s.c.n.e.s.EurekaServiceRegistry[0;39m - [32mRegistering application RATING-SERVICE with eureka with status UP
[0;39m[33m00:53:22.477[0;39m [main] [34mINFO [0;39m [36mc.netflix.discovery.DiscoveryClient[0;39m - [32mSaw local status change event StatusChangeEvent [timestamp=1622316202477, current=UP, previous=STARTING]
[0;39m[33m00:53:22.479[0;39m [DiscoveryClient-InstanceInfoReplicator-0] [34mINFO [0;39m [36mc.netflix.discovery.DiscoveryClient[0;39m - [32mDiscoveryClient_RATING-SERVICE/localhost:RATING-SERVICE:5002: registering service...
[0;39m[33m00:53:22.504[0;39m [main] [34mINFO [0;39m [36mo.s.b.w.e.tomcat.TomcatWebServer[0;39m - [32mTomcat started on port(s): 5002 (http) with context path ''
[0;39m[33m00:53:22.506[0;39m [main] [34mINFO [0;39m [36mo.s.c.n.e.s.EurekaAutoServiceRegistration[0;39m - [32mUpdating port to 5002
[0;39m[33m00:53:23.225[0;39m [main] [34mINFO [0;39m [36mr.RatingServiceApplication[0;39m - [32mStarted RatingServiceApplication in 80.043 seconds (JVM running for 80.519)
[0;39m[33m00:53:34.739[0;39m [DiscoveryClient-InstanceInfoReplicator-0] [34mINFO [0;39m [36mc.netflix.discovery.DiscoveryClient[0;39m - [32mDiscoveryClient_RATING-SERVICE/localhost:RATING-SERVICE:5002 - registration status: 204
[0;39m[33m00:56:16.208[0;39m [SpringContextShutdownHook] [34mINFO [0;39m [36mo.s.c.n.e.s.EurekaServiceRegistry[0;39m - [32mUnregistering application RATING-SERVICE with eureka with status DOWN
[0;39m[33m00:59:26.269[0;39m [main] [34mINFO [0;39m [36mr.RatingServiceApplication[0;39m - [32mStarting RatingServiceApplication using Java 1.8.0_291 on LAPTOP-F31M9K39 with PID 21016 (D:\Java Projects\movie-microservices\rating-service\target\classes started by lenono in D:\Java Projects\movie-microservices\rating-service)
[0;39m[33m00:59:26.280[0;39m [main] [34mINFO [0;39m [36mr.RatingServiceApplication[0;39m - [32mNo active profile set, falling back to default profiles: default
[0;39m[33m00:59:28.313[0;39m [main] [34mINFO [0;39m [36mo.s.d.r.c.RepositoryConfigurationDelegate[0;39m - [32mMultiple Spring Data modules found, entering strict repository configuration mode!
[0;39m[33m00:59:28.316[0;39m [main] [34mINFO [0;39m [36mo.s.d.r.c.RepositoryConfigurationDelegate[0;39m - [32mBootstrapping Spring Data JDBC repositories in DEFAULT mode.
[0;39m[33m00:59:28.474[0;39m [main] [34mINFO [0;39m [36mo.s.d.r.c.RepositoryConfigurationExtensionSupport[0;39m - [32mSpring Data JDBC - Could not safely identify store assignment for repository candidate interface ratingService.repositories.RatingRepository. If you want this repository to be a JDBC repository, consider annotating your entities with one of these annotations: org.springframework.data.relational.core.mapping.Table.
[0;39m[33m00:59:28.475[0;39m [main] [34mINFO [0;39m [36mo.s.d.r.c.RepositoryConfigurationDelegate[0;39m - [32mFinished Spring Data repository scanning in 153 ms. Found 0 JDBC repository interfaces.
[0;39m[33m00:59:28.489[0;39m [main] [34mINFO [0;39m [36mo.s.d.r.c.RepositoryConfigurationDelegate[0;39m - [32mMultiple Spring Data modules found, entering strict repository configuration mode!
[0;39m[33m00:59:28.491[0;39m [main] [34mINFO [0;39m [36mo.s.d.r.c.RepositoryConfigurationDelegate[0;39m - [32mBootstrapping Spring Data JPA repositories in DEFAULT mode.
[0;39m[33m00:59:28.708[0;39m [main] [34mINFO [0;39m [36mo.s.d.r.c.RepositoryConfigurationDelegate[0;39m - [32mFinished Spring Data repository scanning in 209 ms. Found 1 JPA repository interfaces.
[0;39m[33m00:59:29.030[0;39m [main] [34mINFO [0;39m [36mo.s.cloud.context.scope.GenericScope[0;39m - [32mBeanFactory id=068aecab-2f49-3c5c-8246-c36fa7ba4afe
[0;39m[33m00:59:30.334[0;39m [main] [34mINFO [0;39m [36mo.s.b.w.e.tomcat.TomcatWebServer[0;39m - [32mTomcat initialized with port(s): 5002 (http)
[0;39m[33m00:59:30.353[0;39m [main] [34mINFO [0;39m [36mo.a.catalina.core.StandardService[0;39m - [32mStarting service [Tomcat]
[0;39m[33m00:59:30.354[0;39m [main] [34mINFO [0;39m [36mo.a.catalina.core.StandardEngine[0;39m - [32mStarting Servlet engine: [Apache Tomcat/9.0.45]
[0;39m[33m00:59:30.619[0;39m [main] [34mINFO [0;39m [36mo.a.c.c.C.[Tomcat].[localhost].[/][0;39m - [32mInitializing Spring embedded WebApplicationContext
[0;39m[33m00:59:30.619[0;39m [main] [34mINFO [0;39m [36mo.s.b.w.s.c.ServletWebServerApplicationContext[0;39m - [32mRoot WebApplicationContext: initialization completed in 4115 ms
[0;39m[33m00:59:31.375[0;39m [main] [34mINFO [0;39m [36mo.h.jpa.internal.util.LogHelper[0;39m - [32mHHH000204: Processing PersistenceUnitInfo [name: default]
[0;39m[33m00:59:31.517[0;39m [main] [34mINFO [0;39m [36morg.hibernate.Version[0;39m - [32mHHH000412: Hibernate ORM core version 5.4.30.Final
[0;39m[33m00:59:31.888[0;39m [main] [34mINFO [0;39m [36mo.h.annotations.common.Version[0;39m - [32mHCANN000001: Hibernate Commons Annotations {5.1.2.Final}
[0;39m[33m00:59:32.840[0;39m [main] [34mINFO [0;39m [36mcom.zaxxer.hikari.HikariDataSource[0;39m - [32mHikariPool-1 - Starting...
[0;39m[33m00:59:34.954[0;39m [main] [34mINFO [0;39m [36mcom.zaxxer.hikari.HikariDataSource[0;39m - [32mHikariPool-1 - Start completed.
[0;39m[33m00:59:34.984[0;39m [main] [34mINFO [0;39m [36morg.hibernate.dialect.Dialect[0;39m - [32mHHH000400: Using dialect: org.hibernate.dialect.Oracle10gDialect
[0;39m[33m00:59:38.910[0;39m [main] [34mINFO [0;39m [36mo.h.e.t.j.p.i.JtaPlatformInitiator[0;39m - [32mHHH000490: Using JtaPlatform implementation: [org.hibernate.engine.transaction.jta.platform.internal.NoJtaPlatform]
[0;39m[33m00:59:38.926[0;39m [main] [34mINFO [0;39m [36mo.s.o.j.LocalContainerEntityManagerFactoryBean[0;39m - [32mInitialized JPA EntityManagerFactory for persistence unit 'default'
[0;39m[33m00:59:39.460[0;39m [main] [31mWARN [0;39m [36mo.s.b.a.o.j.JpaBaseConfiguration$JpaWebConfiguration[0;39m - [32mspring.jpa.open-in-view is enabled by default. Therefore, database queries may be performed during view rendering. Explicitly configure spring.jpa.open-in-view to disable this warning
[0;39m[33m00:59:39.542[0;39m [main] [34mINFO [0;39m [36mo.s.s.c.ThreadPoolTaskExecutor[0;39m - [32mInitializing ExecutorService 'applicationTaskExecutor'
[0;39m[33m00:59:40.393[0;39m [main] [34mINFO [0;39m [36mo.s.c.n.e.c.DiscoveryClientOptionalArgsConfiguration[0;39m - [32mEureka HTTP Client uses RestTemplate.
[0;39m[33m00:59:40.919[0;39m [main] [31mWARN [0;39m [36mo.s.c.l.c.LoadBalancerCacheAutoConfiguration$LoadBalancerCaffeineWarnLogger[0;39m - [32mSpring Cloud LoadBalancer is currently working with the default cache. You can switch to using Caffeine cache, by adding it to the classpath.
[0;39m[33m00:59:40.947[0;39m [main] [34mINFO [0;39m [36mo.s.c.n.eureka.InstanceInfoFactory[0;39m - [32mSetting initial instance status as: STARTING
[0;39m[33m00:59:40.996[0;39m [main] [34mINFO [0;39m [36mc.netflix.discovery.DiscoveryClient[0;39m - [32mInitializing Eureka in region us-east-1
[0;39m[33m00:59:41.002[0;39m [main] [34mINFO [0;39m [36mc.n.d.s.r.aws.ConfigClusterResolver[0;39m - [32mResolving eureka endpoints via configuration
[0;39m[33m00:59:41.295[0;39m [main] [34mINFO [0;39m [36mc.netflix.discovery.DiscoveryClient[0;39m - [32mDisable delta property : false
[0;39m[33m00:59:41.295[0;39m [main] [34mINFO [0;39m [36mc.netflix.discovery.DiscoveryClient[0;39m - [32mSingle vip registry refresh property : null
[0;39m[33m00:59:41.295[0;39m [main] [34mINFO [0;39m [36mc.netflix.discovery.DiscoveryClient[0;39m - [32mForce full registry fetch : false
[0;39m[33m00:59:41.295[0;39m [main] [34mINFO [0;39m [36mc.netflix.discovery.DiscoveryClient[0;39m - [32mApplication is null : false
[0;39m[33m00:59:41.295[0;39m [main] [34mINFO [0;39m [36mc.netflix.discovery.DiscoveryClient[0;39m - [32mRegistered Applications size is zero : true
[0;39m[33m00:59:41.296[0;39m [main] [34mINFO [0;39m [36mc.netflix.discovery.DiscoveryClient[0;39m - [32mApplication version is -1: true
[0;39m[33m00:59:41.296[0;39m [main] [34mINFO [0;39m [36mc.netflix.discovery.DiscoveryClient[0;39m - [32mGetting all instance registry info from the eureka server
[0;39m[33m00:59:41.538[0;39m [main] [34mINFO [0;39m [36mc.netflix.discovery.DiscoveryClient[0;39m - [32mThe response status is 200
[0;39m[33m00:59:41.542[0;39m [main] [34mINFO [0;39m [36mc.netflix.discovery.DiscoveryClient[0;39m - [32mStarting heartbeat executor: renew interval is: 30
[0;39m[33m00:59:41.546[0;39m [main] [34mINFO [0;39m [36mc.n.discovery.InstanceInfoReplicator[0;39m - [32mInstanceInfoReplicator onDemand update allowed rate per min is 4
[0;39m[33m00:59:41.552[0;39m [main] [34mINFO [0;39m [36mc.netflix.discovery.DiscoveryClient[0;39m - [32mDiscovery Client initialized at timestamp 1622316581551 with initial instances count: 4
[0;39m[33m00:59:41.554[0;39m [main] [34mINFO [0;39m [36mo.s.c.n.e.s.EurekaServiceRegistry[0;39m - [32mRegistering application RATING-SERVICE with eureka with status UP
[0;39m[33m00:59:41.555[0;39m [main] [34mINFO [0;39m [36mc.netflix.discovery.DiscoveryClient[0;39m - [32mSaw local status change event StatusChangeEvent [timestamp=1622316581555, current=UP, previous=STARTING]
[0;39m[33m00:59:41.558[0;39m [DiscoveryClient-InstanceInfoReplicator-0] [34mINFO [0;39m [36mc.netflix.discovery.DiscoveryClient[0;39m - [32mDiscoveryClient_RATING-SERVICE/LAPTOP-F31M9K39:RATING-SERVICE:5002: registering service...
[0;39m[33m00:59:41.586[0;39m [main] [34mINFO [0;39m [36mo.s.b.w.e.tomcat.TomcatWebServer[0;39m - [32mTomcat started on port(s): 5002 (http) with context path ''
[0;39m[33m00:59:41.587[0;39m [main] [34mINFO [0;39m [36mo.s.c.n.e.s.EurekaAutoServiceRegistration[0;39m - [32mUpdating port to 5002
[0;39m[33m00:59:41.727[0;39m [DiscoveryClient-InstanceInfoReplicator-0] [34mINFO [0;39m [36mc.netflix.discovery.DiscoveryClient[0;39m - [32mDiscoveryClient_RATING-SERVICE/LAPTOP-F31M9K39:RATING-SERVICE:5002 - registration status: 204
[0;39m[33m00:59:41.926[0;39m [main] [34mINFO [0;39m [36mr.RatingServiceApplication[0;39m - [32mStarted RatingServiceApplication in 16.896 seconds (JVM running for 17.672)
[0;39m[33m19:43:04.920[0;39m [main] [34mINFO [0;39m [36mr.RatingServiceApplication[0;39m - [32mStarting RatingServiceApplication using Java 1.8.0_291 on LAPTOP-F31M9K39 with PID 4296 (D:\Java Projects\movie-microservices\rating-service\target\classes started by lenono in D:\Java Projects\movie-microservices\rating-service)
[0;39m[33m19:43:04.935[0;39m [main] [34mINFO [0;39m [36mr.RatingServiceApplication[0;39m - [32mNo active profile set, falling back to default profiles: default
[0;39m[33m19:43:07.845[0;39m [main] [34mINFO [0;39m [36mo.s.d.r.c.RepositoryConfigurationDelegate[0;39m - [32mMultiple Spring Data modules found, entering strict repository configuration mode!
[0;39m[33m19:43:07.845[0;39m [main] [34mINFO [0;39m [36mo.s.d.r.c.RepositoryConfigurationDelegate[0;39m - [32mBootstrapping Spring Data JDBC repositories in DEFAULT mode.
[0;39m[33m19:43:07.892[0;39m [main] [34mINFO [0;39m [36mo.s.d.r.c.RepositoryConfigurationExtensionSupport[0;39m - [32mSpring Data JDBC - Could not safely identify store assignment for repository candidate interface ratingService.repositories.RatingRepository. If you want this repository to be a JDBC repository, consider annotating your entities with one of these annotations: org.springframework.data.relational.core.mapping.Table.
[0;39m[33m19:43:07.892[0;39m [main] [34mINFO [0;39m [36mo.s.d.r.c.RepositoryConfigurationDelegate[0;39m - [32mFinished Spring Data repository scanning in 41 ms. Found 0 JDBC repository interfaces.
[0;39m[33m19:43:07.907[0;39m [main] [34mINFO [0;39m [36mo.s.d.r.c.RepositoryConfigurationDelegate[0;39m - [32mMultiple Spring Data modules found, entering strict repository configuration mode!
[0;39m[33m19:43:07.907[0;39m [main] [34mINFO [0;39m [36mo.s.d.r.c.RepositoryConfigurationDelegate[0;39m - [32mBootstrapping Spring Data JPA repositories in DEFAULT mode.
[0;39m[33m19:43:08.235[0;39m [main] [34mINFO [0;39m [36mo.s.d.r.c.RepositoryConfigurationDelegate[0;39m - [32mFinished Spring Data repository scanning in 333 ms. Found 1 JPA repository interfaces.
[0;39m[33m19:43:08.891[0;39m [main] [34mINFO [0;39m [36mo.s.cloud.context.scope.GenericScope[0;39m - [32mBeanFactory id=068aecab-2f49-3c5c-8246-c36fa7ba4afe
[0;39m[33m19:43:10.032[0;39m [main] [34mINFO [0;39m [36mo.s.b.w.e.tomcat.TomcatWebServer[0;39m - [32mTomcat initialized with port(s): 5002 (http)
[0;39m[33m19:43:10.032[0;39m [main] [34mINFO [0;39m [36mo.a.catalina.core.StandardService[0;39m - [32mStarting service [Tomcat]
[0;39m[33m19:43:10.032[0;39m [main] [34mINFO [0;39m [36mo.a.catalina.core.StandardEngine[0;39m - [32mStarting Servlet engine: [Apache Tomcat/9.0.45]
[0;39m[33m19:43:10.360[0;39m [main] [34mINFO [0;39m [36mo.a.c.c.C.[Tomcat].[localhost].[/][0;39m - [32mInitializing Spring embedded WebApplicationContext
[0;39m[33m19:43:10.360[0;39m [main] [34mINFO [0;39m [36mo.s.b.w.s.c.ServletWebServerApplicationContext[0;39m - [32mRoot WebApplicationContext: initialization completed in 5325 ms
[0;39m[33m19:43:10.641[0;39m [main] [34mINFO [0;39m [36mo.h.jpa.internal.util.LogHelper[0;39m - [32mHHH000204: Processing PersistenceUnitInfo [name: default]
[0;39m[33m19:43:10.719[0;39m [main] [34mINFO [0;39m [36morg.hibernate.Version[0;39m - [32mHHH000412: Hibernate ORM core version 5.4.30.Final
[0;39m[33m19:43:11.063[0;39m [main] [34mINFO [0;39m [36mo.h.annotations.common.Version[0;39m - [32mHCANN000001: Hibernate Commons Annotations {5.1.2.Final}
[0;39m[33m19:43:11.282[0;39m [main] [34mINFO [0;39m [36mcom.zaxxer.hikari.HikariDataSource[0;39m - [32mHikariPool-1 - Starting...
[0;39m[33m19:43:12.210[0;39m [main] [34mINFO [0;39m [36mcom.zaxxer.hikari.HikariDataSource[0;39m - [32mHikariPool-1 - Start completed.
[0;39m[33m19:43:12.241[0;39m [main] [34mINFO [0;39m [36morg.hibernate.dialect.Dialect[0;39m - [32mHHH000400: Using dialect: org.hibernate.dialect.Oracle10gDialect
[0;39m[33m19:43:15.131[0;39m [main] [34mINFO [0;39m [36mo.h.e.t.j.p.i.JtaPlatformInitiator[0;39m - [32mHHH000490: Using JtaPlatform implementation: [org.hibernate.engine.transaction.jta.platform.internal.NoJtaPlatform]
[0;39m[33m19:43:15.147[0;39m [main] [34mINFO [0;39m [36mo.s.o.j.LocalContainerEntityManagerFactoryBean[0;39m - [32mInitialized JPA EntityManagerFactory for persistence unit 'default'
[0;39m[33m19:43:16.444[0;39m [main] [31mWARN [0;39m [36mo.s.b.a.o.j.JpaBaseConfiguration$JpaWebConfiguration[0;39m - [32mspring.jpa.open-in-view is enabled by default. Therefore, database queries may be performed during view rendering. Explicitly configure spring.jpa.open-in-view to disable this warning
[0;39m[33m19:43:16.834[0;39m [main] [34mINFO [0;39m [36mo.s.s.c.ThreadPoolTaskExecutor[0;39m - [32mInitializing ExecutorService 'applicationTaskExecutor'
[0;39m[33m19:43:19.387[0;39m [main] [34mINFO [0;39m [36mo.s.c.n.e.c.DiscoveryClientOptionalArgsConfiguration[0;39m - [32mEureka HTTP Client uses RestTemplate.
[0;39m[33m19:43:20.293[0;39m [main] [31mWARN [0;39m [36mo.s.c.l.c.LoadBalancerCacheAutoConfiguration$LoadBalancerCaffeineWarnLogger[0;39m - [32mSpring Cloud LoadBalancer is currently working with the default cache. You can switch to using Caffeine cache, by adding it to the classpath.
[0;39m[33m19:43:20.340[0;39m [main] [34mINFO [0;39m [36mo.s.c.n.eureka.InstanceInfoFactory[0;39m - [32mSetting initial instance status as: STARTING
[0;39m[33m19:43:20.449[0;39m [main] [34mINFO [0;39m [36mc.netflix.discovery.DiscoveryClient[0;39m - [32mInitializing Eureka in region us-east-1
[0;39m[33m19:43:20.465[0;39m [main] [34mINFO [0;39m [36mc.n.d.s.r.aws.ConfigClusterResolver[0;39m - [32mResolving eureka endpoints via configuration
[0;39m[33m19:43:21.004[0;39m [main] [34mINFO [0;39m [36mc.netflix.discovery.DiscoveryClient[0;39m - [32mDisable delta property : false
[0;39m[33m19:43:21.004[0;39m [main] [34mINFO [0;39m [36mc.netflix.discovery.DiscoveryClient[0;39m - [32mSingle vip registry refresh property : null
[0;39m[33m19:43:21.004[0;39m [main] [34mINFO [0;39m [36mc.netflix.discovery.DiscoveryClient[0;39m - [32mForce full registry fetch : false
[0;39m[33m19:43:21.004[0;39m [main] [34mINFO [0;39m [36mc.netflix.discovery.DiscoveryClient[0;39m - [32mApplication is null : false
[0;39m[33m19:43:21.004[0;39m [main] [34mINFO [0;39m [36mc.netflix.discovery.DiscoveryClient[0;39m - [32mRegistered Applications size is zero : true
[0;39m[33m19:43:21.004[0;39m [main] [34mINFO [0;39m [36mc.netflix.discovery.DiscoveryClient[0;39m - [32mApplication version is -1: true
[0;39m[33m19:43:21.004[0;39m [main] [34mINFO [0;39m [36mc.netflix.discovery.DiscoveryClient[0;39m - [32mGetting all instance registry info from the eureka server
[0;39m[33m19:43:21.473[0;39m [main] [34mINFO [0;39m [36mc.netflix.discovery.DiscoveryClient[0;39m - [32mThe response status is 200
[0;39m[33m19:43:21.473[0;39m [main] [34mINFO [0;39m [36mc.netflix.discovery.DiscoveryClient[0;39m - [32mStarting heartbeat executor: renew interval is: 30
[0;39m[33m19:43:21.488[0;39m [main] [34mINFO [0;39m [36mc.n.discovery.InstanceInfoReplicator[0;39m - [32mInstanceInfoReplicator onDemand update allowed rate per min is 4
[0;39m[33m19:43:21.504[0;39m [main] [34mINFO [0;39m [36mc.netflix.discovery.DiscoveryClient[0;39m - [32mDiscovery Client initialized at timestamp 1622297601488 with initial instances count: 1
[0;39m[33m19:43:21.504[0;39m [main] [34mINFO [0;39m [36mo.s.c.n.e.s.EurekaServiceRegistry[0;39m - [32mRegistering application RATING-SERVICE with eureka with status UP
[0;39m[33m19:43:21.504[0;39m [main] [34mINFO [0;39m [36mc.netflix.discovery.DiscoveryClient[0;39m - [32mSaw local status change event StatusChangeEvent [timestamp=1622297601504, current=UP, previous=STARTING]
[0;39m[33m19:43:21.629[0;39m [DiscoveryClient-InstanceInfoReplicator-0] [34mINFO [0;39m [36mc.netflix.discovery.DiscoveryClient[0;39m - [32mDiscoveryClient_RATING-SERVICE/LAPTOP-F31M9K39:RATING-SERVICE:5002: registering service...
[0;39m[33m19:43:21.660[0;39m [main] [34mINFO [0;39m [36mo.s.b.w.e.tomcat.TomcatWebServer[0;39m - [32mTomcat started on port(s): 5002 (http) with context path ''
[0;39m[33m19:43:21.660[0;39m [main] [34mINFO [0;39m [36mo.s.c.n.e.s.EurekaAutoServiceRegistration[0;39m - [32mUpdating port to 5002
[0;39m[33m19:43:21.895[0;39m [DiscoveryClient-InstanceInfoReplicator-0] [34mINFO [0;39m [36mc.netflix.discovery.DiscoveryClient[0;39m - [32mDiscoveryClient_RATING-SERVICE/LAPTOP-F31M9K39:RATING-SERVICE:5002 - registration status: 204
[0;39m[33m19:43:22.423[0;39m [main] [34mINFO [0;39m [36mr.RatingServiceApplication[0;39m - [32mStarted RatingServiceApplication in 19.941 seconds (JVM running for 21.409)
[0;39m[33m19:47:09.099[0;39m [main] [34mINFO [0;39m [36mr.RatingServiceApplication[0;39m - [32mStarting RatingServiceApplication using Java 1.8.0_291 on LAPTOP-F31M9K39 with PID 18364 (D:\Java Projects\movie-microservices\rating-service\target\classes started by lenono in D:\Java Projects\movie-microservices\rating-service)
[0;39m[33m19:47:09.101[0;39m [main] [34mINFO [0;39m [36mr.RatingServiceApplication[0;39m - [32mNo active profile set, falling back to default profiles: default
[0;39m[33m19:47:10.355[0;39m [main] [34mINFO [0;39m [36mo.s.d.r.c.RepositoryConfigurationDelegate[0;39m - [32mMultiple Spring Data modules found, entering strict repository configuration mode!
[0;39m[33m19:47:10.356[0;39m [main] [34mINFO [0;39m [36mo.s.d.r.c.RepositoryConfigurationDelegate[0;39m - [32mBootstrapping Spring Data JDBC repositories in DEFAULT mode.
[0;39m[33m19:47:10.421[0;39m [main] [34mINFO [0;39m [36mo.s.d.r.c.RepositoryConfigurationExtensionSupport[0;39m - [32mSpring Data JDBC - Could not safely identify store assignment for repository candidate interface ratingService.repositories.RatingRepository. If you want this repository to be a JDBC repository, consider annotating your entities with one of these annotations: org.springframework.data.relational.core.mapping.Table.
[0;39m[33m19:47:10.422[0;39m [main] [34mINFO [0;39m [36mo.s.d.r.c.RepositoryConfigurationDelegate[0;39m - [32mFinished Spring Data repository scanning in 61 ms. Found 0 JDBC repository interfaces.
[0;39m[33m19:47:10.434[0;39m [main] [34mINFO [0;39m [36mo.s.d.r.c.RepositoryConfigurationDelegate[0;39m - [32mMultiple Spring Data modules found, entering strict repository configuration mode!
[0;39m[33m19:47:10.435[0;39m [main] [34mINFO [0;39m [36mo.s.d.r.c.RepositoryConfigurationDelegate[0;39m - [32mBootstrapping Spring Data JPA repositories in DEFAULT mode.
[0;39m[33m19:47:10.693[0;39m [main] [34mINFO [0;39m [36mo.s.d.r.c.RepositoryConfigurationDelegate[0;39m - [32mFinished Spring Data repository scanning in 249 ms. Found 1 JPA repository interfaces.
[0;39m[33m19:47:10.988[0;39m [main] [34mINFO [0;39m [36mo.s.cloud.context.scope.GenericScope[0;39m - [32mBeanFactory id=068aecab-2f49-3c5c-8246-c36fa7ba4afe
[0;39m[33m19:47:11.912[0;39m [main] [34mINFO [0;39m [36mo.s.b.w.e.tomcat.TomcatWebServer[0;39m - [32mTomcat initialized with port(s): 5002 (http)
[0;39m[33m19:47:11.924[0;39m [main] [34mINFO [0;39m [36mo.a.catalina.core.StandardService[0;39m - [32mStarting service [Tomcat]
[0;39m[33m19:47:11.924[0;39m [main] [34mINFO [0;39m [36mo.a.catalina.core.StandardEngine[0;39m - [32mStarting Servlet engine: [Apache Tomcat/9.0.45]
[0;39m[33m19:47:12.205[0;39m [main] [34mINFO [0;39m [36mo.a.c.c.C.[Tomcat].[localhost].[/][0;39m - [32mInitializing Spring embedded WebApplicationContext
[0;39m[33m19:47:12.205[0;39m [main] [34mINFO [0;39m [36mo.s.b.w.s.c.ServletWebServerApplicationContext[0;39m - [32mRoot WebApplicationContext: initialization completed in 3051 ms
[0;39m[33m19:47:12.608[0;39m [main] [34mINFO [0;39m [36mo.h.jpa.internal.util.LogHelper[0;39m - [32mHHH000204: Processing PersistenceUnitInfo [name: default]
[0;39m[33m19:47:12.711[0;39m [main] [34mINFO [0;39m [36morg.hibernate.Version[0;39m - [32mHHH000412: Hibernate ORM core version 5.4.30.Final
[0;39m[33m19:47:12.935[0;39m [main] [34mINFO [0;39m [36mo.h.annotations.common.Version[0;39m - [32mHCANN000001: Hibernate Commons Annotations {5.1.2.Final}
[0;39m[33m19:47:13.155[0;39m [main] [34mINFO [0;39m [36mcom.zaxxer.hikari.HikariDataSource[0;39m - [32mHikariPool-1 - Starting...
[0;39m[33m19:47:13.956[0;39m [main] [34mINFO [0;39m [36mcom.zaxxer.hikari.HikariDataSource[0;39m - [32mHikariPool-1 - Start completed.
[0;39m[33m19:47:13.994[0;39m [main] [34mINFO [0;39m [36morg.hibernate.dialect.Dialect[0;39m - [32mHHH000400: Using dialect: org.hibernate.dialect.Oracle10gDialect
[0;39m[33m19:47:16.542[0;39m [main] [34mINFO [0;39m [36mo.h.e.t.j.p.i.JtaPlatformInitiator[0;39m - [32mHHH000490: Using JtaPlatform implementation: [org.hibernate.engine.transaction.jta.platform.internal.NoJtaPlatform]
[0;39m[33m19:47:16.622[0;39m [main] [34mINFO [0;39m [36mo.s.o.j.LocalContainerEntityManagerFactoryBean[0;39m - [32mInitialized JPA EntityManagerFactory for persistence unit 'default'
[0;39m[33m19:47:17.769[0;39m [main] [31mWARN [0;39m [36mo.s.b.a.o.j.JpaBaseConfiguration$JpaWebConfiguration[0;39m - [32mspring.jpa.open-in-view is enabled by default. Therefore, database queries may be performed during view rendering. Explicitly configure spring.jpa.open-in-view to disable this warning
[0;39m[33m19:47:18.031[0;39m [main] [34mINFO [0;39m [36mo.s.s.c.ThreadPoolTaskExecutor[0;39m - [32mInitializing ExecutorService 'applicationTaskExecutor'
[0;39m[33m19:47:20.345[0;39m [main] [34mINFO [0;39m [36mo.s.c.n.e.c.DiscoveryClientOptionalArgsConfiguration[0;39m - [32mEureka HTTP Client uses RestTemplate.
[0;39m[33m19:47:22.728[0;39m [main] [31mWARN [0;39m [36mo.s.c.l.c.LoadBalancerCacheAutoConfiguration$LoadBalancerCaffeineWarnLogger[0;39m - [32mSpring Cloud LoadBalancer is currently working with the default cache. You can switch to using Caffeine cache, by adding it to the classpath.
[0;39m[33m19:47:22.828[0;39m [main] [34mINFO [0;39m [36mo.s.c.n.eureka.InstanceInfoFactory[0;39m - [32mSetting initial instance status as: STARTING
[0;39m[33m19:47:22.971[0;39m [main] [34mINFO [0;39m [36mc.netflix.discovery.DiscoveryClient[0;39m - [32mInitializing Eureka in region us-east-1
[0;39m[33m19:47:22.984[0;39m [main] [34mINFO [0;39m [36mc.n.d.s.r.aws.ConfigClusterResolver[0;39m - [32mResolving eureka endpoints via configuration
[0;39m[33m19:47:24.135[0;39m [main] [34mINFO [0;39m [36mc.netflix.discovery.DiscoveryClient[0;39m - [32mDisable delta property : false
[0;39m[33m19:47:24.136[0;39m [main] [34mINFO [0;39m [36mc.netflix.discovery.DiscoveryClient[0;39m - [32mSingle vip registry refresh property : null
[0;39m[33m19:47:24.136[0;39m [main] [34mINFO [0;39m [36mc.netflix.discovery.DiscoveryClient[0;39m - [32mForce full registry fetch : false
[0;39m[33m19:47:24.136[0;39m [main] [34mINFO [0;39m [36mc.netflix.discovery.DiscoveryClient[0;39m - [32mApplication is null : false
[0;39m[33m19:47:24.136[0;39m [main] [34mINFO [0;39m [36mc.netflix.discovery.DiscoveryClient[0;39m - [32mRegistered Applications size is zero : true
[0;39m[33m19:47:24.136[0;39m [main] [34mINFO [0;39m [36mc.netflix.discovery.DiscoveryClient[0;39m - [32mApplication version is -1: true
[0;39m[33m19:47:24.136[0;39m [main] [34mINFO [0;39m [36mc.netflix.discovery.DiscoveryClient[0;39m - [32mGetting all instance registry info from the eureka server
[0;39m[33m19:47:25.424[0;39m [main] [34mINFO [0;39m [36mc.netflix.discovery.DiscoveryClient[0;39m - [32mThe response status is 200
[0;39m[33m19:47:25.428[0;39m [main] [34mINFO [0;39m [36mc.netflix.discovery.DiscoveryClient[0;39m - [32mStarting heartbeat executor: renew interval is: 30
[0;39m[33m19:47:25.434[0;39m [main] [34mINFO [0;39m [36mc.n.discovery.InstanceInfoReplicator[0;39m - [32mInstanceInfoReplicator onDemand update allowed rate per min is 4
[0;39m[33m19:47:25.443[0;39m [main] [34mINFO [0;39m [36mc.netflix.discovery.DiscoveryClient[0;39m - [32mDiscovery Client initialized at timestamp 1622297845441 with initial instances count: 0
[0;39m[33m19:47:25.446[0;39m [main] [34mINFO [0;39m [36mo.s.c.n.e.s.EurekaServiceRegistry[0;39m - [32mRegistering application RATING-SERVICE with eureka with status UP
[0;39m[33m19:47:25.447[0;39m [main] [34mINFO [0;39m [36mc.netflix.discovery.DiscoveryClient[0;39m - [32mSaw local status change event StatusChangeEvent [timestamp=1622297845447, current=UP, previous=STARTING]
[0;39m[33m19:47:25.450[0;39m [DiscoveryClient-InstanceInfoReplicator-0] [34mINFO [0;39m [36mc.netflix.discovery.DiscoveryClient[0;39m - [32mDiscoveryClient_RATING-SERVICE/LAPTOP-F31M9K39:RATING-SERVICE:5002: registering service...
[0;39m[33m19:47:25.480[0;39m [main] [34mINFO [0;39m [36mo.s.b.w.e.tomcat.TomcatWebServer[0;39m - [32mTomcat started on port(s): 5002 (http) with context path ''
[0;39m[33m19:47:25.482[0;39m [main] [34mINFO [0;39m [36mo.s.c.n.e.s.EurekaAutoServiceRegistration[0;39m - [32mUpdating port to 5002
[0;39m[33m19:47:25.808[0;39m [DiscoveryClient-InstanceInfoReplicator-0] [34mINFO [0;39m [36mc.netflix.discovery.DiscoveryClient[0;39m - [32mDiscoveryClient_RATING-SERVICE/LAPTOP-F31M9K39:RATING-SERVICE:5002 - registration status: 204
[0;39m[33m19:47:26.394[0;39m [main] [34mINFO [0;39m [36mr.RatingServiceApplication[0;39m - [32mStarted RatingServiceApplication in 18.909 seconds (JVM running for 19.651)
[0;39m[33m19:47:55.442[0;39m [DiscoveryClient-CacheRefreshExecutor-0] [34mINFO [0;39m [36mc.netflix.discovery.DiscoveryClient[0;39m - [32mDisable delta property : false
[0;39m[33m19:47:55.444[0;39m [DiscoveryClient-CacheRefreshExecutor-0] [34mINFO [0;39m [36mc.netflix.discovery.DiscoveryClient[0;39m - [32mSingle vip registry refresh property : null
[0;39m[33m19:47:55.445[0;39m [DiscoveryClient-CacheRefreshExecutor-0] [34mINFO [0;39m [36mc.netflix.discovery.DiscoveryClient[0;39m - [32mForce full registry fetch : false
[0;39m[33m19:47:55.446[0;39m [DiscoveryClient-CacheRefreshExecutor-0] [34mINFO [0;39m [36mc.netflix.discovery.DiscoveryClient[0;39m - [32mApplication is null : false
[0;39m[33m19:47:55.446[0;39m [DiscoveryClient-CacheRefreshExecutor-0] [34mINFO [0;39m [36mc.netflix.discovery.DiscoveryClient[0;39m - [32mRegistered Applications size is zero : true
[0;39m[33m19:47:55.446[0;39m [DiscoveryClient-CacheRefreshExecutor-0] [34mINFO [0;39m [36mc.netflix.discovery.DiscoveryClient[0;39m - [32mApplication version is -1: false
[0;39m[33m19:47:55.447[0;39m [DiscoveryClient-CacheRefreshExecutor-0] [34mINFO [0;39m [36mc.netflix.discovery.DiscoveryClient[0;39m - [32mGetting all instance registry info from the eureka server
[0;39m[33m19:47:55.462[0;39m [DiscoveryClient-CacheRefreshExecutor-0] [34mINFO [0;39m [36mc.netflix.discovery.DiscoveryClient[0;39m - [32mThe response status is 200
[0;39m[33m19:52:24.155[0;39m [AsyncResolver-bootstrap-executor-0] [34mINFO [0;39m [36mc.n.d.s.r.aws.ConfigClusterResolver[0;39m - [32mResolving eureka endpoints via configuration
[0;39m[33m19:57:24.157[0;39m [AsyncResolver-bootstrap-executor-0] [34mINFO [0;39m [36mc.n.d.s.r.aws.ConfigClusterResolver[0;39m - [32mResolving eureka endpoints via configuration
[0;39m[33m20:02:24.167[0;39m [AsyncResolver-bootstrap-executor-0] [34mINFO [0;39m [36mc.n.d.s.r.aws.ConfigClusterResolver[0;39m - [32mResolving eureka endpoints via configuration
[0;39m[33m20:04:58.586[0;39m [main] [34mINFO [0;39m [36mr.RatingServiceApplication[0;39m - [32mStarting RatingServiceApplication using Java 1.8.0_291 on LAPTOP-F31M9K39 with PID 788 (D:\Java Projects\movie-microservices\rating-service\target\classes started by lenono in D:\Java Projects\movie-microservices\rating-service)
[0;39m[33m20:04:58.598[0;39m [main] [34mINFO [0;39m [36mr.RatingServiceApplication[0;39m - [32mNo active profile set, falling back to default profiles: default
[0;39m[33m20:05:00.291[0;39m [main] [34mINFO [0;39m [36mo.s.d.r.c.RepositoryConfigurationDelegate[0;39m - [32mMultiple Spring Data modules found, entering strict repository configuration mode!
[0;39m[33m20:05:00.293[0;39m [main] [34mINFO [0;39m [36mo.s.d.r.c.RepositoryConfigurationDelegate[0;39m - [32mBootstrapping Spring Data JDBC repositories in DEFAULT mode.
[0;39m[33m20:05:00.350[0;39m [main] [34mINFO [0;39m [36mo.s.d.r.c.RepositoryConfigurationExtensionSupport[0;39m - [32mSpring Data JDBC - Could not safely identify store assignment for repository candidate interface ratingService.repositories.RatingRepository. If you want this repository to be a JDBC repository, consider annotating your entities with one of these annotations: org.springframework.data.relational.core.mapping.Table.
[0;39m[33m20:05:00.351[0;39m [main] [34mINFO [0;39m [36mo.s.d.r.c.RepositoryConfigurationDelegate[0;39m - [32mFinished Spring Data repository scanning in 51 ms. Found 0 JDBC repository interfaces.
[0;39m[33m20:05:00.367[0;39m [main] [34mINFO [0;39m [36mo.s.d.r.c.RepositoryConfigurationDelegate[0;39m - [32mMultiple Spring Data modules found, entering strict repository configuration mode!
[0;39m[33m20:05:00.369[0;39m [main] [34mINFO [0;39m [36mo.s.d.r.c.RepositoryConfigurationDelegate[0;39m - [32mBootstrapping Spring Data JPA repositories in DEFAULT mode.
[0;39m[33m20:05:00.804[0;39m [main] [34mINFO [0;39m [36mo.s.d.r.c.RepositoryConfigurationDelegate[0;39m - [32mFinished Spring Data repository scanning in 426 ms. Found 1 JPA repository interfaces.
[0;39m[33m20:05:01.412[0;39m [main] [34mINFO [0;39m [36mo.s.cloud.context.scope.GenericScope[0;39m - [32mBeanFactory id=068aecab-2f49-3c5c-8246-c36fa7ba4afe
[0;39m[33m20:05:02.625[0;39m [main] [34mINFO [0;39m [36mo.s.b.w.e.tomcat.TomcatWebServer[0;39m - [32mTomcat initialized with port(s): 5002 (http)
[0;39m[33m20:05:02.642[0;39m [main] [34mINFO [0;39m [36mo.a.catalina.core.StandardService[0;39m - [32mStarting service [Tomcat]
[0;39m[33m20:05:02.642[0;39m [main] [34mINFO [0;39m [36mo.a.catalina.core.StandardEngine[0;39m - [32mStarting Servlet engine: [Apache Tomcat/9.0.45]
[0;39m[33m20:05:02.861[0;39m [main] [34mINFO [0;39m [36mo.a.c.c.C.[Tomcat].[localhost].[/][0;39m - [32mInitializing Spring embedded WebApplicationContext
[0;39m[33m20:05:02.861[0;39m [main] [34mINFO [0;39m [36mo.s.b.w.s.c.ServletWebServerApplicationContext[0;39m - [32mRoot WebApplicationContext: initialization completed in 4070 ms
[0;39m[33m20:05:03.211[0;39m [main] [34mINFO [0;39m [36mo.h.jpa.internal.util.LogHelper[0;39m - [32mHHH000204: Processing PersistenceUnitInfo [name: default]
[0;39m[33m20:05:03.275[0;39m [main] [34mINFO [0;39m [36morg.hibernate.Version[0;39m - [32mHHH000412: Hibernate ORM core version 5.4.30.Final
[0;39m[33m20:05:03.428[0;39m [main] [34mINFO [0;39m [36mo.h.annotations.common.Version[0;39m - [32mHCANN000001: Hibernate Commons Annotations {5.1.2.Final}
[0;39m[33m20:05:03.566[0;39m [main] [34mINFO [0;39m [36mcom.zaxxer.hikari.HikariDataSource[0;39m - [32mHikariPool-1 - Starting...
[0;39m[33m20:05:04.252[0;39m [main] [34mINFO [0;39m [36mcom.zaxxer.hikari.HikariDataSource[0;39m - [32mHikariPool-1 - Start completed.
[0;39m[33m20:05:04.272[0;39m [main] [34mINFO [0;39m [36morg.hibernate.dialect.Dialect[0;39m - [32mHHH000400: Using dialect: org.hibernate.dialect.Oracle10gDialect
[0;39m[33m20:05:05.930[0;39m [main] [34mINFO [0;39m [36mo.h.e.t.j.p.i.JtaPlatformInitiator[0;39m - [32mHHH000490: Using JtaPlatform implementation: [org.hibernate.engine.transaction.jta.platform.internal.NoJtaPlatform]
[0;39m[33m20:05:06.002[0;39m [main] [34mINFO [0;39m [36mo.s.o.j.LocalContainerEntityManagerFactoryBean[0;39m - [32mInitialized JPA EntityManagerFactory for persistence unit 'default'
[0;39m[33m20:05:06.901[0;39m [main] [31mWARN [0;39m [36mo.s.b.a.o.j.JpaBaseConfiguration$JpaWebConfiguration[0;39m - [32mspring.jpa.open-in-view is enabled by default. Therefore, database queries may be performed during view rendering. Explicitly configure spring.jpa.open-in-view to disable this warning
[0;39m[33m20:05:07.127[0;39m [main] [34mINFO [0;39m [36mo.s.s.c.ThreadPoolTaskExecutor[0;39m - [32mInitializing ExecutorService 'applicationTaskExecutor'
[0;39m[33m20:05:09.034[0;39m [main] [34mINFO [0;39m [36mo.s.c.n.e.c.DiscoveryClientOptionalArgsConfiguration[0;39m - [32mEureka HTTP Client uses RestTemplate.
[0;39m[33m20:05:09.807[0;39m [main] [31mWARN [0;39m [36mo.s.c.l.c.LoadBalancerCacheAutoConfiguration$LoadBalancerCaffeineWarnLogger[0;39m - [32mSpring Cloud LoadBalancer is currently working with the default cache. You can switch to using Caffeine cache, by adding it to the classpath.
[0;39m[33m20:05:09.849[0;39m [main] [34mINFO [0;39m [36mo.s.c.n.eureka.InstanceInfoFactory[0;39m - [32mSetting initial instance status as: STARTING
[0;39m[33m20:05:09.971[0;39m [main] [34mINFO [0;39m [36mc.netflix.discovery.DiscoveryClient[0;39m - [32mInitializing Eureka in region us-east-1
[0;39m[33m20:05:09.981[0;39m [main] [34mINFO [0;39m [36mc.n.d.s.r.aws.ConfigClusterResolver[0;39m - [32mResolving eureka endpoints via configuration
[0;39m[33m20:05:10.347[0;39m [main] [34mINFO [0;39m [36mc.netflix.discovery.DiscoveryClient[0;39m - [32mDisable delta property : false
[0;39m[33m20:05:10.347[0;39m [main] [34mINFO [0;39m [36mc.netflix.discovery.DiscoveryClient[0;39m - [32mSingle vip registry refresh property : null
[0;39m[33m20:05:10.347[0;39m [main] [34mINFO [0;39m [36mc.netflix.discovery.DiscoveryClient[0;39m - [32mForce full registry fetch : false
[0;39m[33m20:05:10.347[0;39m [main] [34mINFO [0;39m [36mc.netflix.discovery.DiscoveryClient[0;39m - [32mApplication is null : false
[0;39m[33m20:05:10.347[0;39m [main] [34mINFO [0;39m [36mc.netflix.discovery.DiscoveryClient[0;39m - [32mRegistered Applications size is zero : true
[0;39m[33m20:05:10.347[0;39m [main] [34mINFO [0;39m [36mc.netflix.discovery.DiscoveryClient[0;39m - [32mApplication version is -1: true
[0;39m[33m20:05:10.347[0;39m [main] [34mINFO [0;39m [36mc.netflix.discovery.DiscoveryClient[0;39m - [32mGetting all instance registry info from the eureka server
[0;39m[33m20:05:10.710[0;39m [main] [34mINFO [0;39m [36mc.netflix.discovery.DiscoveryClient[0;39m - [32mThe response status is 200
[0;39m[33m20:05:10.715[0;39m [main] [34mINFO [0;39m [36mc.netflix.discovery.DiscoveryClient[0;39m - [32mStarting heartbeat executor: renew interval is: 30
[0;39m[33m20:05:10.721[0;39m [main] [34mINFO [0;39m [36mc.n.discovery.InstanceInfoReplicator[0;39m - [32mInstanceInfoReplicator onDemand update allowed rate per min is 4
[0;39m[33m20:05:10.733[0;39m [main] [34mINFO [0;39m [36mc.netflix.discovery.DiscoveryClient[0;39m - [32mDiscovery Client initialized at timestamp 1622298910731 with initial instances count: 1
[0;39m[33m20:05:10.735[0;39m [main] [34mINFO [0;39m [36mo.s.c.n.e.s.EurekaServiceRegistry[0;39m - [32mRegistering application RATING-SERVICE with eureka with status UP
[0;39m[33m20:05:10.737[0;39m [main] [34mINFO [0;39m [36mc.netflix.discovery.DiscoveryClient[0;39m - [32mSaw local status change event StatusChangeEvent [timestamp=1622298910737, current=UP, previous=STARTING]
[0;39m[33m20:05:10.740[0;39m [DiscoveryClient-InstanceInfoReplicator-0] [34mINFO [0;39m [36mc.netflix.discovery.DiscoveryClient[0;39m - [32mDiscoveryClient_RATING-SERVICE/LAPTOP-F31M9K39:RATING-SERVICE:5002: registering service...
[0;39m[33m20:05:11.059[0;39m [main] [34mINFO [0;39m [36mo.s.b.w.e.tomcat.TomcatWebServer[0;39m - [32mTomcat started on port(s): 5002 (http) with context path ''
[0;39m[33m20:05:11.060[0;39m [main] [34mINFO [0;39m [36mo.s.c.n.e.s.EurekaAutoServiceRegistration[0;39m - [32mUpdating port to 5002
[0;39m[33m20:05:11.148[0;39m [DiscoveryClient-InstanceInfoReplicator-0] [34mINFO [0;39m [36mc.netflix.discovery.DiscoveryClient[0;39m - [32mDiscoveryClient_RATING-SERVICE/LAPTOP-F31M9K39:RATING-SERVICE:5002 - registration status: 204
[0;39m[33m20:05:11.685[0;39m [main] [34mINFO [0;39m [36mr.RatingServiceApplication[0;39m - [32mStarted RatingServiceApplication in 14.606 seconds (JVM running for 15.849)
[0;39m[33m20:10:10.362[0;39m [AsyncResolver-bootstrap-executor-0] [34mINFO [0;39m [36mc.n.d.s.r.aws.ConfigClusterResolver[0;39m - [32mResolving eureka endpoints via configuration
[0;39m[33m20:15:10.375[0;39m [AsyncResolver-bootstrap-executor-0] [34mINFO [0;39m [36mc.n.d.s.r.aws.ConfigClusterResolver[0;39m - [32mResolving eureka endpoints via configuration
[0;39m[33m20:16:41.173[0;39m [DiscoveryClient-HeartbeatExecutor-0] [34mINFO [0;39m [36mc.netflix.discovery.DiscoveryClient[0;39m - [32mDiscoveryClient_RATING-SERVICE/LAPTOP-F31M9K39:RATING-SERVICE:5002 - Re-registering apps/RATING-SERVICE
[0;39m[33m20:16:41.173[0;39m [DiscoveryClient-HeartbeatExecutor-0] [34mINFO [0;39m [36mc.netflix.discovery.DiscoveryClient[0;39m - [32mDiscoveryClient_RATING-SERVICE/LAPTOP-F31M9K39:RATING-SERVICE:5002: registering service...
[0;39m[33m20:16:41.286[0;39m [DiscoveryClient-HeartbeatExecutor-0] [34mINFO [0;39m [36mc.netflix.discovery.DiscoveryClient[0;39m - [32mDiscoveryClient_RATING-SERVICE/LAPTOP-F31M9K39:RATING-SERVICE:5002 - registration status: 204
[0;39m[33m20:17:11.206[0;39m [DiscoveryClient-CacheRefreshExecutor-0] [34mINFO [0;39m [36mc.netflix.discovery.DiscoveryClient[0;39m - [32mDisable delta property : false
[0;39m[33m20:17:11.206[0;39m [DiscoveryClient-CacheRefreshExecutor-0] [34mINFO [0;39m [36mc.netflix.discovery.DiscoveryClient[0;39m - [32mSingle vip registry refresh property : null
[0;39m[33m20:17:11.206[0;39m [DiscoveryClient-CacheRefreshExecutor-0] [34mINFO [0;39m [36mc.netflix.discovery.DiscoveryClient[0;39m - [32mForce full registry fetch : false
[0;39m[33m20:17:11.206[0;39m [DiscoveryClient-CacheRefreshExecutor-0] [34mINFO [0;39m [36mc.netflix.discovery.DiscoveryClient[0;39m - [32mApplication is null : false
[0;39m[33m20:17:11.206[0;39m [DiscoveryClient-CacheRefreshExecutor-0] [34mINFO [0;39m [36mc.netflix.discovery.DiscoveryClient[0;39m - [32mRegistered Applications size is zero : true
[0;39m[33m20:17:11.206[0;39m [DiscoveryClient-CacheRefreshExecutor-0] [34mINFO [0;39m [36mc.netflix.discovery.DiscoveryClient[0;39m - [32mApplication version is -1: false
[0;39m[33m20:17:11.206[0;39m [DiscoveryClient-CacheRefreshExecutor-0] [34mINFO [0;39m [36mc.netflix.discovery.DiscoveryClient[0;39m - [32mGetting all instance registry info from the eureka server
[0;39m[33m20:17:11.213[0;39m [DiscoveryClient-CacheRefreshExecutor-0] [34mINFO [0;39m [36mc.netflix.discovery.DiscoveryClient[0;39m - [32mThe response status is 200
[0;39m[33m20:20:10.388[0;39m [AsyncResolver-bootstrap-executor-0] [34mINFO [0;39m [36mc.n.d.s.r.aws.ConfigClusterResolver[0;39m - [32mResolving eureka endpoints via configuration
[0;39m