[33m02:06:11.787[0;39m [main] [34mINFO [0;39m [36muserService.UserServiceApplication[0;39m - [32mNo active profile set, falling back to default profiles: default
[0;39m[33m02:06:15.449[0;39m [main] [34mINFO [0;39m [36mo.s.cloud.context.scope.GenericScope[0;39m - [32mBeanFactory id=dfe6735c-917c-3808-a766-88e0780d37b7
[0;39m[33m02:06:15.691[0;39m [main] [34mINFO [0;39m [36mo.s.c.s.PostProcessorRegistrationDelegate$BeanPostProcessorChecker[0;39m - [32mBean 'org.springframework.cloud.client.loadbalancer.reactive.LoadBalancerBeanPostProcessorAutoConfiguration' of type [org.springframework.cloud.client.loadbalancer.reactive.LoadBalancerBeanPostProcessorAutoConfiguration] is not eligible for getting processed by all BeanPostProcessors (for example: not eligible for auto-proxying)
[0;39m[33m02:06:15.697[0;39m [main] [34mINFO [0;39m [36mo.s.c.s.PostProcessorRegistrationDelegate$BeanPostProcessorChecker[0;39m - [32mBean 'org.springframework.cloud.client.loadbalancer.reactive.LoadBalancerBeanPostProcessorAutoConfiguration$ReactiveLoadBalancerConfig' of type [org.springframework.cloud.client.loadbalancer.reactive.LoadBalancerBeanPostProcessorAutoConfiguration$ReactiveLoadBalancerConfig] is not eligible for getting processed by all BeanPostProcessors (for example: not eligible for auto-proxying)
[0;39m[33m02:06:15.737[0;39m [main] [34mINFO [0;39m [36mo.s.c.s.PostProcessorRegistrationDelegate$BeanPostProcessorChecker[0;39m - [32mBean 'deferringLoadBalancerExchangeFilterFunction' of type [org.springframework.cloud.client.loadbalancer.reactive.DeferringLoadBalancerExchangeFilterFunction] is not eligible for getting processed by all BeanPostProcessors (for example: not eligible for auto-proxying)
[0;39m[33m02:06:18.519[0;39m [main] [34mINFO [0;39m [36mo.s.b.w.e.tomcat.TomcatWebServer[0;39m - [32mTomcat initialized with port(s): 5000 (http)
[0;39m[33m02:06:18.552[0;39m [main] [34mINFO [0;39m [36mo.a.catalina.core.StandardService[0;39m - [32mStarting service [Tomcat]
[0;39m[33m02:06:18.553[0;39m [main] [34mINFO [0;39m [36mo.a.catalina.core.StandardEngine[0;39m - [32mStarting Servlet engine: [Apache Tomcat/9.0.41]
[0;39m[33m02:06:19.153[0;39m [main] [34mINFO [0;39m [36mo.a.c.c.C.[Tomcat].[localhost].[/][0;39m - [32mInitializing Spring embedded WebApplicationContext
[0;39m[33m02:06:19.154[0;39m [main] [34mINFO [0;39m [36mo.s.b.w.s.c.ServletWebServerApplicationContext[0;39m - [32mRoot WebApplicationContext: initialization completed in 7322 ms
[0;39m[33m02:06:21.311[0;39m [main] [31mWARN [0;39m [36mc.n.c.sources.URLConfigurationSource[0;39m - [32mNo URLs will be polled as dynamic configuration sources.
[0;39m[33m02:06:21.312[0;39m [main] [34mINFO [0;39m [36mc.n.c.sources.URLConfigurationSource[0;39m - [32mTo enable URLs as dynamic configuration sources, define System property archaius.configurationSource.additionalUrls or make config.properties available on classpath.
[0;39m[33m02:06:21.326[0;39m [main] [31mWARN [0;39m [36mc.n.c.sources.URLConfigurationSource[0;39m - [32mNo URLs will be polled as dynamic configuration sources.
[0;39m[33m02:06:21.326[0;39m [main] [34mINFO [0;39m [36mc.n.c.sources.URLConfigurationSource[0;39m - [32mTo enable URLs as dynamic configuration sources, define System property archaius.configurationSource.additionalUrls or make config.properties available on classpath.
[0;39m[33m02:06:21.618[0;39m [main] [34mINFO [0;39m [36mo.s.s.c.ThreadPoolTaskExecutor[0;39m - [32mInitializing ExecutorService 'applicationTaskExecutor'
[0;39m[33m02:06:23.012[0;39m [main] [34mINFO [0;39m [36mo.s.c.n.e.c.DiscoveryClientOptionalArgsConfiguration[0;39m - [32mEureka HTTP Client uses Jersey
[0;39m[33m02:06:24.275[0;39m [main] [31mWARN [0;39m [36mo.s.c.l.c.BlockingLoadBalancerClientAutoConfiguration$BlockingLoadBalancerClientRibbonWarnLogger[0;39m - [32mYou already have RibbonLoadBalancerClient on your classpath. It will be used by default. As Spring Cloud Ribbon is in maintenance mode. We recommend switching to BlockingLoadBalancerClient instead. In order to use it, set the value of `spring.cloud.loadbalancer.ribbon.enabled` to `false` or remove spring-cloud-starter-netflix-ribbon from your project.
[0;39m[33m02:06:24.288[0;39m [main] [31mWARN [0;39m [36mo.s.c.c.l.r.ReactorLoadBalancerClientAutoConfiguration$ReactorLoadBalancerClientRibbonWarnLogger[0;39m - [32mYou have RibbonLoadBalancerClient on your classpath. LoadBalancerExchangeFilterFunction that uses it under the hood will be used by default. Spring Cloud Ribbon is now in maintenance mode, so we suggest switching to ReactorLoadBalancerExchangeFilterFunction instead. In order to use it, set the value of `spring.cloud.loadbalancer.ribbon.enabled` to `false` or remove spring-cloud-starter-netflix-ribbon from your project.
[0;39m[33m02:06:24.348[0;39m [main] [34mINFO [0;39m [36mo.s.c.n.eureka.InstanceInfoFactory[0;39m - [32mSetting initial instance status as: STARTING
[0;39m[33m02:06:24.478[0;39m [main] [34mINFO [0;39m [36mc.netflix.discovery.DiscoveryClient[0;39m - [32mInitializing Eureka in region us-east-1
[0;39m[33m02:06:25.786[0;39m [main] [34mINFO [0;39m [36mc.n.d.p.DiscoveryJerseyProvider[0;39m - [32mUsing JSON encoding codec LegacyJacksonJson
[0;39m[33m02:06:25.786[0;39m [main] [34mINFO [0;39m [36mc.n.d.p.DiscoveryJerseyProvider[0;39m - [32mUsing JSON decoding codec LegacyJacksonJson
[0;39m[33m02:06:26.680[0;39m [main] [34mINFO [0;39m [36mc.n.d.p.DiscoveryJerseyProvider[0;39m - [32mUsing XML encoding codec XStreamXml
[0;39m[33m02:06:26.680[0;39m [main] [34mINFO [0;39m [36mc.n.d.p.DiscoveryJerseyProvider[0;39m - [32mUsing XML decoding codec XStreamXml
[0;39m[33m02:06:27.065[0;39m [main] [34mINFO [0;39m [36mc.n.d.s.r.aws.ConfigClusterResolver[0;39m - [32mResolving eureka endpoints via configuration
[0;39m[33m02:06:27.360[0;39m [main] [34mINFO [0;39m [36mc.netflix.discovery.DiscoveryClient[0;39m - [32mDisable delta property : false
[0;39m[33m02:06:27.360[0;39m [main] [34mINFO [0;39m [36mc.netflix.discovery.DiscoveryClient[0;39m - [32mSingle vip registry refresh property : null
[0;39m[33m02:06:27.360[0;39m [main] [34mINFO [0;39m [36mc.netflix.discovery.DiscoveryClient[0;39m - [32mForce full registry fetch : false
[0;39m[33m02:06:27.360[0;39m [main] [34mINFO [0;39m [36mc.netflix.discovery.DiscoveryClient[0;39m - [32mApplication is null : false
[0;39m[33m02:06:27.361[0;39m [main] [34mINFO [0;39m [36mc.netflix.discovery.DiscoveryClient[0;39m - [32mRegistered Applications size is zero : true
[0;39m[33m02:06:27.361[0;39m [main] [34mINFO [0;39m [36mc.netflix.discovery.DiscoveryClient[0;39m - [32mApplication version is -1: true
[0;39m[33m02:06:27.361[0;39m [main] [34mINFO [0;39m [36mc.netflix.discovery.DiscoveryClient[0;39m - [32mGetting all instance registry info from the eureka server
[0;39m[33m02:06:27.813[0;39m [main] [34mINFO [0;39m [36mc.netflix.discovery.DiscoveryClient[0;39m - [32mThe response status is 200
[0;39m[33m02:06:27.815[0;39m [main] [34mINFO [0;39m [36mc.netflix.discovery.DiscoveryClient[0;39m - [32mStarting heartbeat executor: renew interval is: 30
[0;39m[33m02:06:27.817[0;39m [main] [34mINFO [0;39m [36mc.n.discovery.InstanceInfoReplicator[0;39m - [32mInstanceInfoReplicator onDemand update allowed rate per min is 4
[0;39m[33m02:06:27.830[0;39m [main] [34mINFO [0;39m [36mc.netflix.discovery.DiscoveryClient[0;39m - [32mDiscovery Client initialized at timestamp 1622320587819 with initial instances count: 0
[0;39m[33m02:06:27.831[0;39m [main] [34mINFO [0;39m [36mo.s.c.n.e.s.EurekaServiceRegistry[0;39m - [32mRegistering application USER-SERVICE with eureka with status UP
[0;39m[33m02:06:27.832[0;39m [main] [34mINFO [0;39m [36mc.netflix.discovery.DiscoveryClient[0;39m - [32mSaw local status change event StatusChangeEvent [timestamp=1622320587832, current=UP, previous=STARTING]
[0;39m[33m02:06:27.835[0;39m [DiscoveryClient-InstanceInfoReplicator-0] [34mINFO [0;39m [36mc.netflix.discovery.DiscoveryClient[0;39m - [32mDiscoveryClient_USER-SERVICE/LAPTOP-F31M9K39:USER-SERVICE:5000: registering service...
[0;39m[33m02:06:27.918[0;39m [main] [34mINFO [0;39m [36mo.s.b.w.e.tomcat.TomcatWebServer[0;39m - [32mTomcat started on port(s): 5000 (http) with context path ''
[0;39m[33m02:06:27.919[0;39m [main] [34mINFO [0;39m [36mo.s.c.n.e.s.EurekaAutoServiceRegistration[0;39m - [32mUpdating port to 5000
[0;39m[33m02:06:28.043[0;39m [DiscoveryClient-InstanceInfoReplicator-0] [34mINFO [0;39m [36mc.netflix.discovery.DiscoveryClient[0;39m - [32mDiscoveryClient_USER-SERVICE/LAPTOP-F31M9K39:USER-SERVICE:5000 - registration status: 204
[0;39m[33m02:06:28.670[0;39m [main] [34mINFO [0;39m [36muserService.UserServiceApplication[0;39m - [32mStarted UserServiceApplication in 22.154 seconds (JVM running for 24.022)
[0;39m[33m02:06:57.824[0;39m [DiscoveryClient-CacheRefreshExecutor-0] [34mINFO [0;39m [36mc.netflix.discovery.DiscoveryClient[0;39m - [32mDisable delta property : false
[0;39m[33m02:06:57.825[0;39m [DiscoveryClient-CacheRefreshExecutor-0] [34mINFO [0;39m [36mc.netflix.discovery.DiscoveryClient[0;39m - [32mSingle vip registry refresh property : null
[0;39m[33m02:06:57.825[0;39m [DiscoveryClient-CacheRefreshExecutor-0] [34mINFO [0;39m [36mc.netflix.discovery.DiscoveryClient[0;39m - [32mForce full registry fetch : false
[0;39m[33m02:06:57.826[0;39m [DiscoveryClient-CacheRefreshExecutor-0] [34mINFO [0;39m [36mc.netflix.discovery.DiscoveryClient[0;39m - [32mApplication is null : false
[0;39m[33m02:06:57.826[0;39m [DiscoveryClient-CacheRefreshExecutor-0] [34mINFO [0;39m [36mc.netflix.discovery.DiscoveryClient[0;39m - [32mRegistered Applications size is zero : true
[0;39m[33m02:06:57.826[0;39m [DiscoveryClient-CacheRefreshExecutor-0] [34mINFO [0;39m [36mc.netflix.discovery.DiscoveryClient[0;39m - [32mApplication version is -1: false
[0;39m[33m02:06:57.827[0;39m [DiscoveryClient-CacheRefreshExecutor-0] [34mINFO [0;39m [36mc.netflix.discovery.DiscoveryClient[0;39m - [32mGetting all instance registry info from the eureka server
[0;39m[33m02:06:57.883[0;39m [DiscoveryClient-CacheRefreshExecutor-0] [34mINFO [0;39m [36mc.netflix.discovery.DiscoveryClient[0;39m - [32mThe response status is 200
[0;39m[33m02:11:27.371[0;39m [AsyncResolver-bootstrap-executor-0] [34mINFO [0;39m [36mc.n.d.s.r.aws.ConfigClusterResolver[0;39m - [32mResolving eureka endpoints via configuration
[0;39m[33m02:16:27.374[0;39m [AsyncResolver-bootstrap-executor-0] [34mINFO [0;39m [36mc.n.d.s.r.aws.ConfigClusterResolver[0;39m - [32mResolving eureka endpoints via configuration
[0;39m[33m02:21:27.385[0;39m [AsyncResolver-bootstrap-executor-0] [34mINFO [0;39m [36mc.n.d.s.r.aws.ConfigClusterResolver[0;39m - [32mResolving eureka endpoints via configuration
[0;39m[33m02:26:27.390[0;39m [AsyncResolver-bootstrap-executor-0] [34mINFO [0;39m [36mc.n.d.s.r.aws.ConfigClusterResolver[0;39m - [32mResolving eureka endpoints via configuration
[0;39m[33m02:27:17.320[0;39m [http-nio-5000-exec-1] [34mINFO [0;39m [36muserService.services.UserService[0;39m - [32mMovie Id => 8
[0;39m[33m02:27:21.292[0;39m [http-nio-5000-exec-1] [1;31mERROR[0;39m [36mo.a.c.c.C.[.[.[.[.c.JerseyConfig][0;39m - [32mServlet.service() for servlet [userService.config.JerseyConfig] in context with path [] threw exception [reactor.core.Exceptions$ReactiveException: java.net.UnknownHostException: MOVIE-DATA-SERVICE] with root cause
[0;39mjava.net.UnknownHostException: MOVIE-DATA-SERVICE
	at java.net.Inet6AddressImpl.lookupAllHostAddr(Native Method)
	Suppressed: reactor.core.publisher.FluxOnAssembly$OnAssemblyException: 
Error has been observed at the following site(s):
	|_ checkpoint ⇢ Request to GET http://MOVIE-DATA-SERVICE/api/movies/8 [DefaultWebClient]
Stack trace:
		at java.net.Inet6AddressImpl.lookupAllHostAddr(Native Method)
		at java.net.InetAddress$2.lookupAllHostAddr(InetAddress.java:929)
		at java.net.InetAddress.getAddressesFromNameService(InetAddress.java:1324)
		at java.net.InetAddress.getAllByName0(InetAddress.java:1277)
		at java.net.InetAddress.getAllByName(InetAddress.java:1193)
		at java.net.InetAddress.getAllByName(InetAddress.java:1127)
		at java.net.InetAddress.getByName(InetAddress.java:1077)
		at io.netty.util.internal.SocketUtils$8.run(SocketUtils.java:156)
		at io.netty.util.internal.SocketUtils$8.run(SocketUtils.java:153)
		at java.security.AccessController.doPrivileged(Native Method)
		at io.netty.util.internal.SocketUtils.addressByName(SocketUtils.java:153)
		at io.netty.resolver.DefaultNameResolver.doResolve(DefaultNameResolver.java:41)
		at io.netty.resolver.SimpleNameResolver.resolve(SimpleNameResolver.java:61)
		at io.netty.resolver.SimpleNameResolver.resolve(SimpleNameResolver.java:53)
		at io.netty.resolver.InetSocketAddressResolver.doResolve(InetSocketAddressResolver.java:55)
		at io.netty.resolver.InetSocketAddressResolver.doResolve(InetSocketAddressResolver.java:31)
		at io.netty.resolver.AbstractAddressResolver.resolve(AbstractAddressResolver.java:106)
		at io.netty.bootstrap.Bootstrap.doResolveAndConnect0(Bootstrap.java:206)
		at io.netty.bootstrap.Bootstrap.access$000(Bootstrap.java:46)
		at io.netty.bootstrap.Bootstrap$1.operationComplete(Bootstrap.java:180)
		at io.netty.bootstrap.Bootstrap$1.operationComplete(Bootstrap.java:166)
		at io.netty.util.concurrent.DefaultPromise.notifyListener0(DefaultPromise.java:578)
		at io.netty.util.concurrent.DefaultPromise.notifyListenersNow(DefaultPromise.java:552)
		at io.netty.util.concurrent.DefaultPromise.notifyListeners(DefaultPromise.java:491)
		at io.netty.util.concurrent.DefaultPromise.setValue0(DefaultPromise.java:616)
		at io.netty.util.concurrent.DefaultPromise.setSuccess0(DefaultPromise.java:605)
		at io.netty.util.concurrent.DefaultPromise.trySuccess(DefaultPromise.java:104)
		at io.netty.channel.DefaultChannelPromise.trySuccess(DefaultChannelPromise.java:84)
		at io.netty.channel.AbstractChannel$AbstractUnsafe.safeSetSuccess(AbstractChannel.java:1000)
		at io.netty.channel.AbstractChannel$AbstractUnsafe.register0(AbstractChannel.java:504)
		at io.netty.channel.AbstractChannel$AbstractUnsafe.access$200(AbstractChannel.java:417)
		at io.netty.channel.AbstractChannel$AbstractUnsafe$1.run(AbstractChannel.java:474)
		at io.netty.util.concurrent.AbstractEventExecutor.safeExecute(AbstractEventExecutor.java:164)
		at io.netty.util.concurrent.SingleThreadEventExecutor.runAllTasks(SingleThreadEventExecutor.java:472)
		at io.netty.channel.nio.NioEventLoop.run(NioEventLoop.java:500)
		at io.netty.util.concurrent.SingleThreadEventExecutor$4.run(SingleThreadEventExecutor.java:989)
		at io.netty.util.internal.ThreadExecutorMap$2.run(ThreadExecutorMap.java:74)
		at io.netty.util.concurrent.FastThreadLocalRunnable.run(FastThreadLocalRunnable.java:30)
		at java.lang.Thread.run(Thread.java:748)
[33m02:31:27.395[0;39m [AsyncResolver-bootstrap-executor-0] [34mINFO [0;39m [36mc.n.d.s.r.aws.ConfigClusterResolver[0;39m - [32mResolving eureka endpoints via configuration
[0;39m[33m02:36:27.405[0;39m [AsyncResolver-bootstrap-executor-0] [34mINFO [0;39m [36mc.n.d.s.r.aws.ConfigClusterResolver[0;39m - [32mResolving eureka endpoints via configuration
[0;39m[33m02:38:08.055[0;39m [main] [34mINFO [0;39m [36muserService.UserServiceApplication[0;39m - [32mNo active profile set, falling back to default profiles: default
[0;39m[33m02:38:08.940[0;39m [main] [34mINFO [0;39m [36mo.s.cloud.context.scope.GenericScope[0;39m - [32mBeanFactory id=dc38cf0d-adbe-3f89-a052-963ed055c798
[0;39m[33m02:38:09.016[0;39m [main] [34mINFO [0;39m [36mo.s.c.s.PostProcessorRegistrationDelegate$BeanPostProcessorChecker[0;39m - [32mBean 'org.springframework.cloud.client.loadbalancer.reactive.LoadBalancerBeanPostProcessorAutoConfiguration' of type [org.springframework.cloud.client.loadbalancer.reactive.LoadBalancerBeanPostProcessorAutoConfiguration] is not eligible for getting processed by all BeanPostProcessors (for example: not eligible for auto-proxying)
[0;39m[33m02:38:09.017[0;39m [main] [34mINFO [0;39m [36mo.s.c.s.PostProcessorRegistrationDelegate$BeanPostProcessorChecker[0;39m - [32mBean 'org.springframework.cloud.client.loadbalancer.reactive.LoadBalancerBeanPostProcessorAutoConfiguration$ReactiveLoadBalancerConfig' of type [org.springframework.cloud.client.loadbalancer.reactive.LoadBalancerBeanPostProcessorAutoConfiguration$ReactiveLoadBalancerConfig] is not eligible for getting processed by all BeanPostProcessors (for example: not eligible for auto-proxying)
[0;39m[33m02:38:09.020[0;39m [main] [34mINFO [0;39m [36mo.s.c.s.PostProcessorRegistrationDelegate$BeanPostProcessorChecker[0;39m - [32mBean 'deferringLoadBalancerExchangeFilterFunction' of type [org.springframework.cloud.client.loadbalancer.reactive.DeferringLoadBalancerExchangeFilterFunction] is not eligible for getting processed by all BeanPostProcessors (for example: not eligible for auto-proxying)
[0;39m[33m02:38:09.507[0;39m [main] [34mINFO [0;39m [36mo.s.b.w.e.tomcat.TomcatWebServer[0;39m - [32mTomcat initialized with port(s): 5000 (http)
[0;39m[33m02:38:09.519[0;39m [main] [34mINFO [0;39m [36mo.a.catalina.core.StandardService[0;39m - [32mStarting service [Tomcat]
[0;39m[33m02:38:09.519[0;39m [main] [34mINFO [0;39m [36mo.a.catalina.core.StandardEngine[0;39m - [32mStarting Servlet engine: [Apache Tomcat/9.0.41]
[0;39m[33m02:38:09.757[0;39m [main] [34mINFO [0;39m [36mo.a.c.c.C.[Tomcat].[localhost].[/][0;39m - [32mInitializing Spring embedded WebApplicationContext
[0;39m[33m02:38:09.757[0;39m [main] [34mINFO [0;39m [36mo.s.b.w.s.c.ServletWebServerApplicationContext[0;39m - [32mRoot WebApplicationContext: initialization completed in 1684 ms
[0;39m[33m02:38:10.074[0;39m [main] [31mWARN [0;39m [36mo.s.b.w.s.c.AnnotationConfigServletWebServerApplicationContext[0;39m - [32mException encountered during context initialization - cancelling refresh attempt: org.springframework.beans.factory.UnsatisfiedDependencyException: Error creating bean with name 'userController' defined in file [D:\Java Projects\movie-microservices\user-service\target\classes\userService\controllers\UserController.class]: Unsatisfied dependency expressed through constructor parameter 0; nested exception is org.springframework.beans.factory.UnsatisfiedDependencyException: Error creating bean with name 'userService' defined in file [D:\Java Projects\movie-microservices\user-service\target\classes\userService\services\UserService.class]: Unsatisfied dependency expressed through constructor parameter 0; nested exception is org.springframework.beans.factory.NoSuchBeanDefinitionException: No qualifying bean of type 'org.springframework.web.reactive.function.client.WebClient' available: expected at least 1 bean which qualifies as autowire candidate. Dependency annotations: {}
[0;39m[33m02:38:10.080[0;39m [main] [34mINFO [0;39m [36mo.a.catalina.core.StandardService[0;39m - [32mStopping service [Tomcat]
[0;39m[33m02:38:10.113[0;39m [main] [34mINFO [0;39m [36mo.s.b.a.l.ConditionEvaluationReportLoggingListener[0;39m - [32m

Error starting ApplicationContext. To display the conditions report re-run your application with 'debug' enabled.
[0;39m[33m02:38:10.335[0;39m [main] [1;31mERROR[0;39m [36mo.s.b.d.LoggingFailureAnalysisReporter[0;39m - [32m

***************************
APPLICATION FAILED TO START
***************************

Description:

Parameter 0 of constructor in userService.services.UserService required a bean of type 'org.springframework.web.reactive.function.client.WebClient' that could not be found.


Action:

Consider defining a bean of type 'org.springframework.web.reactive.function.client.WebClient' in your configuration.

[0;39m[33m02:40:57.272[0;39m [main] [34mINFO [0;39m [36muserService.UserServiceApplication[0;39m - [32mNo active profile set, falling back to default profiles: default
[0;39m[33m02:40:58.396[0;39m [main] [34mINFO [0;39m [36mo.s.cloud.context.scope.GenericScope[0;39m - [32mBeanFactory id=dc38cf0d-adbe-3f89-a052-963ed055c798
[0;39m[33m02:40:58.482[0;39m [main] [34mINFO [0;39m [36mo.s.c.s.PostProcessorRegistrationDelegate$BeanPostProcessorChecker[0;39m - [32mBean 'org.springframework.cloud.client.loadbalancer.reactive.LoadBalancerBeanPostProcessorAutoConfiguration' of type [org.springframework.cloud.client.loadbalancer.reactive.LoadBalancerBeanPostProcessorAutoConfiguration] is not eligible for getting processed by all BeanPostProcessors (for example: not eligible for auto-proxying)
[0;39m[33m02:40:58.483[0;39m [main] [34mINFO [0;39m [36mo.s.c.s.PostProcessorRegistrationDelegate$BeanPostProcessorChecker[0;39m - [32mBean 'org.springframework.cloud.client.loadbalancer.reactive.LoadBalancerBeanPostProcessorAutoConfiguration$ReactiveLoadBalancerConfig' of type [org.springframework.cloud.client.loadbalancer.reactive.LoadBalancerBeanPostProcessorAutoConfiguration$ReactiveLoadBalancerConfig] is not eligible for getting processed by all BeanPostProcessors (for example: not eligible for auto-proxying)
[0;39m[33m02:40:58.485[0;39m [main] [34mINFO [0;39m [36mo.s.c.s.PostProcessorRegistrationDelegate$BeanPostProcessorChecker[0;39m - [32mBean 'deferringLoadBalancerExchangeFilterFunction' of type [org.springframework.cloud.client.loadbalancer.reactive.DeferringLoadBalancerExchangeFilterFunction] is not eligible for getting processed by all BeanPostProcessors (for example: not eligible for auto-proxying)
[0;39m[33m02:40:59.028[0;39m [main] [34mINFO [0;39m [36mo.s.b.w.e.tomcat.TomcatWebServer[0;39m - [32mTomcat initialized with port(s): 5000 (http)
[0;39m[33m02:40:59.035[0;39m [main] [34mINFO [0;39m [36mo.a.catalina.core.StandardService[0;39m - [32mStarting service [Tomcat]
[0;39m[33m02:40:59.035[0;39m [main] [34mINFO [0;39m [36mo.a.catalina.core.StandardEngine[0;39m - [32mStarting Servlet engine: [Apache Tomcat/9.0.41]
[0;39m[33m02:40:59.283[0;39m [main] [34mINFO [0;39m [36mo.a.c.c.C.[Tomcat].[localhost].[/][0;39m - [32mInitializing Spring embedded WebApplicationContext
[0;39m[33m02:40:59.283[0;39m [main] [34mINFO [0;39m [36mo.s.b.w.s.c.ServletWebServerApplicationContext[0;39m - [32mRoot WebApplicationContext: initialization completed in 1993 ms
[0;39m[33m02:40:59.643[0;39m [main] [31mWARN [0;39m [36mc.n.c.sources.URLConfigurationSource[0;39m - [32mNo URLs will be polled as dynamic configuration sources.
[0;39m[33m02:40:59.643[0;39m [main] [34mINFO [0;39m [36mc.n.c.sources.URLConfigurationSource[0;39m - [32mTo enable URLs as dynamic configuration sources, define System property archaius.configurationSource.additionalUrls or make config.properties available on classpath.
[0;39m[33m02:40:59.657[0;39m [main] [31mWARN [0;39m [36mc.n.c.sources.URLConfigurationSource[0;39m - [32mNo URLs will be polled as dynamic configuration sources.
[0;39m[33m02:40:59.657[0;39m [main] [34mINFO [0;39m [36mc.n.c.sources.URLConfigurationSource[0;39m - [32mTo enable URLs as dynamic configuration sources, define System property archaius.configurationSource.additionalUrls or make config.properties available on classpath.
[0;39m[33m02:41:00.230[0;39m [main] [34mINFO [0;39m [36mo.s.s.c.ThreadPoolTaskExecutor[0;39m - [32mInitializing ExecutorService 'applicationTaskExecutor'
[0;39m[33m02:41:01.166[0;39m [main] [34mINFO [0;39m [36mo.s.c.n.e.c.DiscoveryClientOptionalArgsConfiguration[0;39m - [32mEureka HTTP Client uses Jersey
[0;39m[33m02:41:02.222[0;39m [main] [31mWARN [0;39m [36mo.s.c.l.c.BlockingLoadBalancerClientAutoConfiguration$BlockingLoadBalancerClientRibbonWarnLogger[0;39m - [32mYou already have RibbonLoadBalancerClient on your classpath. It will be used by default. As Spring Cloud Ribbon is in maintenance mode. We recommend switching to BlockingLoadBalancerClient instead. In order to use it, set the value of `spring.cloud.loadbalancer.ribbon.enabled` to `false` or remove spring-cloud-starter-netflix-ribbon from your project.
[0;39m[33m02:41:02.234[0;39m [main] [31mWARN [0;39m [36mo.s.c.c.l.r.ReactorLoadBalancerClientAutoConfiguration$ReactorLoadBalancerClientRibbonWarnLogger[0;39m - [32mYou have RibbonLoadBalancerClient on your classpath. LoadBalancerExchangeFilterFunction that uses it under the hood will be used by default. Spring Cloud Ribbon is now in maintenance mode, so we suggest switching to ReactorLoadBalancerExchangeFilterFunction instead. In order to use it, set the value of `spring.cloud.loadbalancer.ribbon.enabled` to `false` or remove spring-cloud-starter-netflix-ribbon from your project.
[0;39m[33m02:41:02.301[0;39m [main] [34mINFO [0;39m [36mo.s.c.n.eureka.InstanceInfoFactory[0;39m - [32mSetting initial instance status as: STARTING
[0;39m[33m02:41:02.439[0;39m [main] [34mINFO [0;39m [36mc.netflix.discovery.DiscoveryClient[0;39m - [32mInitializing Eureka in region us-east-1
[0;39m[33m02:41:03.310[0;39m [main] [34mINFO [0;39m [36mc.n.d.p.DiscoveryJerseyProvider[0;39m - [32mUsing JSON encoding codec LegacyJacksonJson
[0;39m[33m02:41:03.310[0;39m [main] [34mINFO [0;39m [36mc.n.d.p.DiscoveryJerseyProvider[0;39m - [32mUsing JSON decoding codec LegacyJacksonJson
[0;39m[33m02:41:03.795[0;39m [main] [34mINFO [0;39m [36mc.n.d.p.DiscoveryJerseyProvider[0;39m - [32mUsing XML encoding codec XStreamXml
[0;39m[33m02:41:03.795[0;39m [main] [34mINFO [0;39m [36mc.n.d.p.DiscoveryJerseyProvider[0;39m - [32mUsing XML decoding codec XStreamXml
[0;39m[33m02:41:03.986[0;39m [main] [34mINFO [0;39m [36mc.n.d.s.r.aws.ConfigClusterResolver[0;39m - [32mResolving eureka endpoints via configuration
[0;39m[33m02:41:04.283[0;39m [main] [34mINFO [0;39m [36mc.netflix.discovery.DiscoveryClient[0;39m - [32mDisable delta property : false
[0;39m[33m02:41:04.283[0;39m [main] [34mINFO [0;39m [36mc.netflix.discovery.DiscoveryClient[0;39m - [32mSingle vip registry refresh property : null
[0;39m[33m02:41:04.283[0;39m [main] [34mINFO [0;39m [36mc.netflix.discovery.DiscoveryClient[0;39m - [32mForce full registry fetch : false
[0;39m[33m02:41:04.283[0;39m [main] [34mINFO [0;39m [36mc.netflix.discovery.DiscoveryClient[0;39m - [32mApplication is null : false
[0;39m[33m02:41:04.283[0;39m [main] [34mINFO [0;39m [36mc.netflix.discovery.DiscoveryClient[0;39m - [32mRegistered Applications size is zero : true
[0;39m[33m02:41:04.286[0;39m [main] [34mINFO [0;39m [36mc.netflix.discovery.DiscoveryClient[0;39m - [32mApplication version is -1: true
[0;39m[33m02:41:04.286[0;39m [main] [34mINFO [0;39m [36mc.netflix.discovery.DiscoveryClient[0;39m - [32mGetting all instance registry info from the eureka server
[0;39m[33m02:41:04.507[0;39m [main] [34mINFO [0;39m [36mc.netflix.discovery.DiscoveryClient[0;39m - [32mThe response status is 200
[0;39m[33m02:41:04.511[0;39m [main] [34mINFO [0;39m [36mc.netflix.discovery.DiscoveryClient[0;39m - [32mStarting heartbeat executor: renew interval is: 30
[0;39m[33m02:41:04.514[0;39m [main] [34mINFO [0;39m [36mc.n.discovery.InstanceInfoReplicator[0;39m - [32mInstanceInfoReplicator onDemand update allowed rate per min is 4
[0;39m[33m02:41:04.518[0;39m [main] [34mINFO [0;39m [36mc.netflix.discovery.DiscoveryClient[0;39m - [32mDiscovery Client initialized at timestamp 1622322664517 with initial instances count: 2
[0;39m[33m02:41:04.519[0;39m [main] [34mINFO [0;39m [36mo.s.c.n.e.s.EurekaServiceRegistry[0;39m - [32mRegistering application USER-SERVICE with eureka with status UP
[0;39m[33m02:41:04.520[0;39m [main] [34mINFO [0;39m [36mc.netflix.discovery.DiscoveryClient[0;39m - [32mSaw local status change event StatusChangeEvent [timestamp=1622322664520, current=UP, previous=STARTING]
[0;39m[33m02:41:04.522[0;39m [DiscoveryClient-InstanceInfoReplicator-0] [34mINFO [0;39m [36mc.netflix.discovery.DiscoveryClient[0;39m - [32mDiscoveryClient_USER-SERVICE/LAPTOP-F31M9K39:USER-SERVICE:5000: registering service...
[0;39m[33m02:41:04.644[0;39m [main] [34mINFO [0;39m [36mo.s.b.w.e.tomcat.TomcatWebServer[0;39m - [32mTomcat started on port(s): 5000 (http) with context path ''
[0;39m[33m02:41:04.646[0;39m [main] [34mINFO [0;39m [36mo.s.c.n.e.s.EurekaAutoServiceRegistration[0;39m - [32mUpdating port to 5000
[0;39m[33m02:41:04.653[0;39m [DiscoveryClient-InstanceInfoReplicator-0] [34mINFO [0;39m [36mc.netflix.discovery.DiscoveryClient[0;39m - [32mDiscoveryClient_USER-SERVICE/LAPTOP-F31M9K39:USER-SERVICE:5000 - registration status: 204
[0;39m[33m02:41:05.267[0;39m [main] [34mINFO [0;39m [36muserService.UserServiceApplication[0;39m - [32mStarted UserServiceApplication in 9.929 seconds (JVM running for 10.666)
[0;39m[33m02:41:20.985[0;39m [http-nio-5000-exec-2] [34mINFO [0;39m [36muserService.services.UserService[0;39m - [32mMovie Id => 8
[0;39m[33m02:41:23.058[0;39m [http-nio-5000-exec-2] [34mINFO [0;39m [36mc.n.config.ChainedDynamicProperty[0;39m - [32mFlipping property: MOVIE-DATA-SERVICE.ribbon.ActiveConnectionsLimit to use NEXT property: niws.loadbalancer.availabilityFilteringRule.activeConnectionsLimit = 2147483647
[0;39m[33m02:41:23.157[0;39m [http-nio-5000-exec-2] [34mINFO [0;39m [36mc.n.u.c.ShutdownEnabledTimer[0;39m - [32mShutdown hook installed for: NFLoadBalancer-PingTimer-MOVIE-DATA-SERVICE
[0;39m[33m02:41:23.157[0;39m [http-nio-5000-exec-2] [34mINFO [0;39m [36mc.n.loadbalancer.BaseLoadBalancer[0;39m - [32mClient: MOVIE-DATA-SERVICE instantiated a LoadBalancer: DynamicServerListLoadBalancer:{NFLoadBalancer:name=MOVIE-DATA-SERVICE,current list of Servers=[],Load balancer stats=Zone stats: {},Server stats: []}ServerList:null
[0;39m[33m02:41:23.182[0;39m [http-nio-5000-exec-2] [34mINFO [0;39m [36mc.n.l.DynamicServerListLoadBalancer[0;39m - [32mUsing serverListUpdater PollingServerListUpdater
[0;39m[33m02:41:23.250[0;39m [http-nio-5000-exec-2] [34mINFO [0;39m [36mc.n.config.ChainedDynamicProperty[0;39m - [32mFlipping property: MOVIE-DATA-SERVICE.ribbon.ActiveConnectionsLimit to use NEXT property: niws.loadbalancer.availabilityFilteringRule.activeConnectionsLimit = 2147483647
[0;39m[33m02:41:23.255[0;39m [http-nio-5000-exec-2] [34mINFO [0;39m [36mc.n.l.DynamicServerListLoadBalancer[0;39m - [32mDynamicServerListLoadBalancer for client MOVIE-DATA-SERVICE initialized: DynamicServerListLoadBalancer:{NFLoadBalancer:name=MOVIE-DATA-SERVICE,current list of Servers=[192.168.43.194:5001],Load balancer stats=Zone stats: {defaultzone=[Zone:defaultzone;	Instance count:1;	Active connections count: 0;	Circuit breaker tripped count: 0;	Active connections per server: 0.0;]
},Server stats: [[Server:192.168.43.194:5001;	Zone:defaultZone;	Total Requests:0;	Successive connection failure:0;	Total blackout seconds:0;	Last connection made:Thu Jan 01 05:30:00 IST 1970;	First connection made: Thu Jan 01 05:30:00 IST 1970;	Active Connections:0;	total failure count in last (1000) msecs:0;	average resp time:0.0;	90 percentile resp time:0.0;	95 percentile resp time:0.0;	min resp time:0.0;	max resp time:0.0;	stddev resp time:0.0]
]}ServerList:org.springframework.cloud.netflix.ribbon.eureka.DomainExtractingServerList@27419f8
[0;39m[33m02:41:24.200[0;39m [PollingServerListUpdater-0] [34mINFO [0;39m [36mc.n.config.ChainedDynamicProperty[0;39m - [32mFlipping property: MOVIE-DATA-SERVICE.ribbon.ActiveConnectionsLimit to use NEXT property: niws.loadbalancer.availabilityFilteringRule.activeConnectionsLimit = 2147483647
[0;39m[33m02:43:01.377[0;39m [main] [34mINFO [0;39m [36muserService.UserServiceApplication[0;39m - [32mNo active profile set, falling back to default profiles: default
[0;39m[33m02:43:02.303[0;39m [main] [34mINFO [0;39m [36mo.s.cloud.context.scope.GenericScope[0;39m - [32mBeanFactory id=dc38cf0d-adbe-3f89-a052-963ed055c798
[0;39m[33m02:43:02.384[0;39m [main] [34mINFO [0;39m [36mo.s.c.s.PostProcessorRegistrationDelegate$BeanPostProcessorChecker[0;39m - [32mBean 'org.springframework.cloud.client.loadbalancer.reactive.LoadBalancerBeanPostProcessorAutoConfiguration' of type [org.springframework.cloud.client.loadbalancer.reactive.LoadBalancerBeanPostProcessorAutoConfiguration] is not eligible for getting processed by all BeanPostProcessors (for example: not eligible for auto-proxying)
[0;39m[33m02:43:02.385[0;39m [main] [34mINFO [0;39m [36mo.s.c.s.PostProcessorRegistrationDelegate$BeanPostProcessorChecker[0;39m - [32mBean 'org.springframework.cloud.client.loadbalancer.reactive.LoadBalancerBeanPostProcessorAutoConfiguration$ReactiveLoadBalancerConfig' of type [org.springframework.cloud.client.loadbalancer.reactive.LoadBalancerBeanPostProcessorAutoConfiguration$ReactiveLoadBalancerConfig] is not eligible for getting processed by all BeanPostProcessors (for example: not eligible for auto-proxying)
[0;39m[33m02:43:02.385[0;39m [main] [34mINFO [0;39m [36mo.s.c.s.PostProcessorRegistrationDelegate$BeanPostProcessorChecker[0;39m - [32mBean 'deferringLoadBalancerExchangeFilterFunction' of type [org.springframework.cloud.client.loadbalancer.reactive.DeferringLoadBalancerExchangeFilterFunction] is not eligible for getting processed by all BeanPostProcessors (for example: not eligible for auto-proxying)
[0;39m[33m02:43:02.852[0;39m [main] [34mINFO [0;39m [36mo.s.b.w.e.tomcat.TomcatWebServer[0;39m - [32mTomcat initialized with port(s): 5000 (http)
[0;39m[33m02:43:02.862[0;39m [main] [34mINFO [0;39m [36mo.a.catalina.core.StandardService[0;39m - [32mStarting service [Tomcat]
[0;39m[33m02:43:02.863[0;39m [main] [34mINFO [0;39m [36mo.a.catalina.core.StandardEngine[0;39m - [32mStarting Servlet engine: [Apache Tomcat/9.0.41]
[0;39m[33m02:43:03.071[0;39m [main] [34mINFO [0;39m [36mo.a.c.c.C.[Tomcat].[localhost].[/][0;39m - [32mInitializing Spring embedded WebApplicationContext
[0;39m[33m02:43:03.071[0;39m [main] [34mINFO [0;39m [36mo.s.b.w.s.c.ServletWebServerApplicationContext[0;39m - [32mRoot WebApplicationContext: initialization completed in 1676 ms
[0;39m[33m02:43:03.342[0;39m [main] [31mWARN [0;39m [36mc.n.c.sources.URLConfigurationSource[0;39m - [32mNo URLs will be polled as dynamic configuration sources.
[0;39m[33m02:43:03.342[0;39m [main] [34mINFO [0;39m [36mc.n.c.sources.URLConfigurationSource[0;39m - [32mTo enable URLs as dynamic configuration sources, define System property archaius.configurationSource.additionalUrls or make config.properties available on classpath.
[0;39m[33m02:43:03.351[0;39m [main] [31mWARN [0;39m [36mc.n.c.sources.URLConfigurationSource[0;39m - [32mNo URLs will be polled as dynamic configuration sources.
[0;39m[33m02:43:03.351[0;39m [main] [34mINFO [0;39m [36mc.n.c.sources.URLConfigurationSource[0;39m - [32mTo enable URLs as dynamic configuration sources, define System property archaius.configurationSource.additionalUrls or make config.properties available on classpath.
[0;39m[33m02:43:03.615[0;39m [main] [34mINFO [0;39m [36mo.s.s.c.ThreadPoolTaskExecutor[0;39m - [32mInitializing ExecutorService 'applicationTaskExecutor'
[0;39m[33m02:43:04.270[0;39m [main] [34mINFO [0;39m [36mo.s.c.n.e.c.DiscoveryClientOptionalArgsConfiguration[0;39m - [32mEureka HTTP Client uses Jersey
[0;39m[33m02:43:05.416[0;39m [main] [31mWARN [0;39m [36mo.s.c.l.c.BlockingLoadBalancerClientAutoConfiguration$BlockingLoadBalancerClientRibbonWarnLogger[0;39m - [32mYou already have RibbonLoadBalancerClient on your classpath. It will be used by default. As Spring Cloud Ribbon is in maintenance mode. We recommend switching to BlockingLoadBalancerClient instead. In order to use it, set the value of `spring.cloud.loadbalancer.ribbon.enabled` to `false` or remove spring-cloud-starter-netflix-ribbon from your project.
[0;39m[33m02:43:05.429[0;39m [main] [31mWARN [0;39m [36mo.s.c.c.l.r.ReactorLoadBalancerClientAutoConfiguration$ReactorLoadBalancerClientRibbonWarnLogger[0;39m - [32mYou have RibbonLoadBalancerClient on your classpath. LoadBalancerExchangeFilterFunction that uses it under the hood will be used by default. Spring Cloud Ribbon is now in maintenance mode, so we suggest switching to ReactorLoadBalancerExchangeFilterFunction instead. In order to use it, set the value of `spring.cloud.loadbalancer.ribbon.enabled` to `false` or remove spring-cloud-starter-netflix-ribbon from your project.
[0;39m[33m02:43:05.485[0;39m [main] [34mINFO [0;39m [36mo.s.c.n.eureka.InstanceInfoFactory[0;39m - [32mSetting initial instance status as: STARTING
[0;39m[33m02:43:05.555[0;39m [main] [34mINFO [0;39m [36mc.netflix.discovery.DiscoveryClient[0;39m - [32mInitializing Eureka in region us-east-1
[0;39m[33m02:43:06.025[0;39m [main] [34mINFO [0;39m [36mc.n.d.p.DiscoveryJerseyProvider[0;39m - [32mUsing JSON encoding codec LegacyJacksonJson
[0;39m[33m02:43:06.025[0;39m [main] [34mINFO [0;39m [36mc.n.d.p.DiscoveryJerseyProvider[0;39m - [32mUsing JSON decoding codec LegacyJacksonJson
[0;39m[33m02:43:06.180[0;39m [main] [34mINFO [0;39m [36mc.n.d.p.DiscoveryJerseyProvider[0;39m - [32mUsing XML encoding codec XStreamXml
[0;39m[33m02:43:06.180[0;39m [main] [34mINFO [0;39m [36mc.n.d.p.DiscoveryJerseyProvider[0;39m - [32mUsing XML decoding codec XStreamXml
[0;39m[33m02:43:06.397[0;39m [main] [34mINFO [0;39m [36mc.n.d.s.r.aws.ConfigClusterResolver[0;39m - [32mResolving eureka endpoints via configuration
[0;39m[33m02:43:06.610[0;39m [main] [34mINFO [0;39m [36mc.netflix.discovery.DiscoveryClient[0;39m - [32mDisable delta property : false
[0;39m[33m02:43:06.610[0;39m [main] [34mINFO [0;39m [36mc.netflix.discovery.DiscoveryClient[0;39m - [32mSingle vip registry refresh property : null
[0;39m[33m02:43:06.611[0;39m [main] [34mINFO [0;39m [36mc.netflix.discovery.DiscoveryClient[0;39m - [32mForce full registry fetch : false
[0;39m[33m02:43:06.611[0;39m [main] [34mINFO [0;39m [36mc.netflix.discovery.DiscoveryClient[0;39m - [32mApplication is null : false
[0;39m[33m02:43:06.611[0;39m [main] [34mINFO [0;39m [36mc.netflix.discovery.DiscoveryClient[0;39m - [32mRegistered Applications size is zero : true
[0;39m[33m02:43:06.611[0;39m [main] [34mINFO [0;39m [36mc.netflix.discovery.DiscoveryClient[0;39m - [32mApplication version is -1: true
[0;39m[33m02:43:06.611[0;39m [main] [34mINFO [0;39m [36mc.netflix.discovery.DiscoveryClient[0;39m - [32mGetting all instance registry info from the eureka server
[0;39m[33m02:43:06.872[0;39m [main] [34mINFO [0;39m [36mc.netflix.discovery.DiscoveryClient[0;39m - [32mThe response status is 200
[0;39m[33m02:43:06.876[0;39m [main] [34mINFO [0;39m [36mc.netflix.discovery.DiscoveryClient[0;39m - [32mStarting heartbeat executor: renew interval is: 30
[0;39m[33m02:43:06.879[0;39m [main] [34mINFO [0;39m [36mc.n.discovery.InstanceInfoReplicator[0;39m - [32mInstanceInfoReplicator onDemand update allowed rate per min is 4
[0;39m[33m02:43:06.883[0;39m [main] [34mINFO [0;39m [36mc.netflix.discovery.DiscoveryClient[0;39m - [32mDiscovery Client initialized at timestamp 1622322786882 with initial instances count: 3
[0;39m[33m02:43:06.883[0;39m [main] [34mINFO [0;39m [36mo.s.c.n.e.s.EurekaServiceRegistry[0;39m - [32mRegistering application USER-SERVICE with eureka with status UP
[0;39m[33m02:43:06.885[0;39m [main] [34mINFO [0;39m [36mc.netflix.discovery.DiscoveryClient[0;39m - [32mSaw local status change event StatusChangeEvent [timestamp=1622322786885, current=UP, previous=STARTING]
[0;39m[33m02:43:06.887[0;39m [DiscoveryClient-InstanceInfoReplicator-0] [34mINFO [0;39m [36mc.netflix.discovery.DiscoveryClient[0;39m - [32mDiscoveryClient_USER-SERVICE/LAPTOP-F31M9K39:USER-SERVICE:5000: registering service...
[0;39m[33m02:43:06.915[0;39m [main] [34mINFO [0;39m [36mo.s.b.w.e.tomcat.TomcatWebServer[0;39m - [32mTomcat started on port(s): 5000 (http) with context path ''
[0;39m[33m02:43:06.916[0;39m [main] [34mINFO [0;39m [36mo.s.c.n.e.s.EurekaAutoServiceRegistration[0;39m - [32mUpdating port to 5000
[0;39m[33m02:43:06.977[0;39m [DiscoveryClient-InstanceInfoReplicator-0] [34mINFO [0;39m [36mc.netflix.discovery.DiscoveryClient[0;39m - [32mDiscoveryClient_USER-SERVICE/LAPTOP-F31M9K39:USER-SERVICE:5000 - registration status: 204
[0;39m[33m02:43:07.539[0;39m [main] [34mINFO [0;39m [36muserService.UserServiceApplication[0;39m - [32mStarted UserServiceApplication in 7.992 seconds (JVM running for 8.723)
[0;39m[33m02:43:28.981[0;39m [http-nio-5000-exec-1] [34mINFO [0;39m [36muserService.services.UserService[0;39m - [32mMovie Id => 8
[0;39m[33m02:43:30.602[0;39m [http-nio-5000-exec-1] [34mINFO [0;39m [36mc.n.config.ChainedDynamicProperty[0;39m - [32mFlipping property: MOVIE-DATA-SERVICE.ribbon.ActiveConnectionsLimit to use NEXT property: niws.loadbalancer.availabilityFilteringRule.activeConnectionsLimit = 2147483647
[0;39m[33m02:43:30.696[0;39m [http-nio-5000-exec-1] [34mINFO [0;39m [36mc.n.u.c.ShutdownEnabledTimer[0;39m - [32mShutdown hook installed for: NFLoadBalancer-PingTimer-MOVIE-DATA-SERVICE
[0;39m[33m02:43:30.696[0;39m [http-nio-5000-exec-1] [34mINFO [0;39m [36mc.n.loadbalancer.BaseLoadBalancer[0;39m - [32mClient: MOVIE-DATA-SERVICE instantiated a LoadBalancer: DynamicServerListLoadBalancer:{NFLoadBalancer:name=MOVIE-DATA-SERVICE,current list of Servers=[],Load balancer stats=Zone stats: {},Server stats: []}ServerList:null
[0;39m[33m02:43:30.718[0;39m [http-nio-5000-exec-1] [34mINFO [0;39m [36mc.n.l.DynamicServerListLoadBalancer[0;39m - [32mUsing serverListUpdater PollingServerListUpdater
[0;39m[33m02:43:30.807[0;39m [http-nio-5000-exec-1] [34mINFO [0;39m [36mc.n.config.ChainedDynamicProperty[0;39m - [32mFlipping property: MOVIE-DATA-SERVICE.ribbon.ActiveConnectionsLimit to use NEXT property: niws.loadbalancer.availabilityFilteringRule.activeConnectionsLimit = 2147483647
[0;39m[33m02:43:30.810[0;39m [http-nio-5000-exec-1] [34mINFO [0;39m [36mc.n.l.DynamicServerListLoadBalancer[0;39m - [32mDynamicServerListLoadBalancer for client MOVIE-DATA-SERVICE initialized: DynamicServerListLoadBalancer:{NFLoadBalancer:name=MOVIE-DATA-SERVICE,current list of Servers=[192.168.43.194:5001],Load balancer stats=Zone stats: {defaultzone=[Zone:defaultzone;	Instance count:1;	Active connections count: 0;	Circuit breaker tripped count: 0;	Active connections per server: 0.0;]
},Server stats: [[Server:192.168.43.194:5001;	Zone:defaultZone;	Total Requests:0;	Successive connection failure:0;	Total blackout seconds:0;	Last connection made:Thu Jan 01 05:30:00 IST 1970;	First connection made: Thu Jan 01 05:30:00 IST 1970;	Active Connections:0;	total failure count in last (1000) msecs:0;	average resp time:0.0;	90 percentile resp time:0.0;	95 percentile resp time:0.0;	min resp time:0.0;	max resp time:0.0;	stddev resp time:0.0]
]}ServerList:org.springframework.cloud.netflix.ribbon.eureka.DomainExtractingServerList@662db2b
[0;39m[33m02:43:31.733[0;39m [PollingServerListUpdater-0] [34mINFO [0;39m [36mc.n.config.ChainedDynamicProperty[0;39m - [32mFlipping property: MOVIE-DATA-SERVICE.ribbon.ActiveConnectionsLimit to use NEXT property: niws.loadbalancer.availabilityFilteringRule.activeConnectionsLimit = 2147483647
[0;39m[33m02:43:59.436[0;39m [http-nio-5000-exec-3] [34mINFO [0;39m [36muserService.services.UserService[0;39m - [32mMovie Id => 8
[0;39m[33m02:43:59.437[0;39m [http-nio-5000-exec-3] [34mINFO [0;39m [36muserService.services.UserService[0;39m - [32mMovie Id => 8
[0;39m[33m02:43:59.535[0;39m [http-nio-5000-exec-3] [34mINFO [0;39m [36mc.n.config.ChainedDynamicProperty[0;39m - [32mFlipping property: RATING-SERVICE.ribbon.ActiveConnectionsLimit to use NEXT property: niws.loadbalancer.availabilityFilteringRule.activeConnectionsLimit = 2147483647
[0;39m[33m02:43:59.540[0;39m [http-nio-5000-exec-3] [34mINFO [0;39m [36mc.n.u.c.ShutdownEnabledTimer[0;39m - [32mShutdown hook installed for: NFLoadBalancer-PingTimer-RATING-SERVICE
[0;39m[33m02:43:59.540[0;39m [http-nio-5000-exec-3] [34mINFO [0;39m [36mc.n.loadbalancer.BaseLoadBalancer[0;39m - [32mClient: RATING-SERVICE instantiated a LoadBalancer: DynamicServerListLoadBalancer:{NFLoadBalancer:name=RATING-SERVICE,current list of Servers=[],Load balancer stats=Zone stats: {},Server stats: []}ServerList:null
[0;39m[33m02:43:59.541[0;39m [http-nio-5000-exec-3] [34mINFO [0;39m [36mc.n.l.DynamicServerListLoadBalancer[0;39m - [32mUsing serverListUpdater PollingServerListUpdater
[0;39m[33m02:43:59.541[0;39m [http-nio-5000-exec-3] [34mINFO [0;39m [36mc.n.config.ChainedDynamicProperty[0;39m - [32mFlipping property: RATING-SERVICE.ribbon.ActiveConnectionsLimit to use NEXT property: niws.loadbalancer.availabilityFilteringRule.activeConnectionsLimit = 2147483647
[0;39m[33m02:43:59.541[0;39m [http-nio-5000-exec-3] [34mINFO [0;39m [36mc.n.l.DynamicServerListLoadBalancer[0;39m - [32mDynamicServerListLoadBalancer for client RATING-SERVICE initialized: DynamicServerListLoadBalancer:{NFLoadBalancer:name=RATING-SERVICE,current list of Servers=[192.168.43.194:5002],Load balancer stats=Zone stats: {defaultzone=[Zone:defaultzone;	Instance count:1;	Active connections count: 0;	Circuit breaker tripped count: 0;	Active connections per server: 0.0;]
},Server stats: [[Server:192.168.43.194:5002;	Zone:defaultZone;	Total Requests:0;	Successive connection failure:0;	Total blackout seconds:0;	Last connection made:Thu Jan 01 05:30:00 IST 1970;	First connection made: Thu Jan 01 05:30:00 IST 1970;	Active Connections:0;	total failure count in last (1000) msecs:0;	average resp time:0.0;	90 percentile resp time:0.0;	95 percentile resp time:0.0;	min resp time:0.0;	max resp time:0.0;	stddev resp time:0.0]
]}ServerList:org.springframework.cloud.netflix.ribbon.eureka.DomainExtractingServerList@3cc483f0
[0;39m[33m02:44:00.547[0;39m [PollingServerListUpdater-0] [34mINFO [0;39m [36mc.n.config.ChainedDynamicProperty[0;39m - [32mFlipping property: RATING-SERVICE.ribbon.ActiveConnectionsLimit to use NEXT property: niws.loadbalancer.availabilityFilteringRule.activeConnectionsLimit = 2147483647
[0;39m[33m02:44:22.933[0;39m [http-nio-5000-exec-4] [34mINFO [0;39m [36muserService.services.UserService[0;39m - [32mMovie Id => 8
[0;39m[33m02:44:22.933[0;39m [http-nio-5000-exec-4] [34mINFO [0;39m [36muserService.services.UserService[0;39m - [32mMovie Id => 8
[0;39m[33m02:44:22.953[0;39m [http-nio-5000-exec-4] [34mINFO [0;39m [36muserService.services.UserService[0;39m - [32mMovie Id => 8
[0;39m