[33m12:09:05.910[0;39m [restartedMain] [34mINFO [0;39m [36mm.MovieDataServiceApplication[0;39m - [32mStarting MovieDataServiceApplication using Java 1.8.0_291 on LAPTOP-F31M9K39 with PID 12236 (D:\Java Projects\movie-microservices\movie-data-service\target\classes started by lenono in D:\Java Projects\movie-microservices\movie-data-service)
[0;39m[33m12:09:06.048[0;39m [restartedMain] [39mDEBUG[0;39m [36mm.MovieDataServiceApplication[0;39m - [32mRunning with Spring Boot v2.4.5, Spring v5.3.6
[0;39m[33m12:09:06.050[0;39m [restartedMain] [34mINFO [0;39m [36mm.MovieDataServiceApplication[0;39m - [32mNo active profile set, falling back to default profiles: default
[0;39m[33m12:09:06.103[0;39m [restartedMain] [34mINFO [0;39m [36mo.s.b.d.restart.ChangeableUrls[0;39m - [32mThe Class-Path manifest attribute in C:\Users\lenono\.m2\repository\org\glassfish\hk2\hk2\2.6.1\hk2-2.6.1.jar referenced one or more files that do not exist: file:/C:/Users/lenono/.m2/repository/org/glassfish/hk2/hk2/2.6.1/hk2-utils.jar,file:/C:/Users/lenono/.m2/repository/org/glassfish/hk2/hk2/2.6.1/jakarta.annotation-api.jar,file:/C:/Users/lenono/.m2/repository/org/glassfish/hk2/hk2/2.6.1/jakarta.inject.jar,file:/C:/Users/lenono/.m2/repository/org/glassfish/hk2/hk2/2.6.1/hk2-api.jar,file:/C:/Users/lenono/.m2/repository/org/glassfish/hk2/hk2/2.6.1/aopalliance-repackaged.jar,file:/C:/Users/lenono/.m2/repository/org/glassfish/hk2/hk2/2.6.1/hk2-core.jar,file:/C:/Users/lenono/.m2/repository/org/glassfish/hk2/hk2/2.6.1/hk2-locator.jar,file:/C:/Users/lenono/.m2/repository/org/glassfish/hk2/hk2/2.6.1/javassist.jar,file:/C:/Users/lenono/.m2/repository/org/glassfish/hk2/hk2/2.6.1/hk2-runlevel.jar,file:/C:/Users/lenono/.m2/repository/org/glassfish/hk2/hk2/2.6.1/class-model.jar,file:/C:/Users/lenono/.m2/repository/org/glassfish/hk2/hk2/2.6.1/asm.jar,file:/C:/Users/lenono/.m2/repository/org/glassfish/hk2/hk2/2.6.1/asm-analysis.jar,file:/C:/Users/lenono/.m2/repository/org/glassfish/hk2/hk2/2.6.1/asm-commons.jar,file:/C:/Users/lenono/.m2/repository/org/glassfish/hk2/hk2/2.6.1/asm-tree.jar,file:/C:/Users/lenono/.m2/repository/org/glassfish/hk2/hk2/2.6.1/asm-util.jar
[0;39m[33m12:09:06.112[0;39m [restartedMain] [34mINFO [0;39m [36mo.s.b.d.restart.ChangeableUrls[0;39m - [32mThe Class-Path manifest attribute in C:\Users\lenono\.m2\repository\com\oracle\database\jdbc\ojdbc8\19.8.0.0\ojdbc8-19.8.0.0.jar referenced one or more files that do not exist: file:/C:/Users/lenono/.m2/repository/com/oracle/database/jdbc/ojdbc8/19.8.0.0/oraclepki.jar
[0;39m[33m12:09:06.113[0;39m [restartedMain] [34mINFO [0;39m [36mo.s.b.d.e.DevToolsPropertyDefaultsPostProcessor[0;39m - [32mDevtools property defaults active! Set 'spring.devtools.add-properties' to 'false' to disable
[0;39m[33m12:09:06.114[0;39m [restartedMain] [34mINFO [0;39m [36mo.s.b.d.e.DevToolsPropertyDefaultsPostProcessor[0;39m - [32mFor additional web related logging consider setting the 'logging.level.web' property to 'DEBUG'
[0;39m[33m12:09:07.190[0;39m [restartedMain] [34mINFO [0;39m [36mo.s.d.r.c.RepositoryConfigurationDelegate[0;39m - [32mMultiple Spring Data modules found, entering strict repository configuration mode!
[0;39m[33m12:09:07.192[0;39m [restartedMain] [34mINFO [0;39m [36mo.s.d.r.c.RepositoryConfigurationDelegate[0;39m - [32mBootstrapping Spring Data JDBC repositories in DEFAULT mode.
[0;39m[33m12:09:07.274[0;39m [restartedMain] [34mINFO [0;39m [36mo.s.d.r.c.RepositoryConfigurationExtensionSupport[0;39m - [32mSpring Data JDBC - Could not safely identify store assignment for repository candidate interface movieDataService.repositories.MovieRepository. If you want this repository to be a JDBC repository, consider annotating your entities with one of these annotations: org.springframework.data.relational.core.mapping.Table.
[0;39m[33m12:09:07.281[0;39m [restartedMain] [34mINFO [0;39m [36mo.s.d.r.c.RepositoryConfigurationExtensionSupport[0;39m - [32mSpring Data JDBC - Could not safely identify store assignment for repository candidate interface movieDataService.repositories.ReviewRepository. If you want this repository to be a JDBC repository, consider annotating your entities with one of these annotations: org.springframework.data.relational.core.mapping.Table.
[0;39m[33m12:09:07.284[0;39m [restartedMain] [34mINFO [0;39m [36mo.s.d.r.c.RepositoryConfigurationDelegate[0;39m - [32mFinished Spring Data repository scanning in 83 ms. Found 0 JDBC repository interfaces.
[0;39m[33m12:09:07.301[0;39m [restartedMain] [34mINFO [0;39m [36mo.s.d.r.c.RepositoryConfigurationDelegate[0;39m - [32mMultiple Spring Data modules found, entering strict repository configuration mode!
[0;39m[33m12:09:07.302[0;39m [restartedMain] [34mINFO [0;39m [36mo.s.d.r.c.RepositoryConfigurationDelegate[0;39m - [32mBootstrapping Spring Data JPA repositories in DEFAULT mode.
[0;39m[33m12:09:07.415[0;39m [restartedMain] [34mINFO [0;39m [36mo.s.d.r.c.RepositoryConfigurationDelegate[0;39m - [32mFinished Spring Data repository scanning in 100 ms. Found 2 JPA repository interfaces.
[0;39m[33m12:09:07.811[0;39m [restartedMain] [34mINFO [0;39m [36mo.s.cloud.context.scope.GenericScope[0;39m - [32mBeanFactory id=493eace5-130a-3b11-b77e-13958bf6c841
[0;39m[33m12:09:09.555[0;39m [restartedMain] [34mINFO [0;39m [36mo.s.b.w.e.tomcat.TomcatWebServer[0;39m - [32mTomcat initialized with port(s): 5001 (http)
[0;39m[33m12:09:09.632[0;39m [restartedMain] [34mINFO [0;39m [36mo.a.catalina.core.StandardService[0;39m - [32mStarting service [Tomcat]
[0;39m[33m12:09:09.635[0;39m [restartedMain] [34mINFO [0;39m [36mo.a.catalina.core.StandardEngine[0;39m - [32mStarting Servlet engine: [Apache Tomcat/9.0.45]
[0;39m[33m12:09:09.839[0;39m [restartedMain] [34mINFO [0;39m [36mo.a.c.c.C.[Tomcat].[localhost].[/][0;39m - [32mInitializing Spring embedded WebApplicationContext
[0;39m[33m12:09:09.841[0;39m [restartedMain] [34mINFO [0;39m [36mo.s.b.w.s.c.ServletWebServerApplicationContext[0;39m - [32mRoot WebApplicationContext: initialization completed in 3725 ms
[0;39m[33m12:09:11.654[0;39m [restartedMain] [34mINFO [0;39m [36mo.h.jpa.internal.util.LogHelper[0;39m - [32mHHH000204: Processing PersistenceUnitInfo [name: default]
[0;39m[33m12:09:11.814[0;39m [restartedMain] [34mINFO [0;39m [36morg.hibernate.Version[0;39m - [32mHHH000412: Hibernate ORM core version 5.4.30.Final
[0;39m[33m12:09:12.049[0;39m [restartedMain] [34mINFO [0;39m [36mo.h.annotations.common.Version[0;39m - [32mHCANN000001: Hibernate Commons Annotations {5.1.2.Final}
[0;39m[33m12:09:12.354[0;39m [restartedMain] [34mINFO [0;39m [36mcom.zaxxer.hikari.HikariDataSource[0;39m - [32mHikariPool-1 - Starting...
[0;39m[33m12:09:15.428[0;39m [restartedMain] [34mINFO [0;39m [36mcom.zaxxer.hikari.HikariDataSource[0;39m - [32mHikariPool-1 - Start completed.
[0;39m[33m12:09:15.457[0;39m [restartedMain] [34mINFO [0;39m [36morg.hibernate.dialect.Dialect[0;39m - [32mHHH000400: Using dialect: org.hibernate.dialect.Oracle10gDialect
[0;39m[33m12:09:18.061[0;39m [restartedMain] [34mINFO [0;39m [36mo.h.e.t.j.p.i.JtaPlatformInitiator[0;39m - [32mHHH000490: Using JtaPlatform implementation: [org.hibernate.engine.transaction.jta.platform.internal.NoJtaPlatform]
[0;39m[33m12:09:18.155[0;39m [restartedMain] [34mINFO [0;39m [36mo.s.o.j.LocalContainerEntityManagerFactoryBean[0;39m - [32mInitialized JPA EntityManagerFactory for persistence unit 'default'
[0;39m[33m12:09:18.285[0;39m [restartedMain] [34mINFO [0;39m [36mo.s.b.d.a.OptionalLiveReloadServer[0;39m - [32mLiveReload server is running on port 35729
[0;39m[33m12:09:19.248[0;39m [restartedMain] [31mWARN [0;39m [36mo.s.b.a.o.j.JpaBaseConfiguration$JpaWebConfiguration[0;39m - [32mspring.jpa.open-in-view is enabled by default. Therefore, database queries may be performed during view rendering. Explicitly configure spring.jpa.open-in-view to disable this warning
[0;39m[33m12:09:19.367[0;39m [restartedMain] [34mINFO [0;39m [36mo.s.s.c.ThreadPoolTaskExecutor[0;39m - [32mInitializing ExecutorService 'applicationTaskExecutor'
[0;39m[33m12:09:20.807[0;39m [restartedMain] [34mINFO [0;39m [36mo.s.c.n.e.c.DiscoveryClientOptionalArgsConfiguration[0;39m - [32mEureka HTTP Client uses RestTemplate.
[0;39m[33m12:09:21.614[0;39m [restartedMain] [31mWARN [0;39m [36mo.s.c.l.c.LoadBalancerCacheAutoConfiguration$LoadBalancerCaffeineWarnLogger[0;39m - [32mSpring Cloud LoadBalancer is currently working with the default cache. You can switch to using Caffeine cache, by adding it to the classpath.
[0;39m[33m12:09:21.665[0;39m [restartedMain] [34mINFO [0;39m [36mo.s.c.n.eureka.InstanceInfoFactory[0;39m - [32mSetting initial instance status as: STARTING
[0;39m[33m12:09:21.777[0;39m [restartedMain] [34mINFO [0;39m [36mc.netflix.discovery.DiscoveryClient[0;39m - [32mInitializing Eureka in region us-east-1
[0;39m[33m12:09:21.788[0;39m [restartedMain] [34mINFO [0;39m [36mc.n.d.s.r.aws.ConfigClusterResolver[0;39m - [32mResolving eureka endpoints via configuration
[0;39m[33m12:09:22.112[0;39m [restartedMain] [34mINFO [0;39m [36mc.netflix.discovery.DiscoveryClient[0;39m - [32mDisable delta property : false
[0;39m[33m12:09:22.113[0;39m [restartedMain] [34mINFO [0;39m [36mc.netflix.discovery.DiscoveryClient[0;39m - [32mSingle vip registry refresh property : null
[0;39m[33m12:09:22.114[0;39m [restartedMain] [34mINFO [0;39m [36mc.netflix.discovery.DiscoveryClient[0;39m - [32mForce full registry fetch : false
[0;39m[33m12:09:22.114[0;39m [restartedMain] [34mINFO [0;39m [36mc.netflix.discovery.DiscoveryClient[0;39m - [32mApplication is null : false
[0;39m[33m12:09:22.115[0;39m [restartedMain] [34mINFO [0;39m [36mc.netflix.discovery.DiscoveryClient[0;39m - [32mRegistered Applications size is zero : true
[0;39m[33m12:09:22.115[0;39m [restartedMain] [34mINFO [0;39m [36mc.netflix.discovery.DiscoveryClient[0;39m - [32mApplication version is -1: true
[0;39m[33m12:09:22.116[0;39m [restartedMain] [34mINFO [0;39m [36mc.netflix.discovery.DiscoveryClient[0;39m - [32mGetting all instance registry info from the eureka server
[0;39m[33m12:09:31.865[0;39m [restartedMain] [34mINFO [0;39m [36mc.netflix.discovery.DiscoveryClient[0;39m - [32mThe response status is 200
[0;39m[33m12:09:31.874[0;39m [restartedMain] [34mINFO [0;39m [36mc.netflix.discovery.DiscoveryClient[0;39m - [32mStarting heartbeat executor: renew interval is: 30
[0;39m[33m12:09:31.878[0;39m [restartedMain] [34mINFO [0;39m [36mc.n.discovery.InstanceInfoReplicator[0;39m - [32mInstanceInfoReplicator onDemand update allowed rate per min is 4
[0;39m[33m12:09:32.003[0;39m [restartedMain] [34mINFO [0;39m [36mc.netflix.discovery.DiscoveryClient[0;39m - [32mDiscovery Client initialized at timestamp 1622270371893 with initial instances count: 0
[0;39m[33m12:09:32.024[0;39m [restartedMain] [34mINFO [0;39m [36mo.s.c.n.e.s.EurekaServiceRegistry[0;39m - [32mRegistering application MOVIE-DATA-SERVICE with eureka with status UP
[0;39m[33m12:09:32.028[0;39m [restartedMain] [34mINFO [0;39m [36mc.netflix.discovery.DiscoveryClient[0;39m - [32mSaw local status change event StatusChangeEvent [timestamp=1622270372028, current=UP, previous=STARTING]
[0;39m[33m12:09:32.034[0;39m [DiscoveryClient-InstanceInfoReplicator-0] [34mINFO [0;39m [36mc.netflix.discovery.DiscoveryClient[0;39m - [32mDiscoveryClient_MOVIE-DATA-SERVICE/LAPTOP-F31M9K39:movie-data-service:5001: registering service...
[0;39m[33m12:09:32.315[0;39m [restartedMain] [34mINFO [0;39m [36mo.s.b.w.e.tomcat.TomcatWebServer[0;39m - [32mTomcat started on port(s): 5001 (http) with context path ''
[0;39m[33m12:09:32.315[0;39m [restartedMain] [34mINFO [0;39m [36mo.s.c.n.e.s.EurekaAutoServiceRegistration[0;39m - [32mUpdating port to 5001
[0;39m[33m12:09:33.414[0;39m [restartedMain] [34mINFO [0;39m [36mm.MovieDataServiceApplication[0;39m - [32mStarted MovieDataServiceApplication in 29.879 seconds (JVM running for 30.653)
[0;39m[33m12:09:35.927[0;39m [DiscoveryClient-InstanceInfoReplicator-0] [34mINFO [0;39m [36mc.netflix.discovery.DiscoveryClient[0;39m - [32mDiscoveryClient_MOVIE-DATA-SERVICE/LAPTOP-F31M9K39:movie-data-service:5001 - registration status: 204
[0;39m[33m12:10:01.887[0;39m [DiscoveryClient-CacheRefreshExecutor-0] [34mINFO [0;39m [36mc.netflix.discovery.DiscoveryClient[0;39m - [32mDisable delta property : false
[0;39m[33m12:10:01.890[0;39m [DiscoveryClient-CacheRefreshExecutor-0] [34mINFO [0;39m [36mc.netflix.discovery.DiscoveryClient[0;39m - [32mSingle vip registry refresh property : null
[0;39m[33m12:10:01.892[0;39m [DiscoveryClient-CacheRefreshExecutor-0] [34mINFO [0;39m [36mc.netflix.discovery.DiscoveryClient[0;39m - [32mForce full registry fetch : false
[0;39m[33m12:10:01.893[0;39m [DiscoveryClient-CacheRefreshExecutor-0] [34mINFO [0;39m [36mc.netflix.discovery.DiscoveryClient[0;39m - [32mApplication is null : false
[0;39m[33m12:10:01.896[0;39m [DiscoveryClient-CacheRefreshExecutor-0] [34mINFO [0;39m [36mc.netflix.discovery.DiscoveryClient[0;39m - [32mRegistered Applications size is zero : true
[0;39m[33m12:10:01.898[0;39m [DiscoveryClient-CacheRefreshExecutor-0] [34mINFO [0;39m [36mc.netflix.discovery.DiscoveryClient[0;39m - [32mApplication version is -1: false
[0;39m[33m12:10:01.901[0;39m [DiscoveryClient-CacheRefreshExecutor-0] [34mINFO [0;39m [36mc.netflix.discovery.DiscoveryClient[0;39m - [32mGetting all instance registry info from the eureka server
[0;39m[33m12:10:02.011[0;39m [DiscoveryClient-CacheRefreshExecutor-0] [34mINFO [0;39m [36mc.netflix.discovery.DiscoveryClient[0;39m - [32mThe response status is 200
[0;39m[33m12:14:22.123[0;39m [AsyncResolver-bootstrap-executor-0] [34mINFO [0;39m [36mc.n.d.s.r.aws.ConfigClusterResolver[0;39m - [32mResolving eureka endpoints via configuration
[0;39m[33m12:19:22.129[0;39m [AsyncResolver-bootstrap-executor-0] [34mINFO [0;39m [36mc.n.d.s.r.aws.ConfigClusterResolver[0;39m - [32mResolving eureka endpoints via configuration
[0;39m[33m12:24:22.142[0;39m [AsyncResolver-bootstrap-executor-0] [34mINFO [0;39m [36mc.n.d.s.r.aws.ConfigClusterResolver[0;39m - [32mResolving eureka endpoints via configuration
[0;39m[33m12:29:22.148[0;39m [AsyncResolver-bootstrap-executor-0] [34mINFO [0;39m [36mc.n.d.s.r.aws.ConfigClusterResolver[0;39m - [32mResolving eureka endpoints via configuration
[0;39m[33m12:34:22.160[0;39m [AsyncResolver-bootstrap-executor-0] [34mINFO [0;39m [36mc.n.d.s.r.aws.ConfigClusterResolver[0;39m - [32mResolving eureka endpoints via configuration
[0;39m[33m12:39:22.174[0;39m [AsyncResolver-bootstrap-executor-0] [34mINFO [0;39m [36mc.n.d.s.r.aws.ConfigClusterResolver[0;39m - [32mResolving eureka endpoints via configuration
[0;39m[33m12:44:22.185[0;39m [AsyncResolver-bootstrap-executor-0] [34mINFO [0;39m [36mc.n.d.s.r.aws.ConfigClusterResolver[0;39m - [32mResolving eureka endpoints via configuration
[0;39m[33m12:49:22.194[0;39m [AsyncResolver-bootstrap-executor-0] [34mINFO [0;39m [36mc.n.d.s.r.aws.ConfigClusterResolver[0;39m - [32mResolving eureka endpoints via configuration
[0;39m[33m14:22:02.609[0;39m [HikariPool-1 housekeeper] [31mWARN [0;39m [36mcom.zaxxer.hikari.pool.HikariPool[0;39m - [32mHikariPool-1 - Thread starvation or clock leap detected (housekeeper delta=1h28m46s276ms209µs).
[0;39m[33m14:22:38.466[0;39m [AsyncResolver-bootstrap-executor-0] [34mINFO [0;39m [36mc.n.d.s.r.aws.ConfigClusterResolver[0;39m - [32mResolving eureka endpoints via configuration
[0;39m[33m14:27:38.474[0;39m [AsyncResolver-bootstrap-executor-0] [34mINFO [0;39m [36mc.n.d.s.r.aws.ConfigClusterResolver[0;39m - [32mResolving eureka endpoints via configuration
[0;39m[33m14:32:38.480[0;39m [AsyncResolver-bootstrap-executor-0] [34mINFO [0;39m [36mc.n.d.s.r.aws.ConfigClusterResolver[0;39m - [32mResolving eureka endpoints via configuration
[0;39m[33m14:32:56.551[0;39m [http-nio-5001-exec-2] [34mINFO [0;39m [36mm.controllers.MovieController[0;39m - [32mMovie Id: 1
[0;39m[33m14:32:56.551[0;39m [http-nio-5001-exec-4] [34mINFO [0;39m [36mm.controllers.MovieController[0;39m - [32mMovie Id: 1
[0;39m[33m14:32:59.980[0;39m [http-nio-5001-exec-4] [1;31mERROR[0;39m [36mm.controllers.MovieController[0;39m - [32mMovie with id = 1 Does not exists
[0;39m[33m14:32:59.971[0;39m [http-nio-5001-exec-2] [1;31mERROR[0;39m [36mm.controllers.MovieController[0;39m - [32mMovie with id = 1 Does not exists
[0;39m[33m14:34:18.504[0;39m [http-nio-5001-exec-7] [34mINFO [0;39m [36mm.controllers.MovieController[0;39m - [32mMovie Id => 5
[0;39m[33m14:34:18.547[0;39m [http-nio-5001-exec-7] [1;31mERROR[0;39m [36mm.controllers.MovieController[0;39m - [32mMovie with id = 5 Does not exists
[0;39m[33m14:34:59.276[0;39m [http-nio-5001-exec-10] [1;31mERROR[0;39m [36mm.controllers.ReviewController[0;39m - [32mReview with Id 6 doesn't exists
[0;39m[33m14:37:38.543[0;39m [AsyncResolver-bootstrap-executor-0] [34mINFO [0;39m [36mc.n.d.s.r.aws.ConfigClusterResolver[0;39m - [32mResolving eureka endpoints via configuration
[0;39m[33m14:38:03.019[0;39m [http-nio-5001-exec-4] [1;31mERROR[0;39m [36mm.controllers.ReviewController[0;39m - [32mMovie with Id 9 doesn't exists
[0;39m[33m14:39:05.783[0;39m [SpringContextShutdownHook] [34mINFO [0;39m [36mo.s.c.n.e.s.EurekaServiceRegistry[0;39m - [32mUnregistering application MOVIE-DATA-SERVICE with eureka with status DOWN
[0;39m[33m14:39:05.890[0;39m [SpringContextShutdownHook] [1;31mERROR[0;39m [36mc.netflix.discovery.DiscoveryClient[0;39m - [32mSaw local status change event StatusChangeEvent [timestamp=1622279345890, current=DOWN, previous=UP]
[0;39m[33m14:39:05.891[0;39m [DiscoveryClient-InstanceInfoReplicator-0] [34mINFO [0;39m [36mc.netflix.discovery.DiscoveryClient[0;39m - [32mDiscoveryClient_MOVIE-DATA-SERVICE/LAPTOP-F31M9K39:movie-data-service:5001: registering service...
[0;39m[33m14:39:06.996[0;39m [DiscoveryClient-InstanceInfoReplicator-0] [34mINFO [0;39m [36mc.netflix.discovery.DiscoveryClient[0;39m - [32mDiscoveryClient_MOVIE-DATA-SERVICE/LAPTOP-F31M9K39:movie-data-service:5001 - registration status: 204
[0;39m[33m14:40:38.911[0;39m [restartedMain] [34mINFO [0;39m [36mm.MovieDataServiceApplication[0;39m - [32mStarting MovieDataServiceApplication using Java 1.8.0_291 on LAPTOP-F31M9K39 with PID 18056 (D:\Java Projects\movie-microservices\movie-data-service\target\classes started by lenono in D:\Java Projects\movie-microservices\movie-data-service)
[0;39m[33m14:40:39.028[0;39m [restartedMain] [39mDEBUG[0;39m [36mm.MovieDataServiceApplication[0;39m - [32mRunning with Spring Boot v2.4.5, Spring v5.3.6
[0;39m[33m14:40:39.028[0;39m [restartedMain] [34mINFO [0;39m [36mm.MovieDataServiceApplication[0;39m - [32mNo active profile set, falling back to default profiles: default
[0;39m[33m14:40:39.568[0;39m [restartedMain] [34mINFO [0;39m [36mo.s.b.d.restart.ChangeableUrls[0;39m - [32mThe Class-Path manifest attribute in C:\Users\lenono\.m2\repository\org\glassfish\hk2\hk2\2.6.1\hk2-2.6.1.jar referenced one or more files that do not exist: file:/C:/Users/lenono/.m2/repository/org/glassfish/hk2/hk2/2.6.1/hk2-utils.jar,file:/C:/Users/lenono/.m2/repository/org/glassfish/hk2/hk2/2.6.1/jakarta.annotation-api.jar,file:/C:/Users/lenono/.m2/repository/org/glassfish/hk2/hk2/2.6.1/jakarta.inject.jar,file:/C:/Users/lenono/.m2/repository/org/glassfish/hk2/hk2/2.6.1/hk2-api.jar,file:/C:/Users/lenono/.m2/repository/org/glassfish/hk2/hk2/2.6.1/aopalliance-repackaged.jar,file:/C:/Users/lenono/.m2/repository/org/glassfish/hk2/hk2/2.6.1/hk2-core.jar,file:/C:/Users/lenono/.m2/repository/org/glassfish/hk2/hk2/2.6.1/hk2-locator.jar,file:/C:/Users/lenono/.m2/repository/org/glassfish/hk2/hk2/2.6.1/javassist.jar,file:/C:/Users/lenono/.m2/repository/org/glassfish/hk2/hk2/2.6.1/hk2-runlevel.jar,file:/C:/Users/lenono/.m2/repository/org/glassfish/hk2/hk2/2.6.1/class-model.jar,file:/C:/Users/lenono/.m2/repository/org/glassfish/hk2/hk2/2.6.1/asm.jar,file:/C:/Users/lenono/.m2/repository/org/glassfish/hk2/hk2/2.6.1/asm-analysis.jar,file:/C:/Users/lenono/.m2/repository/org/glassfish/hk2/hk2/2.6.1/asm-commons.jar,file:/C:/Users/lenono/.m2/repository/org/glassfish/hk2/hk2/2.6.1/asm-tree.jar,file:/C:/Users/lenono/.m2/repository/org/glassfish/hk2/hk2/2.6.1/asm-util.jar
[0;39m[33m14:40:39.569[0;39m [restartedMain] [34mINFO [0;39m [36mo.s.b.d.restart.ChangeableUrls[0;39m - [32mThe Class-Path manifest attribute in C:\Users\lenono\.m2\repository\com\oracle\database\jdbc\ojdbc8\19.8.0.0\ojdbc8-19.8.0.0.jar referenced one or more files that do not exist: file:/C:/Users/lenono/.m2/repository/com/oracle/database/jdbc/ojdbc8/19.8.0.0/oraclepki.jar
[0;39m[33m14:40:39.569[0;39m [restartedMain] [34mINFO [0;39m [36mo.s.b.d.e.DevToolsPropertyDefaultsPostProcessor[0;39m - [32mDevtools property defaults active! Set 'spring.devtools.add-properties' to 'false' to disable
[0;39m[33m14:40:39.569[0;39m [restartedMain] [34mINFO [0;39m [36mo.s.b.d.e.DevToolsPropertyDefaultsPostProcessor[0;39m - [32mFor additional web related logging consider setting the 'logging.level.web' property to 'DEBUG'
[0;39m[33m14:40:45.193[0;39m [restartedMain] [34mINFO [0;39m [36mo.s.d.r.c.RepositoryConfigurationDelegate[0;39m - [32mMultiple Spring Data modules found, entering strict repository configuration mode!
[0;39m[33m14:40:45.195[0;39m [restartedMain] [34mINFO [0;39m [36mo.s.d.r.c.RepositoryConfigurationDelegate[0;39m - [32mBootstrapping Spring Data JDBC repositories in DEFAULT mode.
[0;39m[33m14:40:46.125[0;39m [restartedMain] [34mINFO [0;39m [36mo.s.d.r.c.RepositoryConfigurationExtensionSupport[0;39m - [32mSpring Data JDBC - Could not safely identify store assignment for repository candidate interface movieDataService.repositories.MovieRepository. If you want this repository to be a JDBC repository, consider annotating your entities with one of these annotations: org.springframework.data.relational.core.mapping.Table.
[0;39m[33m14:40:46.142[0;39m [restartedMain] [34mINFO [0;39m [36mo.s.d.r.c.RepositoryConfigurationExtensionSupport[0;39m - [32mSpring Data JDBC - Could not safely identify store assignment for repository candidate interface movieDataService.repositories.ReviewRepository. If you want this repository to be a JDBC repository, consider annotating your entities with one of these annotations: org.springframework.data.relational.core.mapping.Table.
[0;39m[33m14:40:46.146[0;39m [restartedMain] [34mINFO [0;39m [36mo.s.d.r.c.RepositoryConfigurationDelegate[0;39m - [32mFinished Spring Data repository scanning in 943 ms. Found 0 JDBC repository interfaces.
[0;39m[33m14:40:46.175[0;39m [restartedMain] [34mINFO [0;39m [36mo.s.d.r.c.RepositoryConfigurationDelegate[0;39m - [32mMultiple Spring Data modules found, entering strict repository configuration mode!
[0;39m[33m14:40:46.236[0;39m [restartedMain] [34mINFO [0;39m [36mo.s.d.r.c.RepositoryConfigurationDelegate[0;39m - [32mBootstrapping Spring Data JPA repositories in DEFAULT mode.
[0;39m[33m14:40:47.041[0;39m [restartedMain] [34mINFO [0;39m [36mo.s.d.r.c.RepositoryConfigurationDelegate[0;39m - [32mFinished Spring Data repository scanning in 781 ms. Found 2 JPA repository interfaces.
[0;39m[33m14:40:47.988[0;39m [restartedMain] [34mINFO [0;39m [36mo.s.cloud.context.scope.GenericScope[0;39m - [32mBeanFactory id=493eace5-130a-3b11-b77e-13958bf6c841
[0;39m[33m14:40:57.676[0;39m [restartedMain] [34mINFO [0;39m [36mo.s.b.w.e.tomcat.TomcatWebServer[0;39m - [32mTomcat initialized with port(s): 5001 (http)
[0;39m[33m14:40:58.007[0;39m [restartedMain] [34mINFO [0;39m [36mo.a.catalina.core.StandardService[0;39m - [32mStarting service [Tomcat]
[0;39m[33m14:40:58.007[0;39m [restartedMain] [34mINFO [0;39m [36mo.a.catalina.core.StandardEngine[0;39m - [32mStarting Servlet engine: [Apache Tomcat/9.0.45]
[0;39m[33m14:40:59.301[0;39m [restartedMain] [34mINFO [0;39m [36mo.a.c.c.C.[Tomcat].[localhost].[/][0;39m - [32mInitializing Spring embedded WebApplicationContext
[0;39m[33m14:40:59.385[0;39m [restartedMain] [34mINFO [0;39m [36mo.s.b.w.s.c.ServletWebServerApplicationContext[0;39m - [32mRoot WebApplicationContext: initialization completed in 19816 ms
[0;39m[33m14:41:05.050[0;39m [restartedMain] [34mINFO [0;39m [36mo.h.jpa.internal.util.LogHelper[0;39m - [32mHHH000204: Processing PersistenceUnitInfo [name: default]
[0;39m[33m14:41:05.237[0;39m [restartedMain] [34mINFO [0;39m [36morg.hibernate.Version[0;39m - [32mHHH000412: Hibernate ORM core version 5.4.30.Final
[0;39m[33m14:41:06.038[0;39m [restartedMain] [34mINFO [0;39m [36mo.h.annotations.common.Version[0;39m - [32mHCANN000001: Hibernate Commons Annotations {5.1.2.Final}
[0;39m[33m14:41:07.831[0;39m [restartedMain] [34mINFO [0;39m [36mcom.zaxxer.hikari.HikariDataSource[0;39m - [32mHikariPool-1 - Starting...
[0;39m[33m14:41:31.447[0;39m [restartedMain] [34mINFO [0;39m [36mcom.zaxxer.hikari.HikariDataSource[0;39m - [32mHikariPool-1 - Start completed.
[0;39m[33m14:41:31.497[0;39m [restartedMain] [34mINFO [0;39m [36morg.hibernate.dialect.Dialect[0;39m - [32mHHH000400: Using dialect: org.hibernate.dialect.Oracle10gDialect
[0;39m[33m14:42:38.970[0;39m [restartedMain] [34mINFO [0;39m [36mo.h.e.t.j.p.i.JtaPlatformInitiator[0;39m - [32mHHH000490: Using JtaPlatform implementation: [org.hibernate.engine.transaction.jta.platform.internal.NoJtaPlatform]
[0;39m[33m14:42:38.988[0;39m [restartedMain] [34mINFO [0;39m [36mo.s.o.j.LocalContainerEntityManagerFactoryBean[0;39m - [32mInitialized JPA EntityManagerFactory for persistence unit 'default'
[0;39m[33m14:42:39.514[0;39m [restartedMain] [34mINFO [0;39m [36mo.s.b.d.a.OptionalLiveReloadServer[0;39m - [32mLiveReload server is running on port 35729
[0;39m[33m14:42:41.654[0;39m [restartedMain] [31mWARN [0;39m [36mo.s.b.a.o.j.JpaBaseConfiguration$JpaWebConfiguration[0;39m - [32mspring.jpa.open-in-view is enabled by default. Therefore, database queries may be performed during view rendering. Explicitly configure spring.jpa.open-in-view to disable this warning
[0;39m[33m14:42:41.936[0;39m [restartedMain] [34mINFO [0;39m [36mo.s.s.c.ThreadPoolTaskExecutor[0;39m - [32mInitializing ExecutorService 'applicationTaskExecutor'
[0;39m[33m14:42:43.095[0;39m [restartedMain] [34mINFO [0;39m [36mo.s.c.n.e.c.DiscoveryClientOptionalArgsConfiguration[0;39m - [32mEureka HTTP Client uses RestTemplate.
[0;39m[33m14:42:45.148[0;39m [restartedMain] [31mWARN [0;39m [36mo.s.c.l.c.LoadBalancerCacheAutoConfiguration$LoadBalancerCaffeineWarnLogger[0;39m - [32mSpring Cloud LoadBalancer is currently working with the default cache. You can switch to using Caffeine cache, by adding it to the classpath.
[0;39m[33m14:42:45.210[0;39m [restartedMain] [34mINFO [0;39m [36mo.s.c.n.eureka.InstanceInfoFactory[0;39m - [32mSetting initial instance status as: STARTING
[0;39m[33m14:42:45.322[0;39m [restartedMain] [34mINFO [0;39m [36mc.netflix.discovery.DiscoveryClient[0;39m - [32mInitializing Eureka in region us-east-1
[0;39m[33m14:42:45.333[0;39m [restartedMain] [34mINFO [0;39m [36mc.n.d.s.r.aws.ConfigClusterResolver[0;39m - [32mResolving eureka endpoints via configuration
[0;39m[33m14:42:45.828[0;39m [restartedMain] [34mINFO [0;39m [36mc.netflix.discovery.DiscoveryClient[0;39m - [32mDisable delta property : false
[0;39m[33m14:42:45.828[0;39m [restartedMain] [34mINFO [0;39m [36mc.netflix.discovery.DiscoveryClient[0;39m - [32mSingle vip registry refresh property : null
[0;39m[33m14:42:45.828[0;39m [restartedMain] [34mINFO [0;39m [36mc.netflix.discovery.DiscoveryClient[0;39m - [32mForce full registry fetch : false
[0;39m[33m14:42:45.829[0;39m [restartedMain] [34mINFO [0;39m [36mc.netflix.discovery.DiscoveryClient[0;39m - [32mApplication is null : false
[0;39m[33m14:42:45.829[0;39m [restartedMain] [34mINFO [0;39m [36mc.netflix.discovery.DiscoveryClient[0;39m - [32mRegistered Applications size is zero : true
[0;39m[33m14:42:45.829[0;39m [restartedMain] [34mINFO [0;39m [36mc.netflix.discovery.DiscoveryClient[0;39m - [32mApplication version is -1: true
[0;39m[33m14:42:45.829[0;39m [restartedMain] [34mINFO [0;39m [36mc.netflix.discovery.DiscoveryClient[0;39m - [32mGetting all instance registry info from the eureka server
[0;39m[33m14:42:48.497[0;39m [restartedMain] [34mINFO [0;39m [36mc.netflix.discovery.DiscoveryClient[0;39m - [32mThe response status is 200
[0;39m[33m14:42:48.533[0;39m [restartedMain] [34mINFO [0;39m [36mc.netflix.discovery.DiscoveryClient[0;39m - [32mStarting heartbeat executor: renew interval is: 30
[0;39m[33m14:42:48.536[0;39m [restartedMain] [34mINFO [0;39m [36mc.n.discovery.InstanceInfoReplicator[0;39m - [32mInstanceInfoReplicator onDemand update allowed rate per min is 4
[0;39m[33m14:42:48.586[0;39m [restartedMain] [34mINFO [0;39m [36mc.netflix.discovery.DiscoveryClient[0;39m - [32mDiscovery Client initialized at timestamp 1622279568542 with initial instances count: 2
[0;39m[33m14:42:48.588[0;39m [restartedMain] [34mINFO [0;39m [36mo.s.c.n.e.s.EurekaServiceRegistry[0;39m - [32mRegistering application MOVIE-DATA-SERVICE with eureka with status UP
[0;39m[33m14:42:48.589[0;39m [restartedMain] [34mINFO [0;39m [36mc.netflix.discovery.DiscoveryClient[0;39m - [32mSaw local status change event StatusChangeEvent [timestamp=1622279568588, current=UP, previous=STARTING]
[0;39m[33m14:42:48.592[0;39m [DiscoveryClient-InstanceInfoReplicator-0] [34mINFO [0;39m [36mc.netflix.discovery.DiscoveryClient[0;39m - [32mDiscoveryClient_MOVIE-DATA-SERVICE/LAPTOP-F31M9K39:movie-data-service:5001: registering service...
[0;39m[33m14:42:49.198[0;39m [restartedMain] [34mINFO [0;39m [36mo.s.b.w.e.tomcat.TomcatWebServer[0;39m - [32mTomcat started on port(s): 5001 (http) with context path ''
[0;39m[33m14:42:49.198[0;39m [restartedMain] [34mINFO [0;39m [36mo.s.c.n.e.s.EurekaAutoServiceRegistration[0;39m - [32mUpdating port to 5001
[0;39m[33m14:42:49.535[0;39m [restartedMain] [34mINFO [0;39m [36mm.MovieDataServiceApplication[0;39m - [32mStarted MovieDataServiceApplication in 139.361 seconds (JVM running for 145.578)
[0;39m[33m14:42:49.627[0;39m [DiscoveryClient-InstanceInfoReplicator-0] [34mINFO [0;39m [36mc.netflix.discovery.DiscoveryClient[0;39m - [32mDiscoveryClient_MOVIE-DATA-SERVICE/LAPTOP-F31M9K39:movie-data-service:5001 - registration status: 204
[0;39m[33m14:47:45.833[0;39m [AsyncResolver-bootstrap-executor-0] [34mINFO [0;39m [36mc.n.d.s.r.aws.ConfigClusterResolver[0;39m - [32mResolving eureka endpoints via configuration
[0;39m[33m14:52:45.851[0;39m [AsyncResolver-bootstrap-executor-0] [34mINFO [0;39m [36mc.n.d.s.r.aws.ConfigClusterResolver[0;39m - [32mResolving eureka endpoints via configuration
[0;39m[33m14:57:45.864[0;39m [AsyncResolver-bootstrap-executor-0] [34mINFO [0;39m [36mc.n.d.s.r.aws.ConfigClusterResolver[0;39m - [32mResolving eureka endpoints via configuration
[0;39m[33m15:02:30.006[0;39m [restartedMain] [34mINFO [0;39m [36mm.MovieDataServiceApplication[0;39m - [32mStarting MovieDataServiceApplication using Java 1.8.0_291 on LAPTOP-F31M9K39 with PID 11428 (D:\Java Projects\movie-microservices\movie-data-service\target\classes started by lenono in D:\Java Projects\movie-microservices\movie-data-service)
[0;39m[33m15:02:30.010[0;39m [restartedMain] [39mDEBUG[0;39m [36mm.MovieDataServiceApplication[0;39m - [32mRunning with Spring Boot v2.4.5, Spring v5.3.6
[0;39m[33m15:02:30.010[0;39m [restartedMain] [34mINFO [0;39m [36mm.MovieDataServiceApplication[0;39m - [32mNo active profile set, falling back to default profiles: default
[0;39m[33m15:02:30.077[0;39m [restartedMain] [34mINFO [0;39m [36mo.s.b.d.restart.ChangeableUrls[0;39m - [32mThe Class-Path manifest attribute in C:\Users\lenono\.m2\repository\org\glassfish\hk2\hk2\2.6.1\hk2-2.6.1.jar referenced one or more files that do not exist: file:/C:/Users/lenono/.m2/repository/org/glassfish/hk2/hk2/2.6.1/hk2-utils.jar,file:/C:/Users/lenono/.m2/repository/org/glassfish/hk2/hk2/2.6.1/jakarta.annotation-api.jar,file:/C:/Users/lenono/.m2/repository/org/glassfish/hk2/hk2/2.6.1/jakarta.inject.jar,file:/C:/Users/lenono/.m2/repository/org/glassfish/hk2/hk2/2.6.1/hk2-api.jar,file:/C:/Users/lenono/.m2/repository/org/glassfish/hk2/hk2/2.6.1/aopalliance-repackaged.jar,file:/C:/Users/lenono/.m2/repository/org/glassfish/hk2/hk2/2.6.1/hk2-core.jar,file:/C:/Users/lenono/.m2/repository/org/glassfish/hk2/hk2/2.6.1/hk2-locator.jar,file:/C:/Users/lenono/.m2/repository/org/glassfish/hk2/hk2/2.6.1/javassist.jar,file:/C:/Users/lenono/.m2/repository/org/glassfish/hk2/hk2/2.6.1/hk2-runlevel.jar,file:/C:/Users/lenono/.m2/repository/org/glassfish/hk2/hk2/2.6.1/class-model.jar,file:/C:/Users/lenono/.m2/repository/org/glassfish/hk2/hk2/2.6.1/asm.jar,file:/C:/Users/lenono/.m2/repository/org/glassfish/hk2/hk2/2.6.1/asm-analysis.jar,file:/C:/Users/lenono/.m2/repository/org/glassfish/hk2/hk2/2.6.1/asm-commons.jar,file:/C:/Users/lenono/.m2/repository/org/glassfish/hk2/hk2/2.6.1/asm-tree.jar,file:/C:/Users/lenono/.m2/repository/org/glassfish/hk2/hk2/2.6.1/asm-util.jar
[0;39m[33m15:02:30.077[0;39m [restartedMain] [34mINFO [0;39m [36mo.s.b.d.restart.ChangeableUrls[0;39m - [32mThe Class-Path manifest attribute in C:\Users\lenono\.m2\repository\com\oracle\database\jdbc\ojdbc8\19.8.0.0\ojdbc8-19.8.0.0.jar referenced one or more files that do not exist: file:/C:/Users/lenono/.m2/repository/com/oracle/database/jdbc/ojdbc8/19.8.0.0/oraclepki.jar
[0;39m[33m15:02:30.077[0;39m [restartedMain] [34mINFO [0;39m [36mo.s.b.d.e.DevToolsPropertyDefaultsPostProcessor[0;39m - [32mDevtools property defaults active! Set 'spring.devtools.add-properties' to 'false' to disable
[0;39m[33m15:02:30.077[0;39m [restartedMain] [34mINFO [0;39m [36mo.s.b.d.e.DevToolsPropertyDefaultsPostProcessor[0;39m - [32mFor additional web related logging consider setting the 'logging.level.web' property to 'DEBUG'
[0;39m[33m15:02:31.587[0;39m [restartedMain] [34mINFO [0;39m [36mo.s.d.r.c.RepositoryConfigurationDelegate[0;39m - [32mMultiple Spring Data modules found, entering strict repository configuration mode!
[0;39m[33m15:02:31.589[0;39m [restartedMain] [34mINFO [0;39m [36mo.s.d.r.c.RepositoryConfigurationDelegate[0;39m - [32mBootstrapping Spring Data JDBC repositories in DEFAULT mode.
[0;39m[33m15:02:31.631[0;39m [restartedMain] [34mINFO [0;39m [36mo.s.d.r.c.RepositoryConfigurationExtensionSupport[0;39m - [32mSpring Data JDBC - Could not safely identify store assignment for repository candidate interface movieDataService.repositories.MovieRepository. If you want this repository to be a JDBC repository, consider annotating your entities with one of these annotations: org.springframework.data.relational.core.mapping.Table.
[0;39m[33m15:02:31.634[0;39m [restartedMain] [34mINFO [0;39m [36mo.s.d.r.c.RepositoryConfigurationExtensionSupport[0;39m - [32mSpring Data JDBC - Could not safely identify store assignment for repository candidate interface movieDataService.repositories.ReviewRepository. If you want this repository to be a JDBC repository, consider annotating your entities with one of these annotations: org.springframework.data.relational.core.mapping.Table.
[0;39m[33m15:02:31.635[0;39m [restartedMain] [34mINFO [0;39m [36mo.s.d.r.c.RepositoryConfigurationDelegate[0;39m - [32mFinished Spring Data repository scanning in 40 ms. Found 0 JDBC repository interfaces.
[0;39m[33m15:02:31.648[0;39m [restartedMain] [34mINFO [0;39m [36mo.s.d.r.c.RepositoryConfigurationDelegate[0;39m - [32mMultiple Spring Data modules found, entering strict repository configuration mode!
[0;39m[33m15:02:31.649[0;39m [restartedMain] [34mINFO [0;39m [36mo.s.d.r.c.RepositoryConfigurationDelegate[0;39m - [32mBootstrapping Spring Data JPA repositories in DEFAULT mode.
[0;39m[33m15:02:31.927[0;39m [restartedMain] [34mINFO [0;39m [36mo.s.d.r.c.RepositoryConfigurationDelegate[0;39m - [32mFinished Spring Data repository scanning in 273 ms. Found 2 JPA repository interfaces.
[0;39m[33m15:02:32.264[0;39m [restartedMain] [34mINFO [0;39m [36mo.s.cloud.context.scope.GenericScope[0;39m - [32mBeanFactory id=493eace5-130a-3b11-b77e-13958bf6c841
[0;39m[33m15:02:33.685[0;39m [restartedMain] [34mINFO [0;39m [36mo.s.b.w.e.tomcat.TomcatWebServer[0;39m - [32mTomcat initialized with port(s): 5001 (http)
[0;39m[33m15:02:33.703[0;39m [restartedMain] [34mINFO [0;39m [36mo.a.catalina.core.StandardService[0;39m - [32mStarting service [Tomcat]
[0;39m[33m15:02:33.703[0;39m [restartedMain] [34mINFO [0;39m [36mo.a.catalina.core.StandardEngine[0;39m - [32mStarting Servlet engine: [Apache Tomcat/9.0.45]
[0;39m[33m15:02:33.893[0;39m [restartedMain] [34mINFO [0;39m [36mo.a.c.c.C.[Tomcat].[localhost].[/][0;39m - [32mInitializing Spring embedded WebApplicationContext
[0;39m[33m15:02:33.893[0;39m [restartedMain] [34mINFO [0;39m [36mo.s.b.w.s.c.ServletWebServerApplicationContext[0;39m - [32mRoot WebApplicationContext: initialization completed in 3815 ms
[0;39m[33m15:02:34.613[0;39m [restartedMain] [34mINFO [0;39m [36mo.h.jpa.internal.util.LogHelper[0;39m - [32mHHH000204: Processing PersistenceUnitInfo [name: default]
[0;39m[33m15:02:34.709[0;39m [restartedMain] [34mINFO [0;39m [36morg.hibernate.Version[0;39m - [32mHHH000412: Hibernate ORM core version 5.4.30.Final
[0;39m[33m15:02:34.945[0;39m [restartedMain] [34mINFO [0;39m [36mo.h.annotations.common.Version[0;39m - [32mHCANN000001: Hibernate Commons Annotations {5.1.2.Final}
[0;39m[33m15:02:35.072[0;39m [restartedMain] [34mINFO [0;39m [36mcom.zaxxer.hikari.HikariDataSource[0;39m - [32mHikariPool-1 - Starting...
[0;39m[33m15:02:35.893[0;39m [restartedMain] [34mINFO [0;39m [36mcom.zaxxer.hikari.HikariDataSource[0;39m - [32mHikariPool-1 - Start completed.
[0;39m[33m15:02:35.918[0;39m [restartedMain] [34mINFO [0;39m [36morg.hibernate.dialect.Dialect[0;39m - [32mHHH000400: Using dialect: org.hibernate.dialect.Oracle10gDialect
[0;39m[33m15:02:37.235[0;39m [restartedMain] [34mINFO [0;39m [36mo.h.e.t.j.p.i.JtaPlatformInitiator[0;39m - [32mHHH000490: Using JtaPlatform implementation: [org.hibernate.engine.transaction.jta.platform.internal.NoJtaPlatform]
[0;39m[33m15:02:37.246[0;39m [restartedMain] [34mINFO [0;39m [36mo.s.o.j.LocalContainerEntityManagerFactoryBean[0;39m - [32mInitialized JPA EntityManagerFactory for persistence unit 'default'
[0;39m[33m15:02:37.264[0;39m [restartedMain] [34mINFO [0;39m [36mo.s.b.d.a.OptionalLiveReloadServer[0;39m - [32mLiveReload server is running on port 35729
[0;39m[33m15:02:37.812[0;39m [restartedMain] [31mWARN [0;39m [36mo.s.b.a.o.j.JpaBaseConfiguration$JpaWebConfiguration[0;39m - [32mspring.jpa.open-in-view is enabled by default. Therefore, database queries may be performed during view rendering. Explicitly configure spring.jpa.open-in-view to disable this warning
[0;39m[33m15:02:37.903[0;39m [restartedMain] [34mINFO [0;39m [36mo.s.s.c.ThreadPoolTaskExecutor[0;39m - [32mInitializing ExecutorService 'applicationTaskExecutor'
[0;39m[33m15:02:38.662[0;39m [restartedMain] [34mINFO [0;39m [36mo.s.c.n.e.c.DiscoveryClientOptionalArgsConfiguration[0;39m - [32mEureka HTTP Client uses RestTemplate.
[0;39m[33m15:02:39.098[0;39m [restartedMain] [31mWARN [0;39m [36mo.s.c.l.c.LoadBalancerCacheAutoConfiguration$LoadBalancerCaffeineWarnLogger[0;39m - [32mSpring Cloud LoadBalancer is currently working with the default cache. You can switch to using Caffeine cache, by adding it to the classpath.
[0;39m[33m15:02:39.128[0;39m [restartedMain] [34mINFO [0;39m [36mo.s.c.n.eureka.InstanceInfoFactory[0;39m - [32mSetting initial instance status as: STARTING
[0;39m[33m15:02:39.201[0;39m [restartedMain] [34mINFO [0;39m [36mc.netflix.discovery.DiscoveryClient[0;39m - [32mInitializing Eureka in region us-east-1
[0;39m[33m15:02:39.217[0;39m [restartedMain] [34mINFO [0;39m [36mc.n.d.s.r.aws.ConfigClusterResolver[0;39m - [32mResolving eureka endpoints via configuration
[0;39m[33m15:02:39.651[0;39m [restartedMain] [34mINFO [0;39m [36mc.netflix.discovery.DiscoveryClient[0;39m - [32mDisable delta property : false
[0;39m[33m15:02:39.651[0;39m [restartedMain] [34mINFO [0;39m [36mc.netflix.discovery.DiscoveryClient[0;39m - [32mSingle vip registry refresh property : null
[0;39m[33m15:02:39.651[0;39m [restartedMain] [34mINFO [0;39m [36mc.netflix.discovery.DiscoveryClient[0;39m - [32mForce full registry fetch : false
[0;39m[33m15:02:39.651[0;39m [restartedMain] [34mINFO [0;39m [36mc.netflix.discovery.DiscoveryClient[0;39m - [32mApplication is null : false
[0;39m[33m15:02:39.651[0;39m [restartedMain] [34mINFO [0;39m [36mc.netflix.discovery.DiscoveryClient[0;39m - [32mRegistered Applications size is zero : true
[0;39m[33m15:02:39.651[0;39m [restartedMain] [34mINFO [0;39m [36mc.netflix.discovery.DiscoveryClient[0;39m - [32mApplication version is -1: true
[0;39m[33m15:02:39.651[0;39m [restartedMain] [34mINFO [0;39m [36mc.netflix.discovery.DiscoveryClient[0;39m - [32mGetting all instance registry info from the eureka server
[0;39m[33m15:02:39.998[0;39m [restartedMain] [34mINFO [0;39m [36mc.netflix.discovery.DiscoveryClient[0;39m - [32mThe response status is 200
[0;39m[33m15:02:40.001[0;39m [restartedMain] [34mINFO [0;39m [36mc.netflix.discovery.DiscoveryClient[0;39m - [32mStarting heartbeat executor: renew interval is: 30
[0;39m[33m15:02:40.004[0;39m [restartedMain] [34mINFO [0;39m [36mc.n.discovery.InstanceInfoReplicator[0;39m - [32mInstanceInfoReplicator onDemand update allowed rate per min is 4
[0;39m[33m15:02:40.009[0;39m [restartedMain] [34mINFO [0;39m [36mc.netflix.discovery.DiscoveryClient[0;39m - [32mDiscovery Client initialized at timestamp 1622280760008 with initial instances count: 3
[0;39m[33m15:02:40.011[0;39m [restartedMain] [34mINFO [0;39m [36mo.s.c.n.e.s.EurekaServiceRegistry[0;39m - [32mRegistering application MOVIE-DATA-SERVICE with eureka with status UP
[0;39m[33m15:02:40.011[0;39m [restartedMain] [34mINFO [0;39m [36mc.netflix.discovery.DiscoveryClient[0;39m - [32mSaw local status change event StatusChangeEvent [timestamp=1622280760011, current=UP, previous=STARTING]
[0;39m[33m15:02:40.014[0;39m [DiscoveryClient-InstanceInfoReplicator-0] [34mINFO [0;39m [36mc.netflix.discovery.DiscoveryClient[0;39m - [32mDiscoveryClient_MOVIE-DATA-SERVICE/LAPTOP-F31M9K39:movie-data-service:5001: registering service...
[0;39m[33m15:02:40.041[0;39m [restartedMain] [34mINFO [0;39m [36mo.s.b.w.e.tomcat.TomcatWebServer[0;39m - [32mTomcat started on port(s): 5001 (http) with context path ''
[0;39m[33m15:02:40.042[0;39m [restartedMain] [34mINFO [0;39m [36mo.s.c.n.e.s.EurekaAutoServiceRegistration[0;39m - [32mUpdating port to 5001
[0;39m[33m15:02:40.146[0;39m [DiscoveryClient-InstanceInfoReplicator-0] [34mINFO [0;39m [36mc.netflix.discovery.DiscoveryClient[0;39m - [32mDiscoveryClient_MOVIE-DATA-SERVICE/LAPTOP-F31M9K39:movie-data-service:5001 - registration status: 204
[0;39m[33m15:02:40.327[0;39m [restartedMain] [34mINFO [0;39m [36mm.MovieDataServiceApplication[0;39m - [32mStarted MovieDataServiceApplication in 11.565 seconds (JVM running for 15.241)
[0;39m[33m15:05:08.138[0;39m [http-nio-5001-exec-3] [34mINFO [0;39m [36mm.controllers.MovieController[0;39m - [32mMovie Id: 1
[0;39m[33m15:05:08.247[0;39m [http-nio-5001-exec-3] [1;31mERROR[0;39m [36mm.controllers.MovieController[0;39m - [32mMovie with id = 1 Does not exists
[0;39m[33m15:05:17.125[0;39m [http-nio-5001-exec-5] [1;31mERROR[0;39m [36mm.controllers.ReviewController[0;39m - [32mMovie with Id 9 doesn't exists
[0;39m[33m15:07:39.658[0;39m [AsyncResolver-bootstrap-executor-0] [34mINFO [0;39m [36mc.n.d.s.r.aws.ConfigClusterResolver[0;39m - [32mResolving eureka endpoints via configuration
[0;39m[33m15:12:39.667[0;39m [AsyncResolver-bootstrap-executor-0] [34mINFO [0;39m [36mc.n.d.s.r.aws.ConfigClusterResolver[0;39m - [32mResolving eureka endpoints via configuration
[0;39m[33m15:17:39.671[0;39m [AsyncResolver-bootstrap-executor-0] [34mINFO [0;39m [36mc.n.d.s.r.aws.ConfigClusterResolver[0;39m - [32mResolving eureka endpoints via configuration
[0;39m[33m15:22:39.679[0;39m [AsyncResolver-bootstrap-executor-0] [34mINFO [0;39m [36mc.n.d.s.r.aws.ConfigClusterResolver[0;39m - [32mResolving eureka endpoints via configuration
[0;39m[33m15:27:39.685[0;39m [AsyncResolver-bootstrap-executor-0] [34mINFO [0;39m [36mc.n.d.s.r.aws.ConfigClusterResolver[0;39m - [32mResolving eureka endpoints via configuration
[0;39m[33m15:32:39.698[0;39m [AsyncResolver-bootstrap-executor-0] [34mINFO [0;39m [36mc.n.d.s.r.aws.ConfigClusterResolver[0;39m - [32mResolving eureka endpoints via configuration
[0;39m[33m15:37:06.972[0;39m [http-nio-5001-exec-6] [34mINFO [0;39m [36mm.controllers.MovieController[0;39m - [32mMovie Id: 8
[0;39m[33m15:37:39.706[0;39m [AsyncResolver-bootstrap-executor-0] [34mINFO [0;39m [36mc.n.d.s.r.aws.ConfigClusterResolver[0;39m - [32mResolving eureka endpoints via configuration
[0;39m[33m15:37:50.452[0;39m [http-nio-5001-exec-8] [34mINFO [0;39m [36mm.controllers.MovieController[0;39m - [32mMovie Id: 8
[0;39m[33m15:42:39.721[0;39m [AsyncResolver-bootstrap-executor-0] [34mINFO [0;39m [36mc.n.d.s.r.aws.ConfigClusterResolver[0;39m - [32mResolving eureka endpoints via configuration
[0;39m[33m15:47:39.766[0;39m [AsyncResolver-bootstrap-executor-0] [34mINFO [0;39m [36mc.n.d.s.r.aws.ConfigClusterResolver[0;39m - [32mResolving eureka endpoints via configuration
[0;39m[33m15:48:10.371[0;39m [http-nio-5001-exec-2] [34mINFO [0;39m [36mm.controllers.MovieController[0;39m - [32mMovie Id: 8
[0;39m[33m15:48:20.003[0;39m [http-nio-5001-exec-1] [34mINFO [0;39m [36mm.controllers.MovieController[0;39m - [32mMovie Id: 8
[0;39m[33m15:52:33.953[0;39m [http-nio-5001-exec-6] [34mINFO [0;39m [36mm.controllers.MovieController[0;39m - [32mMovie Id: 8
[0;39m[33m15:52:39.794[0;39m [AsyncResolver-bootstrap-executor-0] [34mINFO [0;39m [36mc.n.d.s.r.aws.ConfigClusterResolver[0;39m - [32mResolving eureka endpoints via configuration
[0;39m[33m15:57:39.825[0;39m [AsyncResolver-bootstrap-executor-0] [34mINFO [0;39m [36mc.n.d.s.r.aws.ConfigClusterResolver[0;39m - [32mResolving eureka endpoints via configuration
[0;39m[33m16:02:39.840[0;39m [AsyncResolver-bootstrap-executor-0] [34mINFO [0;39m [36mc.n.d.s.r.aws.ConfigClusterResolver[0;39m - [32mResolving eureka endpoints via configuration
[0;39m[33m16:07:39.869[0;39m [AsyncResolver-bootstrap-executor-0] [34mINFO [0;39m [36mc.n.d.s.r.aws.ConfigClusterResolver[0;39m - [32mResolving eureka endpoints via configuration
[0;39m[33m16:12:39.907[0;39m [AsyncResolver-bootstrap-executor-0] [34mINFO [0;39m [36mc.n.d.s.r.aws.ConfigClusterResolver[0;39m - [32mResolving eureka endpoints via configuration
[0;39m[33m16:16:40.764[0;39m [http-nio-5001-exec-8] [34mINFO [0;39m [36mm.controllers.MovieController[0;39m - [32mMovie Id: 8
[0;39m[33m16:17:39.946[0;39m [AsyncResolver-bootstrap-executor-0] [34mINFO [0;39m [36mc.n.d.s.r.aws.ConfigClusterResolver[0;39m - [32mResolving eureka endpoints via configuration
[0;39m[33m16:22:39.964[0;39m [AsyncResolver-bootstrap-executor-0] [34mINFO [0;39m [36mc.n.d.s.r.aws.ConfigClusterResolver[0;39m - [32mResolving eureka endpoints via configuration
[0;39m[33m16:27:40.020[0;39m [AsyncResolver-bootstrap-executor-0] [34mINFO [0;39m [36mc.n.d.s.r.aws.ConfigClusterResolver[0;39m - [32mResolving eureka endpoints via configuration
[0;39m[33m16:30:06.636[0;39m [http-nio-5001-exec-10] [34mINFO [0;39m [36mm.controllers.MovieController[0;39m - [32mMovie Id: 8
[0;39m[33m16:32:24.160[0;39m [http-nio-5001-exec-3] [34mINFO [0;39m [36mm.controllers.MovieController[0;39m - [32mMovie Id: 8
[0;39m[33m16:32:29.109[0;39m [http-nio-5001-exec-1] [34mINFO [0;39m [36mm.controllers.MovieController[0;39m - [32mMovie Id: 8
[0;39m[33m16:32:40.034[0;39m [AsyncResolver-bootstrap-executor-0] [34mINFO [0;39m [36mc.n.d.s.r.aws.ConfigClusterResolver[0;39m - [32mResolving eureka endpoints via configuration
[0;39m[33m16:37:40.068[0;39m [AsyncResolver-bootstrap-executor-0] [34mINFO [0;39m [36mc.n.d.s.r.aws.ConfigClusterResolver[0;39m - [32mResolving eureka endpoints via configuration
[0;39m[33m16:37:53.170[0;39m [http-nio-5001-exec-5] [34mINFO [0;39m [36mm.controllers.MovieController[0;39m - [32mMovie Id: 8
[0;39m[33m16:39:36.912[0;39m [http-nio-5001-exec-7] [34mINFO [0;39m [36mm.controllers.MovieController[0;39m - [32mMovie Id: 8
[0;39m[33m16:42:40.072[0;39m [AsyncResolver-bootstrap-executor-0] [34mINFO [0;39m [36mc.n.d.s.r.aws.ConfigClusterResolver[0;39m - [32mResolving eureka endpoints via configuration
[0;39m[33m16:47:40.103[0;39m [AsyncResolver-bootstrap-executor-0] [34mINFO [0;39m [36mc.n.d.s.r.aws.ConfigClusterResolver[0;39m - [32mResolving eureka endpoints via configuration
[0;39m[33m16:52:40.152[0;39m [AsyncResolver-bootstrap-executor-0] [34mINFO [0;39m [36mc.n.d.s.r.aws.ConfigClusterResolver[0;39m - [32mResolving eureka endpoints via configuration
[0;39m[33m16:57:40.202[0;39m [AsyncResolver-bootstrap-executor-0] [34mINFO [0;39m [36mc.n.d.s.r.aws.ConfigClusterResolver[0;39m - [32mResolving eureka endpoints via configuration
[0;39m[33m17:02:40.226[0;39m [AsyncResolver-bootstrap-executor-0] [34mINFO [0;39m [36mc.n.d.s.r.aws.ConfigClusterResolver[0;39m - [32mResolving eureka endpoints via configuration
[0;39m[33m17:05:12.202[0;39m [http-nio-5001-exec-3] [1;31mERROR[0;39m [36mm.controllers.ReviewController[0;39m - [32mReview with Id 6 doesn't exists
[0;39m[33m17:05:29.460[0;39m [http-nio-5001-exec-5] [1;31mERROR[0;39m [36mm.controllers.ReviewController[0;39m - [32mReview with Id 8 doesn't exists
[0;39m[33m17:06:25.315[0;39m [http-nio-5001-exec-9] [1;31mERROR[0;39m [36mm.controllers.ReviewController[0;39m - [32mReview with Id 6 doesn't exists
[0;39m[33m17:07:40.242[0;39m [AsyncResolver-bootstrap-executor-0] [34mINFO [0;39m [36mc.n.d.s.r.aws.ConfigClusterResolver[0;39m - [32mResolving eureka endpoints via configuration
[0;39m[33m17:12:40.317[0;39m [AsyncResolver-bootstrap-executor-0] [34mINFO [0;39m [36mc.n.d.s.r.aws.ConfigClusterResolver[0;39m - [32mResolving eureka endpoints via configuration
[0;39m[33m17:17:40.360[0;39m [AsyncResolver-bootstrap-executor-0] [34mINFO [0;39m [36mc.n.d.s.r.aws.ConfigClusterResolver[0;39m - [32mResolving eureka endpoints via configuration
[0;39m[33m17:22:40.363[0;39m [AsyncResolver-bootstrap-executor-0] [34mINFO [0;39m [36mc.n.d.s.r.aws.ConfigClusterResolver[0;39m - [32mResolving eureka endpoints via configuration
[0;39m[33m17:27:40.478[0;39m [AsyncResolver-bootstrap-executor-0] [34mINFO [0;39m [36mc.n.d.s.r.aws.ConfigClusterResolver[0;39m - [32mResolving eureka endpoints via configuration
[0;39m[33m17:32:40.537[0;39m [AsyncResolver-bootstrap-executor-0] [34mINFO [0;39m [36mc.n.d.s.r.aws.ConfigClusterResolver[0;39m - [32mResolving eureka endpoints via configuration
[0;39m[33m17:37:40.541[0;39m [AsyncResolver-bootstrap-executor-0] [34mINFO [0;39m [36mc.n.d.s.r.aws.ConfigClusterResolver[0;39m - [32mResolving eureka endpoints via configuration
[0;39m[33m17:42:40.610[0;39m [AsyncResolver-bootstrap-executor-0] [34mINFO [0;39m [36mc.n.d.s.r.aws.ConfigClusterResolver[0;39m - [32mResolving eureka endpoints via configuration
[0;39m[33m17:47:40.713[0;39m [AsyncResolver-bootstrap-executor-0] [34mINFO [0;39m [36mc.n.d.s.r.aws.ConfigClusterResolver[0;39m - [32mResolving eureka endpoints via configuration
[0;39m[33m17:52:40.728[0;39m [AsyncResolver-bootstrap-executor-0] [34mINFO [0;39m [36mc.n.d.s.r.aws.ConfigClusterResolver[0;39m - [32mResolving eureka endpoints via configuration
[0;39m[33m17:57:40.744[0;39m [AsyncResolver-bootstrap-executor-0] [34mINFO [0;39m [36mc.n.d.s.r.aws.ConfigClusterResolver[0;39m - [32mResolving eureka endpoints via configuration
[0;39m[33m18:02:40.765[0;39m [AsyncResolver-bootstrap-executor-0] [34mINFO [0;39m [36mc.n.d.s.r.aws.ConfigClusterResolver[0;39m - [32mResolving eureka endpoints via configuration
[0;39m[33m18:07:40.798[0;39m [AsyncResolver-bootstrap-executor-0] [34mINFO [0;39m [36mc.n.d.s.r.aws.ConfigClusterResolver[0;39m - [32mResolving eureka endpoints via configuration
[0;39m[33m18:12:40.839[0;39m [AsyncResolver-bootstrap-executor-0] [34mINFO [0;39m [36mc.n.d.s.r.aws.ConfigClusterResolver[0;39m - [32mResolving eureka endpoints via configuration
[0;39m[33m18:17:40.950[0;39m [AsyncResolver-bootstrap-executor-0] [34mINFO [0;39m [36mc.n.d.s.r.aws.ConfigClusterResolver[0;39m - [32mResolving eureka endpoints via configuration
[0;39m[33m18:22:41.035[0;39m [AsyncResolver-bootstrap-executor-0] [34mINFO [0;39m [36mc.n.d.s.r.aws.ConfigClusterResolver[0;39m - [32mResolving eureka endpoints via configuration
[0;39m[33m18:27:41.079[0;39m [AsyncResolver-bootstrap-executor-0] [34mINFO [0;39m [36mc.n.d.s.r.aws.ConfigClusterResolver[0;39m - [32mResolving eureka endpoints via configuration
[0;39m[33m18:32:41.256[0;39m [AsyncResolver-bootstrap-executor-0] [34mINFO [0;39m [36mc.n.d.s.r.aws.ConfigClusterResolver[0;39m - [32mResolving eureka endpoints via configuration
[0;39m[33m18:37:41.272[0;39m [AsyncResolver-bootstrap-executor-0] [34mINFO [0;39m [36mc.n.d.s.r.aws.ConfigClusterResolver[0;39m - [32mResolving eureka endpoints via configuration
[0;39m[33m18:42:41.289[0;39m [AsyncResolver-bootstrap-executor-0] [34mINFO [0;39m [36mc.n.d.s.r.aws.ConfigClusterResolver[0;39m - [32mResolving eureka endpoints via configuration
[0;39m[33m19:13:20.212[0;39m [HikariPool-1 housekeeper] [31mWARN [0;39m [36mcom.zaxxer.hikari.pool.HikariPool[0;39m - [32mHikariPool-1 - Thread starvation or clock leap detected (housekeeper delta=29m7s447ms200ns).
[0;39m[33m19:16:18.621[0;39m [AsyncResolver-bootstrap-executor-0] [34mINFO [0;39m [36mc.n.d.s.r.aws.ConfigClusterResolver[0;39m - [32mResolving eureka endpoints via configuration
[0;39m[33m19:21:18.627[0;39m [AsyncResolver-bootstrap-executor-0] [34mINFO [0;39m [36mc.n.d.s.r.aws.ConfigClusterResolver[0;39m - [32mResolving eureka endpoints via configuration
[0;39m[33m19:26:18.639[0;39m [AsyncResolver-bootstrap-executor-0] [34mINFO [0;39m [36mc.n.d.s.r.aws.ConfigClusterResolver[0;39m - [32mResolving eureka endpoints via configuration
[0;39m[33m19:31:18.758[0;39m [AsyncResolver-bootstrap-executor-0] [34mINFO [0;39m [36mc.n.d.s.r.aws.ConfigClusterResolver[0;39m - [32mResolving eureka endpoints via configuration
[0;39m[33m19:36:18.768[0;39m [AsyncResolver-bootstrap-executor-0] [34mINFO [0;39m [36mc.n.d.s.r.aws.ConfigClusterResolver[0;39m - [32mResolving eureka endpoints via configuration
[0;39m[33m19:41:18.795[0;39m [AsyncResolver-bootstrap-executor-0] [34mINFO [0;39m [36mc.n.d.s.r.aws.ConfigClusterResolver[0;39m - [32mResolving eureka endpoints via configuration
[0;39m[33m19:46:18.803[0;39m [AsyncResolver-bootstrap-executor-0] [34mINFO [0;39m [36mc.n.d.s.r.aws.ConfigClusterResolver[0;39m - [32mResolving eureka endpoints via configuration
[0;39m[33m19:51:18.815[0;39m [AsyncResolver-bootstrap-executor-0] [34mINFO [0;39m [36mc.n.d.s.r.aws.ConfigClusterResolver[0;39m - [32mResolving eureka endpoints via configuration
[0;39m[33m19:56:18.828[0;39m [AsyncResolver-bootstrap-executor-0] [34mINFO [0;39m [36mc.n.d.s.r.aws.ConfigClusterResolver[0;39m - [32mResolving eureka endpoints via configuration
[0;39m[33m20:01:18.919[0;39m [AsyncResolver-bootstrap-executor-0] [34mINFO [0;39m [36mc.n.d.s.r.aws.ConfigClusterResolver[0;39m - [32mResolving eureka endpoints via configuration
[0;39m[33m20:06:19.095[0;39m [AsyncResolver-bootstrap-executor-0] [34mINFO [0;39m [36mc.n.d.s.r.aws.ConfigClusterResolver[0;39m - [32mResolving eureka endpoints via configuration
[0;39m[33m20:11:19.100[0;39m [AsyncResolver-bootstrap-executor-0] [34mINFO [0;39m [36mc.n.d.s.r.aws.ConfigClusterResolver[0;39m - [32mResolving eureka endpoints via configuration
[0;39m[33m20:16:19.103[0;39m [AsyncResolver-bootstrap-executor-0] [34mINFO [0;39m [36mc.n.d.s.r.aws.ConfigClusterResolver[0;39m - [32mResolving eureka endpoints via configuration
[0;39m[33m20:21:19.113[0;39m [AsyncResolver-bootstrap-executor-0] [34mINFO [0;39m [36mc.n.d.s.r.aws.ConfigClusterResolver[0;39m - [32mResolving eureka endpoints via configuration
[0;39m[33m20:26:19.120[0;39m [AsyncResolver-bootstrap-executor-0] [34mINFO [0;39m [36mc.n.d.s.r.aws.ConfigClusterResolver[0;39m - [32mResolving eureka endpoints via configuration
[0;39m[33m20:31:19.153[0;39m [AsyncResolver-bootstrap-executor-0] [34mINFO [0;39m [36mc.n.d.s.r.aws.ConfigClusterResolver[0;39m - [32mResolving eureka endpoints via configuration
[0;39m[33m20:36:19.166[0;39m [AsyncResolver-bootstrap-executor-0] [34mINFO [0;39m [36mc.n.d.s.r.aws.ConfigClusterResolver[0;39m - [32mResolving eureka endpoints via configuration
[0;39m[33m20:41:19.184[0;39m [AsyncResolver-bootstrap-executor-0] [34mINFO [0;39m [36mc.n.d.s.r.aws.ConfigClusterResolver[0;39m - [32mResolving eureka endpoints via configuration
[0;39m[33m20:46:19.200[0;39m [AsyncResolver-bootstrap-executor-0] [34mINFO [0;39m [36mc.n.d.s.r.aws.ConfigClusterResolver[0;39m - [32mResolving eureka endpoints via configuration
[0;39m[33m20:51:19.234[0;39m [AsyncResolver-bootstrap-executor-0] [34mINFO [0;39m [36mc.n.d.s.r.aws.ConfigClusterResolver[0;39m - [32mResolving eureka endpoints via configuration
[0;39m[33m20:56:19.244[0;39m [AsyncResolver-bootstrap-executor-0] [34mINFO [0;39m [36mc.n.d.s.r.aws.ConfigClusterResolver[0;39m - [32mResolving eureka endpoints via configuration
[0;39m[33m20:58:35.679[0;39m [http-nio-5001-exec-8] [1;31mERROR[0;39m [36mm.controllers.ReviewController[0;39m - [32mReview with Id 20 doesn't exists
[0;39m[33m21:01:19.248[0;39m [AsyncResolver-bootstrap-executor-0] [34mINFO [0;39m [36mc.n.d.s.r.aws.ConfigClusterResolver[0;39m - [32mResolving eureka endpoints via configuration
[0;39m[33m21:06:19.282[0;39m [AsyncResolver-bootstrap-executor-0] [34mINFO [0;39m [36mc.n.d.s.r.aws.ConfigClusterResolver[0;39m - [32mResolving eureka endpoints via configuration
[0;39m[33m21:11:19.295[0;39m [AsyncResolver-bootstrap-executor-0] [34mINFO [0;39m [36mc.n.d.s.r.aws.ConfigClusterResolver[0;39m - [32mResolving eureka endpoints via configuration
[0;39m[33m21:16:19.332[0;39m [AsyncResolver-bootstrap-executor-0] [34mINFO [0;39m [36mc.n.d.s.r.aws.ConfigClusterResolver[0;39m - [32mResolving eureka endpoints via configuration
[0;39m[33m21:20:42.789[0;39m [restartedMain] [34mINFO [0;39m [36mm.MovieDataServiceApplication[0;39m - [32mStarting MovieDataServiceApplication using Java 1.8.0_291 on LAPTOP-F31M9K39 with PID 18848 (D:\Java Projects\movie-microservices\movie-data-service\target\classes started by lenono in D:\Java Projects\movie-microservices\movie-data-service)
[0;39m[33m21:20:42.820[0;39m [restartedMain] [39mDEBUG[0;39m [36mm.MovieDataServiceApplication[0;39m - [32mRunning with Spring Boot v2.4.5, Spring v5.3.6
[0;39m[33m21:20:42.821[0;39m [restartedMain] [34mINFO [0;39m [36mm.MovieDataServiceApplication[0;39m - [32mNo active profile set, falling back to default profiles: default
[0;39m[33m21:20:42.947[0;39m [restartedMain] [34mINFO [0;39m [36mo.s.b.d.restart.ChangeableUrls[0;39m - [32mThe Class-Path manifest attribute in C:\Users\lenono\.m2\repository\org\glassfish\hk2\hk2\2.6.1\hk2-2.6.1.jar referenced one or more files that do not exist: file:/C:/Users/lenono/.m2/repository/org/glassfish/hk2/hk2/2.6.1/hk2-utils.jar,file:/C:/Users/lenono/.m2/repository/org/glassfish/hk2/hk2/2.6.1/jakarta.annotation-api.jar,file:/C:/Users/lenono/.m2/repository/org/glassfish/hk2/hk2/2.6.1/jakarta.inject.jar,file:/C:/Users/lenono/.m2/repository/org/glassfish/hk2/hk2/2.6.1/hk2-api.jar,file:/C:/Users/lenono/.m2/repository/org/glassfish/hk2/hk2/2.6.1/aopalliance-repackaged.jar,file:/C:/Users/lenono/.m2/repository/org/glassfish/hk2/hk2/2.6.1/hk2-core.jar,file:/C:/Users/lenono/.m2/repository/org/glassfish/hk2/hk2/2.6.1/hk2-locator.jar,file:/C:/Users/lenono/.m2/repository/org/glassfish/hk2/hk2/2.6.1/javassist.jar,file:/C:/Users/lenono/.m2/repository/org/glassfish/hk2/hk2/2.6.1/hk2-runlevel.jar,file:/C:/Users/lenono/.m2/repository/org/glassfish/hk2/hk2/2.6.1/class-model.jar,file:/C:/Users/lenono/.m2/repository/org/glassfish/hk2/hk2/2.6.1/asm.jar,file:/C:/Users/lenono/.m2/repository/org/glassfish/hk2/hk2/2.6.1/asm-analysis.jar,file:/C:/Users/lenono/.m2/repository/org/glassfish/hk2/hk2/2.6.1/asm-commons.jar,file:/C:/Users/lenono/.m2/repository/org/glassfish/hk2/hk2/2.6.1/asm-tree.jar,file:/C:/Users/lenono/.m2/repository/org/glassfish/hk2/hk2/2.6.1/asm-util.jar
[0;39m[33m21:20:42.947[0;39m [restartedMain] [34mINFO [0;39m [36mo.s.b.d.restart.ChangeableUrls[0;39m - [32mThe Class-Path manifest attribute in C:\Users\lenono\.m2\repository\com\oracle\database\jdbc\ojdbc8\19.8.0.0\ojdbc8-19.8.0.0.jar referenced one or more files that do not exist: file:/C:/Users/lenono/.m2/repository/com/oracle/database/jdbc/ojdbc8/19.8.0.0/oraclepki.jar
[0;39m[33m21:20:42.948[0;39m [restartedMain] [34mINFO [0;39m [36mo.s.b.d.e.DevToolsPropertyDefaultsPostProcessor[0;39m - [32mDevtools property defaults active! Set 'spring.devtools.add-properties' to 'false' to disable
[0;39m[33m21:20:42.948[0;39m [restartedMain] [34mINFO [0;39m [36mo.s.b.d.e.DevToolsPropertyDefaultsPostProcessor[0;39m - [32mFor additional web related logging consider setting the 'logging.level.web' property to 'DEBUG'
[0;39m[33m21:20:45.431[0;39m [restartedMain] [34mINFO [0;39m [36mo.s.d.r.c.RepositoryConfigurationDelegate[0;39m - [32mMultiple Spring Data modules found, entering strict repository configuration mode!
[0;39m[33m21:20:45.434[0;39m [restartedMain] [34mINFO [0;39m [36mo.s.d.r.c.RepositoryConfigurationDelegate[0;39m - [32mBootstrapping Spring Data JDBC repositories in DEFAULT mode.
[0;39m[33m21:20:45.546[0;39m [restartedMain] [34mINFO [0;39m [36mo.s.d.r.c.RepositoryConfigurationExtensionSupport[0;39m - [32mSpring Data JDBC - Could not safely identify store assignment for repository candidate interface movieDataService.repositories.MovieRepository. If you want this repository to be a JDBC repository, consider annotating your entities with one of these annotations: org.springframework.data.relational.core.mapping.Table.
[0;39m[33m21:20:45.556[0;39m [restartedMain] [34mINFO [0;39m [36mo.s.d.r.c.RepositoryConfigurationExtensionSupport[0;39m - [32mSpring Data JDBC - Could not safely identify store assignment for repository candidate interface movieDataService.repositories.ReviewRepository. If you want this repository to be a JDBC repository, consider annotating your entities with one of these annotations: org.springframework.data.relational.core.mapping.Table.
[0;39m[33m21:20:45.559[0;39m [restartedMain] [34mINFO [0;39m [36mo.s.d.r.c.RepositoryConfigurationDelegate[0;39m - [32mFinished Spring Data repository scanning in 119 ms. Found 0 JDBC repository interfaces.
[0;39m[33m21:20:45.596[0;39m [restartedMain] [34mINFO [0;39m [36mo.s.d.r.c.RepositoryConfigurationDelegate[0;39m - [32mMultiple Spring Data modules found, entering strict repository configuration mode!
[0;39m[33m21:20:45.601[0;39m [restartedMain] [34mINFO [0;39m [36mo.s.d.r.c.RepositoryConfigurationDelegate[0;39m - [32mBootstrapping Spring Data JPA repositories in DEFAULT mode.
[0;39m[33m21:20:46.026[0;39m [restartedMain] [34mINFO [0;39m [36mo.s.d.r.c.RepositoryConfigurationDelegate[0;39m - [32mFinished Spring Data repository scanning in 403 ms. Found 2 JPA repository interfaces.
[0;39m[33m21:20:46.630[0;39m [restartedMain] [34mINFO [0;39m [36mo.s.cloud.context.scope.GenericScope[0;39m - [32mBeanFactory id=493eace5-130a-3b11-b77e-13958bf6c841
[0;39m[33m21:20:51.054[0;39m [restartedMain] [34mINFO [0;39m [36mo.s.b.w.e.tomcat.TomcatWebServer[0;39m - [32mTomcat initialized with port(s): 5001 (http)
[0;39m[33m21:20:51.103[0;39m [restartedMain] [34mINFO [0;39m [36mo.a.catalina.core.StandardService[0;39m - [32mStarting service [Tomcat]
[0;39m[33m21:20:51.104[0;39m [restartedMain] [34mINFO [0;39m [36mo.a.catalina.core.StandardEngine[0;39m - [32mStarting Servlet engine: [Apache Tomcat/9.0.45]
[0;39m[33m21:20:51.419[0;39m [restartedMain] [34mINFO [0;39m [36mo.a.c.c.C.[Tomcat].[localhost].[/][0;39m - [32mInitializing Spring embedded WebApplicationContext
[0;39m[33m21:20:51.419[0;39m [restartedMain] [34mINFO [0;39m [36mo.s.b.w.s.c.ServletWebServerApplicationContext[0;39m - [32mRoot WebApplicationContext: initialization completed in 8471 ms
[0;39m[33m21:20:52.490[0;39m [restartedMain] [34mINFO [0;39m [36mo.h.jpa.internal.util.LogHelper[0;39m - [32mHHH000204: Processing PersistenceUnitInfo [name: default]
[0;39m[33m21:20:52.601[0;39m [restartedMain] [34mINFO [0;39m [36morg.hibernate.Version[0;39m - [32mHHH000412: Hibernate ORM core version 5.4.30.Final
[0;39m[33m21:20:52.851[0;39m [restartedMain] [34mINFO [0;39m [36mo.h.annotations.common.Version[0;39m - [32mHCANN000001: Hibernate Commons Annotations {5.1.2.Final}
[0;39m[33m21:20:53.071[0;39m [restartedMain] [34mINFO [0;39m [36mcom.zaxxer.hikari.HikariDataSource[0;39m - [32mHikariPool-1 - Starting...
[0;39m[33m21:20:54.312[0;39m [restartedMain] [34mINFO [0;39m [36mcom.zaxxer.hikari.HikariDataSource[0;39m - [32mHikariPool-1 - Start completed.
[0;39m[33m21:20:54.347[0;39m [restartedMain] [34mINFO [0;39m [36morg.hibernate.dialect.Dialect[0;39m - [32mHHH000400: Using dialect: org.hibernate.dialect.Oracle10gDialect
[0;39m[33m21:20:57.349[0;39m [restartedMain] [34mINFO [0;39m [36mo.h.e.t.j.p.i.JtaPlatformInitiator[0;39m - [32mHHH000490: Using JtaPlatform implementation: [org.hibernate.engine.transaction.jta.platform.internal.NoJtaPlatform]
[0;39m[33m21:20:57.447[0;39m [restartedMain] [34mINFO [0;39m [36mo.s.o.j.LocalContainerEntityManagerFactoryBean[0;39m - [32mInitialized JPA EntityManagerFactory for persistence unit 'default'
[0;39m[33m21:20:57.485[0;39m [restartedMain] [34mINFO [0;39m [36mo.s.b.d.a.OptionalLiveReloadServer[0;39m - [32mLiveReload server is running on port 35729
[0;39m[33m21:20:58.060[0;39m [restartedMain] [31mWARN [0;39m [36mo.s.b.a.o.j.JpaBaseConfiguration$JpaWebConfiguration[0;39m - [32mspring.jpa.open-in-view is enabled by default. Therefore, database queries may be performed during view rendering. Explicitly configure spring.jpa.open-in-view to disable this warning
[0;39m[33m21:20:58.223[0;39m [restartedMain] [34mINFO [0;39m [36mo.s.s.c.ThreadPoolTaskExecutor[0;39m - [32mInitializing ExecutorService 'applicationTaskExecutor'
[0;39m[33m21:20:58.956[0;39m [restartedMain] [34mINFO [0;39m [36mo.s.c.n.e.c.DiscoveryClientOptionalArgsConfiguration[0;39m - [32mEureka HTTP Client uses RestTemplate.
[0;39m[33m21:20:59.412[0;39m [restartedMain] [31mWARN [0;39m [36mo.s.c.l.c.LoadBalancerCacheAutoConfiguration$LoadBalancerCaffeineWarnLogger[0;39m - [32mSpring Cloud LoadBalancer is currently working with the default cache. You can switch to using Caffeine cache, by adding it to the classpath.
[0;39m[33m21:20:59.434[0;39m [restartedMain] [34mINFO [0;39m [36mo.s.c.n.eureka.InstanceInfoFactory[0;39m - [32mSetting initial instance status as: STARTING
[0;39m[33m21:20:59.555[0;39m [restartedMain] [34mINFO [0;39m [36mc.netflix.discovery.DiscoveryClient[0;39m - [32mInitializing Eureka in region us-east-1
[0;39m[33m21:20:59.559[0;39m [restartedMain] [34mINFO [0;39m [36mc.n.d.s.r.aws.ConfigClusterResolver[0;39m - [32mResolving eureka endpoints via configuration
[0;39m[33m21:20:59.799[0;39m [restartedMain] [34mINFO [0;39m [36mc.netflix.discovery.DiscoveryClient[0;39m - [32mDisable delta property : false
[0;39m[33m21:20:59.800[0;39m [restartedMain] [34mINFO [0;39m [36mc.netflix.discovery.DiscoveryClient[0;39m - [32mSingle vip registry refresh property : null
[0;39m[33m21:20:59.800[0;39m [restartedMain] [34mINFO [0;39m [36mc.netflix.discovery.DiscoveryClient[0;39m - [32mForce full registry fetch : false
[0;39m[33m21:20:59.800[0;39m [restartedMain] [34mINFO [0;39m [36mc.netflix.discovery.DiscoveryClient[0;39m - [32mApplication is null : false
[0;39m[33m21:20:59.800[0;39m [restartedMain] [34mINFO [0;39m [36mc.netflix.discovery.DiscoveryClient[0;39m - [32mRegistered Applications size is zero : true
[0;39m[33m21:20:59.800[0;39m [restartedMain] [34mINFO [0;39m [36mc.netflix.discovery.DiscoveryClient[0;39m - [32mApplication version is -1: true
[0;39m[33m21:20:59.800[0;39m [restartedMain] [34mINFO [0;39m [36mc.netflix.discovery.DiscoveryClient[0;39m - [32mGetting all instance registry info from the eureka server
[0;39m[33m21:21:00.123[0;39m [restartedMain] [34mINFO [0;39m [36mc.netflix.discovery.DiscoveryClient[0;39m - [32mThe response status is 200
[0;39m[33m21:21:00.127[0;39m [restartedMain] [34mINFO [0;39m [36mc.netflix.discovery.DiscoveryClient[0;39m - [32mStarting heartbeat executor: renew interval is: 30
[0;39m[33m21:21:00.130[0;39m [restartedMain] [34mINFO [0;39m [36mc.n.discovery.InstanceInfoReplicator[0;39m - [32mInstanceInfoReplicator onDemand update allowed rate per min is 4
[0;39m[33m21:21:00.136[0;39m [restartedMain] [34mINFO [0;39m [36mc.netflix.discovery.DiscoveryClient[0;39m - [32mDiscovery Client initialized at timestamp 1622303460135 with initial instances count: 3
[0;39m[33m21:21:00.138[0;39m [restartedMain] [34mINFO [0;39m [36mo.s.c.n.e.s.EurekaServiceRegistry[0;39m - [32mRegistering application MOVIE-DATA-SERVICE with eureka with status UP
[0;39m[33m21:21:00.138[0;39m [restartedMain] [34mINFO [0;39m [36mc.netflix.discovery.DiscoveryClient[0;39m - [32mSaw local status change event StatusChangeEvent [timestamp=1622303460138, current=UP, previous=STARTING]
[0;39m[33m21:21:00.140[0;39m [DiscoveryClient-InstanceInfoReplicator-0] [34mINFO [0;39m [36mc.netflix.discovery.DiscoveryClient[0;39m - [32mDiscoveryClient_MOVIE-DATA-SERVICE/LAPTOP-F31M9K39:movie-data-service:5001: registering service...
[0;39m[33m21:21:00.227[0;39m [restartedMain] [34mINFO [0;39m [36mo.s.b.w.e.tomcat.TomcatWebServer[0;39m - [32mTomcat started on port(s): 5001 (http) with context path ''
[0;39m[33m21:21:00.228[0;39m [restartedMain] [34mINFO [0;39m [36mo.s.c.n.e.s.EurekaAutoServiceRegistration[0;39m - [32mUpdating port to 5001
[0;39m[33m21:21:00.295[0;39m [DiscoveryClient-InstanceInfoReplicator-0] [34mINFO [0;39m [36mc.netflix.discovery.DiscoveryClient[0;39m - [32mDiscoveryClient_MOVIE-DATA-SERVICE/LAPTOP-F31M9K39:movie-data-service:5001 - registration status: 204
[0;39m[33m21:21:00.582[0;39m [restartedMain] [34mINFO [0;39m [36mm.MovieDataServiceApplication[0;39m - [32mStarted MovieDataServiceApplication in 20.054 seconds (JVM running for 21.357)
[0;39m[33m21:25:59.813[0;39m [AsyncResolver-bootstrap-executor-0] [34mINFO [0;39m [36mc.n.d.s.r.aws.ConfigClusterResolver[0;39m - [32mResolving eureka endpoints via configuration
[0;39m[33m21:30:59.819[0;39m [AsyncResolver-bootstrap-executor-0] [34mINFO [0;39m [36mc.n.d.s.r.aws.ConfigClusterResolver[0;39m - [32mResolving eureka endpoints via configuration
[0;39m[33m21:35:54.617[0;39m [http-nio-5001-exec-4] [34mINFO [0;39m [36mm.controllers.MovieController[0;39m - [32mMovie Id: 3
[0;39m[33m21:35:54.941[0;39m [http-nio-5001-exec-4] [1;31mERROR[0;39m [36mm.controllers.MovieController[0;39m - [32mMovie with id = 3 Does not exists
[0;39m[33m21:35:59.827[0;39m [AsyncResolver-bootstrap-executor-0] [34mINFO [0;39m [36mc.n.d.s.r.aws.ConfigClusterResolver[0;39m - [32mResolving eureka endpoints via configuration
[0;39m[33m21:36:00.346[0;39m [http-nio-5001-exec-5] [34mINFO [0;39m [36mm.controllers.MovieController[0;39m - [32mMovie Id: 3
[0;39m[33m21:36:00.352[0;39m [http-nio-5001-exec-5] [1;31mERROR[0;39m [36mm.controllers.MovieController[0;39m - [32mMovie with id = 3 Does not exists
[0;39m[33m21:36:18.775[0;39m [http-nio-5001-exec-6] [34mINFO [0;39m [36mm.controllers.MovieController[0;39m - [32mMovie Id: 8
[0;39m[33m21:40:59.835[0;39m [AsyncResolver-bootstrap-executor-0] [34mINFO [0;39m [36mc.n.d.s.r.aws.ConfigClusterResolver[0;39m - [32mResolving eureka endpoints via configuration
[0;39m[33m21:45:59.925[0;39m [AsyncResolver-bootstrap-executor-0] [34mINFO [0;39m [36mc.n.d.s.r.aws.ConfigClusterResolver[0;39m - [32mResolving eureka endpoints via configuration
[0;39m[33m21:50:42.484[0;39m [http-nio-5001-exec-8] [34mINFO [0;39m [36mm.controllers.MovieController[0;39m - [32mMovie Id: 8
[0;39m[33m21:50:59.940[0;39m [AsyncResolver-bootstrap-executor-0] [34mINFO [0;39m [36mc.n.d.s.r.aws.ConfigClusterResolver[0;39m - [32mResolving eureka endpoints via configuration
[0;39m[33m21:51:52.213[0;39m [http-nio-5001-exec-10] [34mINFO [0;39m [36mm.controllers.MovieController[0;39m - [32mMovie Id: 8
[0;39m[33m21:53:47.741[0;39m [http-nio-5001-exec-2] [34mINFO [0;39m [36mm.controllers.MovieController[0;39m - [32mMovie Id: 8
[0;39m[33m21:55:59.983[0;39m [AsyncResolver-bootstrap-executor-0] [34mINFO [0;39m [36mc.n.d.s.r.aws.ConfigClusterResolver[0;39m - [32mResolving eureka endpoints via configuration
[0;39m[33m22:52:40.756[0;39m [HikariPool-1 housekeeper] [31mWARN [0;39m [36mcom.zaxxer.hikari.pool.HikariPool[0;39m - [32mHikariPool-1 - Thread starvation or clock leap detected (housekeeper delta=54m15s691ms183Âµs900ns).
[0;39m[33m22:54:45.698[0;39m [AsyncResolver-bootstrap-executor-0] [34mINFO [0;39m [36mc.n.d.s.r.aws.ConfigClusterResolver[0;39m - [32mResolving eureka endpoints via configuration
[0;39m[33m22:59:45.740[0;39m [AsyncResolver-bootstrap-executor-0] [34mINFO [0;39m [36mc.n.d.s.r.aws.ConfigClusterResolver[0;39m - [32mResolving eureka endpoints via configuration
[0;39m[33m23:04:45.753[0;39m [AsyncResolver-bootstrap-executor-0] [34mINFO [0;39m [36mc.n.d.s.r.aws.ConfigClusterResolver[0;39m - [32mResolving eureka endpoints via configuration
[0;39m[33m23:08:18.218[0;39m [http-nio-5001-exec-4] [34mINFO [0;39m [36mm.controllers.MovieController[0;39m - [32mMovie Id: 8
[0;39m[33m23:08:27.965[0;39m [http-nio-5001-exec-5] [34mINFO [0;39m [36mm.controllers.MovieController[0;39m - [32mMovie Id: 9
[0;39m[33m23:08:28.016[0;39m [http-nio-5001-exec-5] [1;31mERROR[0;39m [36mm.controllers.MovieController[0;39m - [32mMovie with id = 9 Does not exists
[0;39m[33m23:09:45.768[0;39m [AsyncResolver-bootstrap-executor-0] [34mINFO [0;39m [36mc.n.d.s.r.aws.ConfigClusterResolver[0;39m - [32mResolving eureka endpoints via configuration
[0;39m[33m23:14:45.771[0;39m [AsyncResolver-bootstrap-executor-0] [34mINFO [0;39m [36mc.n.d.s.r.aws.ConfigClusterResolver[0;39m - [32mResolving eureka endpoints via configuration
[0;39m[33m23:14:54.882[0;39m [http-nio-5001-exec-6] [34mINFO [0;39m [36mm.controllers.MovieController[0;39m - [32mMovie Id: 8
[0;39m[33m23:14:59.815[0;39m [http-nio-5001-exec-7] [34mINFO [0;39m [36mm.controllers.MovieController[0;39m - [32mMovie Id: 9
[0;39m[33m23:14:59.867[0;39m [http-nio-5001-exec-7] [1;31mERROR[0;39m [36mm.controllers.MovieController[0;39m - [32mMovie with id = 9 Does not exists
[0;39m[33m23:15:42.256[0;39m [http-nio-5001-exec-8] [34mINFO [0;39m [36mm.controllers.MovieController[0;39m - [32mMovie Id: 9
[0;39m[33m23:15:42.270[0;39m [http-nio-5001-exec-8] [1;31mERROR[0;39m [36mm.controllers.MovieController[0;39m - [32mMovie with id = 9 Does not exists
[0;39m[33m23:18:26.398[0;39m [http-nio-5001-exec-10] [1;31mERROR[0;39m [36mm.controllers.ReviewController[0;39m - [32mMovie with Id 9 doesn't exists
[0;39m[33m23:18:36.194[0;39m [http-nio-5001-exec-1] [34mINFO [0;39m [36mm.controllers.MovieController[0;39m - [32mMovie Id: 9
[0;39m[33m23:18:36.247[0;39m [http-nio-5001-exec-1] [1;31mERROR[0;39m [36mm.controllers.MovieController[0;39m - [32mMovie with id = 9 Does not exists
[0;39m[33m23:19:45.796[0;39m [AsyncResolver-bootstrap-executor-0] [34mINFO [0;39m [36mc.n.d.s.r.aws.ConfigClusterResolver[0;39m - [32mResolving eureka endpoints via configuration
[0;39m[33m23:24:45.804[0;39m [AsyncResolver-bootstrap-executor-0] [34mINFO [0;39m [36mc.n.d.s.r.aws.ConfigClusterResolver[0;39m - [32mResolving eureka endpoints via configuration
[0;39m[33m23:29:45.818[0;39m [AsyncResolver-bootstrap-executor-0] [34mINFO [0;39m [36mc.n.d.s.r.aws.ConfigClusterResolver[0;39m - [32mResolving eureka endpoints via configuration
[0;39m[33m23:34:45.826[0;39m [AsyncResolver-bootstrap-executor-0] [34mINFO [0;39m [36mc.n.d.s.r.aws.ConfigClusterResolver[0;39m - [32mResolving eureka endpoints via configuration
[0;39m[33m23:39:45.878[0;39m [AsyncResolver-bootstrap-executor-0] [34mINFO [0;39m [36mc.n.d.s.r.aws.ConfigClusterResolver[0;39m - [32mResolving eureka endpoints via configuration
[0;39m